<?xml version="1.0" encoding="utf-8"?>
<shfbBuild product="Sandcastle Help File Builder and Tools" version="2017.5.15.0" projectFile="C:\Users\hallam\Work\buildtools\Documentation\FrameworkLibraries\FrameworkLibraries.shfbproj" started="9/19/2017 10:29:25 PM">
<buildStep step="Initializing">
Finding tools...
The Sandcastle tools are located in &#39;C:\Program Files (x86)\EWSoftware\Sandcastle Help File Builder\&#39;
Found HTML Help 1 compiler in &#39;C:\Program Files (x86)\HTML Help Workshop\&#39;
Locating components in the following folder(s):
    C:\Users\hallam\Work\buildtools\Documentation\FrameworkLibraries
    C:\ProgramData\EWSoftware\Sandcastle Help File Builder\Components and Plug-Ins\
    C:\Program Files (x86)\EWSoftware\Sandcastle Help File Builder\
Using framework reflection data for &#39;.NET Framework 4.6.2&#39; located in &#39;C:\Program Files (x86)\EWSoftware\Sandcastle Help File Builder\Data\.NETFramework&#39;
Using presentation style &#39;VS2013&#39; located in &#39;C:\Program Files (x86)\EWSoftware\Sandcastle Help File Builder\PresentationStyles\VS2013&#39;
Loading and initializing plug-ins...
Assembly Binding Redirection Version 2017.5.15.0
Copyright &#169; 2006-2017, Eric Woodruff, All Rights Reserved
-------------------------------
Clearing any prior web/markdown output...
</buildStep>
<buildStep step="ValidatingDocumentationSources">
Validating and copying documentation source information
Source: C:\Users\hallam\Work\buildtools\Libraries\Goedel.Cryptography.Framework\Goedel.Cryptography.Framework.csproj
    Found project &#39;C:\Users\hallam\Work\buildtools\Libraries\Goedel.Cryptography.Framework\Goedel.Cryptography.Framework.csproj&#39;
Source: C:\Users\hallam\Work\buildtools\Libraries\Goedel.Cryptography.Framework\bin\Publish\Goedel.Cryptography.Framework.XML
Source: C:\Users\hallam\Work\buildtools\Libraries\Goedel.Cryptography.Framework\bin\Publish\Goedel.Cryptography.Framework.dll
    Found assembly &#39;C:\Users\hallam\Work\buildtools\Libraries\Goedel.Cryptography.Framework\bin\Publish\Goedel.Cryptography.Framework.dll&#39;
Source: C:\Users\hallam\Work\buildtools\Libraries\Goedel.Cryptography.KeyFile\Goedel.Cryptography.KeyFile.csproj
    Found project &#39;C:\Users\hallam\Work\buildtools\Libraries\Goedel.Cryptography.KeyFile\Goedel.Cryptography.KeyFile.csproj&#39;
Source: C:\Users\hallam\Work\buildtools\Libraries\Goedel.Cryptography.KeyFile\bin\Publish\Goedel.Cryptography.KeyFile.XML
Source: C:\Users\hallam\Work\buildtools\Libraries\Goedel.Cryptography.KeyFile\bin\Publish\Goedel.Cryptography.KeyFile.dll
    Found assembly &#39;C:\Users\hallam\Work\buildtools\Libraries\Goedel.Cryptography.KeyFile\bin\Publish\Goedel.Cryptography.KeyFile.dll&#39;
Source: C:\Users\hallam\Work\buildtools\Libraries\Goedel.IO\Goedel.IO.csproj
    Found project &#39;C:\Users\hallam\Work\buildtools\Libraries\Goedel.IO\Goedel.IO.csproj&#39;
Source: C:\Users\hallam\Work\buildtools\Libraries\Goedel.IO\bin\Publish\Goedel.IO.XML
Source: C:\Users\hallam\Work\buildtools\Libraries\Goedel.IO\bin\Publish\Goedel.IO.dll
    Found assembly &#39;C:\Users\hallam\Work\buildtools\Libraries\Goedel.IO\bin\Publish\Goedel.IO.dll&#39;
Source: C:\Users\hallam\Work\buildtools\Libraries\Goedel.Platform.Framework\Goedel.Platform.Framework.csproj
    Found project &#39;C:\Users\hallam\Work\buildtools\Libraries\Goedel.Platform.Framework\Goedel.Platform.Framework.csproj&#39;
Source: C:\Users\hallam\Work\buildtools\Libraries\Goedel.Platform.Framework\bin\Publish\Goedel.Platform.Framework.XML
Source: C:\Users\hallam\Work\buildtools\Libraries\Goedel.Platform.Framework\bin\Publish\Goedel.Platform.Framework.dll
    Found assembly &#39;C:\Users\hallam\Work\buildtools\Libraries\Goedel.Platform.Framework\bin\Publish\Goedel.Platform.Framework.dll&#39;
Source: C:\Users\hallam\Work\buildtools\Libraries\Goedel.Protocol.Debug\Goedel.Protocol.Debug.csproj
    Found project &#39;C:\Users\hallam\Work\buildtools\Libraries\Goedel.Protocol.Debug\Goedel.Protocol.Debug.csproj&#39;
Source: C:\Users\hallam\Work\buildtools\Libraries\Goedel.Protocol.Debug\bin\Publish\Goedel.Protocol.Debug.XML
Source: C:\Users\hallam\Work\buildtools\Libraries\Goedel.Protocol.Debug\bin\Publish\Goedel.Protocol.Debug.dll
    Found assembly &#39;C:\Users\hallam\Work\buildtools\Libraries\Goedel.Protocol.Debug\bin\Publish\Goedel.Protocol.Debug.dll&#39;
Source: C:\Users\hallam\Work\buildtools\Libraries\Goedel.Registry\Goedel.Registry.csproj
    Found project &#39;C:\Users\hallam\Work\buildtools\Libraries\Goedel.Registry\Goedel.Registry.csproj&#39;
Source: C:\Users\hallam\Work\buildtools\Libraries\Goedel.Registry\bin\Publish\Goedel.Registry.XML
Source: C:\Users\hallam\Work\buildtools\Libraries\Goedel.Registry\bin\Publish\Goedel.Registry.dll
    Found assembly &#39;C:\Users\hallam\Work\buildtools\Libraries\Goedel.Registry\bin\Publish\Goedel.Registry.dll&#39;
Source: C:\Users\hallam\Work\buildtools\Libraries\Goedel.Protocol.Framework\Goedel.Protocol.Framework.csproj
    Found project &#39;C:\Users\hallam\Work\buildtools\Libraries\Goedel.Protocol.Framework\Goedel.Protocol.Framework.csproj&#39;
Source: C:\Users\hallam\Work\buildtools\Libraries\Goedel.Protocol.Framework\bin\Publish\Goedel.Protocol.Framework.xml
Source: C:\Users\hallam\Work\buildtools\Libraries\Goedel.Protocol.Framework\bin\Publish\Goedel.Protocol.Framework.dll
    Found assembly &#39;C:\Users\hallam\Work\buildtools\Libraries\Goedel.Protocol.Framework\bin\Publish\Goedel.Protocol.Framework.dll&#39;

Parsing project files
    Ignoring duplicate assembly file &#39;C:\Users\hallam\Work\buildtools\Libraries\Goedel.Cryptography.Framework\bin\Publish\Goedel.Cryptography.Framework.dll&#39;
    Ignoring duplicate comments file &#39;C:\Users\hallam\Work\buildtools\Libraries\Goedel.Cryptography.Framework\bin\Publish\Goedel.Cryptography.Framework.XML&#39;
    Ignoring duplicate assembly file &#39;C:\Users\hallam\Work\buildtools\Libraries\Goedel.Cryptography.KeyFile\bin\Publish\Goedel.Cryptography.KeyFile.dll&#39;
    Ignoring duplicate comments file &#39;C:\Users\hallam\Work\buildtools\Libraries\Goedel.Cryptography.KeyFile\bin\Publish\Goedel.Cryptography.KeyFile.XML&#39;
    Ignoring duplicate assembly file &#39;C:\Users\hallam\Work\buildtools\Libraries\Goedel.IO\bin\Publish\Goedel.IO.dll&#39;
    Ignoring duplicate comments file &#39;C:\Users\hallam\Work\buildtools\Libraries\Goedel.IO\bin\Publish\Goedel.IO.XML&#39;
    Found assembly &#39;C:\Users\hallam\Work\buildtools\Libraries\Goedel.Platform.Framework\bin\Release\Goedel.Platform.Framework.dll&#39;
    Found assembly &#39;C:\Users\hallam\Work\buildtools\Libraries\Goedel.Protocol.Debug\bin\Release\Goedel.Protocol.Debug.dll&#39;
    Ignoring duplicate assembly file &#39;C:\Users\hallam\Work\buildtools\Libraries\Goedel.Registry\bin\Publish\Goedel.Registry.dll&#39;
    Ignoring duplicate comments file &#39;C:\Users\hallam\Work\buildtools\Libraries\Goedel.Registry\bin\Publish\Goedel.Registry.XML&#39;
    Found assembly &#39;C:\Users\hallam\Work\buildtools\Libraries\Goedel.Protocol.Framework\bin\Release\Goedel.Protocol.Framework.dll&#39;

References to include (excluding framework assemblies):
    None

Copying XML comments files
    C:\Users\hallam\Work\buildtools\Libraries\Goedel.Cryptography.Framework\bin\Publish\Goedel.Cryptography.Framework.XML -&gt; C:\Users\hallam\Work\mmm\Documentation\MeshLibraries\Help\Working\C14C8A93\Goedel.Cryptography.Framework.XML
    C:\Users\hallam\Work\buildtools\Libraries\Goedel.Cryptography.KeyFile\bin\Publish\Goedel.Cryptography.KeyFile.XML -&gt; C:\Users\hallam\Work\mmm\Documentation\MeshLibraries\Help\Working\C14C8A93\Goedel.Cryptography.KeyFile.XML
    C:\Users\hallam\Work\buildtools\Libraries\Goedel.IO\bin\Publish\Goedel.IO.XML -&gt; C:\Users\hallam\Work\mmm\Documentation\MeshLibraries\Help\Working\C14C8A93\Goedel.IO.XML
    C:\Users\hallam\Work\buildtools\Libraries\Goedel.Platform.Framework\bin\Publish\Goedel.Platform.Framework.XML -&gt; C:\Users\hallam\Work\mmm\Documentation\MeshLibraries\Help\Working\C14C8A93\Goedel.Platform.Framework.XML
    C:\Users\hallam\Work\buildtools\Libraries\Goedel.Protocol.Debug\bin\Publish\Goedel.Protocol.Debug.XML -&gt; C:\Users\hallam\Work\mmm\Documentation\MeshLibraries\Help\Working\C14C8A93\Goedel.Protocol.Debug.XML
    C:\Users\hallam\Work\buildtools\Libraries\Goedel.Registry\bin\Publish\Goedel.Registry.XML -&gt; C:\Users\hallam\Work\mmm\Documentation\MeshLibraries\Help\Working\C14C8A93\Goedel.Registry.XML
    C:\Users\hallam\Work\buildtools\Libraries\Goedel.Protocol.Framework\bin\Publish\Goedel.Protocol.Framework.xml -&gt; C:\Users\hallam\Work\mmm\Documentation\MeshLibraries\Help\Working\C14C8A93\Goedel.Protocol.Framework.xml
</buildStep>
<buildStep step="GenerateSharedContent">
Generating shared content files (en-US, English (United States))...
    Last step completed in 00:00:00.0190
</buildStep>
<buildStep step="GenerateApiFilter">
Generating API filter for MRefBuilder...
    Last step completed in 00:00:00.0310
</buildStep>
<buildStep step="GenerateReflectionInfo">
Generating reflection information...
<plugIn name="Assembly Binding Redirection" behavior="Before" priority="1000">
Adding ignored assembly names to assembly resolver configuration:
    BusinessObjects.Licensing.KeycodeDecoder
    Microsoft.VisualStudio.TestTools.UITest.Playback
    System.Collections
    System.Diagnostics.Debug
    System.IO
    System.Runtime
    System.Threading.Tasks
</plugIn>[C:\Program Files (x86)\Microsoft Visual Studio\2017\Community\MSBuild\15.0\Bin\MSBuild.exe - GenerateRefInfo.proj]
Build started 9/19/2017 10:29:26 PM.
Project &quot;C:\Users\hallam\Work\mmm\Documentation\MeshLibraries\Help\Working\C14C8A93\GenerateRefInfo.proj&quot; on node 1 (default targets).
PrepareForBuild:
  Creating directory &quot;obj\Debug\&quot;.
GenerateRefInfo:
  MRefBuilder (v2017.5.15.0)
  Copyright c 2006-2017, Microsoft Corporation, All Rights Reserved.
  Portions Copyright c 2006-2016, Eric Woodruff, All Rights Reserved.
MRefBuilder : warning : The program database (PDB) file associated with &#39;C:\Users\hallam\Work\buildtools\Libraries\Goedel.Cryptography.Framework\bin\Publish\Goedel.Cryptography.Framework.dll&#39; does not exist or could not be loaded.  Source context information is unavailable. [C:\Users\hallam\Work\mmm\Documentation\MeshLibraries\Help\Working\C14C8A93\GenerateRefInfo.proj]
MRefBuilder : warning : The program database (PDB) file associated with &#39;C:\Users\hallam\Work\buildtools\Libraries\Goedel.Cryptography.KeyFile\bin\Publish\Goedel.Cryptography.KeyFile.dll&#39; does not exist or could not be loaded.  Source context information is unavailable. [C:\Users\hallam\Work\mmm\Documentation\MeshLibraries\Help\Working\C14C8A93\GenerateRefInfo.proj]
MRefBuilder : warning : The program database (PDB) file associated with &#39;C:\Users\hallam\Work\buildtools\Libraries\Goedel.IO\bin\Publish\Goedel.IO.dll&#39; does not exist or could not be loaded.  Source context information is unavailable. [C:\Users\hallam\Work\mmm\Documentation\MeshLibraries\Help\Working\C14C8A93\GenerateRefInfo.proj]
MRefBuilder : warning : The program database (PDB) file associated with &#39;C:\Users\hallam\Work\buildtools\Libraries\Goedel.Platform.Framework\bin\Publish\Goedel.Platform.Framework.dll&#39; does not exist or could not be loaded.  Source context information is unavailable. [C:\Users\hallam\Work\mmm\Documentation\MeshLibraries\Help\Working\C14C8A93\GenerateRefInfo.proj]
  Found a current program database (PDB) file for &#39;C:\Users\hallam\Work\buildtools\Libraries\Goedel.Platform.Framework\bin\Release\Goedel.Platform.Framework.dll&#39;.
MRefBuilder : warning : The program database (PDB) file associated with &#39;C:\Users\hallam\Work\buildtools\Libraries\Goedel.Protocol.Debug\bin\Publish\Goedel.Protocol.Debug.dll&#39; does not exist or could not be loaded.  Source context information is unavailable. [C:\Users\hallam\Work\mmm\Documentation\MeshLibraries\Help\Working\C14C8A93\GenerateRefInfo.proj]
  Found a current program database (PDB) file for &#39;C:\Users\hallam\Work\buildtools\Libraries\Goedel.Protocol.Debug\bin\Release\Goedel.Protocol.Debug.dll&#39;.
MRefBuilder : warning : The program database (PDB) file associated with &#39;C:\Users\hallam\Work\buildtools\Libraries\Goedel.Protocol.Framework\bin\Publish\Goedel.Protocol.Framework.dll&#39; does not exist or could not be loaded.  Source context information is unavailable. [C:\Users\hallam\Work\mmm\Documentation\MeshLibraries\Help\Working\C14C8A93\GenerateRefInfo.proj]
  Found a current program database (PDB) file for &#39;C:\Users\hallam\Work\buildtools\Libraries\Goedel.Protocol.Framework\bin\Release\Goedel.Protocol.Framework.dll&#39;.
MRefBuilder : warning : The program database (PDB) file associated with &#39;C:\Users\hallam\Work\buildtools\Libraries\Goedel.Registry\bin\Publish\Goedel.Registry.dll&#39; does not exist or could not be loaded.  Source context information is unavailable. [C:\Users\hallam\Work\mmm\Documentation\MeshLibraries\Help\Working\C14C8A93\GenerateRefInfo.proj]
  Loaded 10 assemblies for reflection and 1 dependency assemblies.
  Source code location not found for Goedel.Cryptography.CryptographyFramework
  Source code location not found for Goedel.Cryptography.Framework.AesBlock
  Source code location not found for Goedel.Cryptography.Framework.Container
  Source code location not found for Goedel.Cryptography.Framework.CryptoProviderAuthentication
MRefBuilder : warning : Ignoring unresolved assembly reference: System.IO (System.IO, Version=4.0.10.0, Culture=neutral, PublicKeyToken=b03f5f7f11d50a3a) required by Goedel.Cryptography [C:\Users\hallam\Work\mmm\Documentation\MeshLibraries\Help\Working\C14C8A93\GenerateRefInfo.proj]
  Source code location not found for Goedel.Cryptography.Framework.CryptoProviderDigest
  Source code location not found for Goedel.Cryptography.Framework.CryptoProviderEncryptAES
  Source code location not found for Goedel.Cryptography.Framework.CryptoProviderEncryption
  Source code location not found for Goedel.Cryptography.Framework.CryptoProviderExchangeRSA
MRefBuilder : warning : Ignoring unresolved assembly reference: System.Diagnostics.Debug (System.Diagnostics.Debug, Version=4.0.10.0, Culture=neutral, PublicKeyToken=b03f5f7f11d50a3a) required by Goedel.Cryptography [C:\Users\hallam\Work\mmm\Documentation\MeshLibraries\Help\Working\C14C8A93\GenerateRefInfo.proj]
  Source code location not found for Goedel.Cryptography.Framework.CryptoProviderExchangeRSAPKCS
  Source code location not found for Goedel.Cryptography.Framework.CryptoProviderHMACSHA2_256
  Source code location not found for Goedel.Cryptography.Framework.CryptoProviderHMACSHA2_512
  Source code location not found for Goedel.Cryptography.Framework.CryptoProviderSHA1
  Source code location not found for Goedel.Cryptography.Framework.CryptoProviderSHA2_256
  Source code location not found for Goedel.Cryptography.Framework.CryptoProviderSHA2_512
  Source code location not found for Goedel.Cryptography.Framework.CryptoProviderSignatureRSA
  Source code location not found for Goedel.Cryptography.Framework.Factory
  Source code location not found for Goedel.Cryptography.KeyFile.AuthKeysFileLex
  Source code location not found for Goedel.Cryptography.KeyFile.AuthKeysFileLex+State
  Source code location not found for Goedel.Cryptography.KeyFile.AuthKeysFileLex+Token
  Source code location not found for Goedel.Cryptography.KeyFile.AuthorizedKey
  Source code location not found for Goedel.Cryptography.KeyFile.DataBuffer
  Source code location not found for Goedel.Cryptography.KeyFile.Extension
  Source code location not found for Goedel.Cryptography.KeyFile.KeyFileDecode
  Source code location not found for Goedel.Cryptography.KeyFile.KeyFileException
  Source code location not found for Goedel.Cryptography.KeyFile.KeyFileFormat
  Source code location not found for Goedel.Cryptography.KeyFile.KeyFileLex
  Source code location not found for Goedel.Cryptography.KeyFile.KeyFileLex+State
  Source code location not found for Goedel.Cryptography.KeyFile.KeyFileLex+Token
  Source code location not found for Goedel.Cryptography.KeyFile.NoProviderSpecified
  Source code location not found for Goedel.Cryptography.KeyFile.ParseError
  Source code location not found for Goedel.Cryptography.KeyFile.PrivateKeyNotAvailable
  Source code location not found for Goedel.Cryptography.KeyFile.SSH_DSS
  Source code location not found for Goedel.Cryptography.KeyFile.SSH_RSA
  Source code location not found for Goedel.Cryptography.KeyFile.SSHData
  Source code location not found for Goedel.Cryptography.KeyFile.TaggedData
  Source code location not found for Goedel.Cryptography.KeyFile.UnexpectedEnd
  Source code location not found for Goedel.IO.DirectoryTools
  Source code location not found for Goedel.Platform.PlatformFramework
MRefBuilder : warning : Ignoring unresolved assembly reference: System.Threading.Tasks (System.Threading.Tasks, Version=4.0.10.0, Culture=neutral, PublicKeyToken=b03f5f7f11d50a3a) required by Goedel.Platform [C:\Users\hallam\Work\mmm\Documentation\MeshLibraries\Help\Working\C14C8A93\GenerateRefInfo.proj]
MRefBuilder : warning : Ignoring unresolved assembly reference: System.Threading.Tasks (System.Threading.Tasks, Version=4.0.10.0, Culture=neutral, PublicKeyToken=b03f5f7f11d50a3a) required by Goedel.Platform [C:\Users\hallam\Work\mmm\Documentation\MeshLibraries\Help\Working\C14C8A93\GenerateRefInfo.proj]
  Source code location not found for Goedel.Platform.Framework.DNSContextUDP
MRefBuilder : warning : Ignoring unresolved assembly reference: System.Collections (System.Collections, Version=4.0.10.0, Culture=neutral, PublicKeyToken=b03f5f7f11d50a3a) required by Goedel.Platform [C:\Users\hallam\Work\mmm\Documentation\MeshLibraries\Help\Working\C14C8A93\GenerateRefInfo.proj]
MRefBuilder : warning : Ignoring unresolved assembly reference: System.Collections (System.Collections, Version=4.0.10.0, Culture=neutral, PublicKeyToken=b03f5f7f11d50a3a) required by Goedel.Platform [C:\Users\hallam\Work\mmm\Documentation\MeshLibraries\Help\Working\C14C8A93\GenerateRefInfo.proj]
  Source code location not found for Goedel.Protocol.Debug.TraceDictionary
  Source code location not found for Goedel.Protocol.Debug.TraceMessage
  Source code location not found for Goedel.Protocol.Debug.TracePoint
  Source code location not found for Goedel.Protocol.Framework.BoundMessage
  Source code location not found for Goedel.Protocol.Framework.BoundRequest
  Source code location not found for Goedel.Protocol.Framework.BoundResponse
  Source code location not found for Goedel.Protocol.Framework.FileCharacterTextStream
  Source code location not found for Goedel.Protocol.Framework.HTTPPortRegistration
  Source code location not found for Goedel.Protocol.Framework.InterfaceRegistration
  Source code location not found for Goedel.Protocol.Framework.JPCServer
  Source code location not found for Goedel.Protocol.Framework.MessageType
  Source code location not found for Goedel.Protocol.Framework.MessageType
  Source code location not found for Goedel.Protocol.Framework.PortRegistration
  Source code location not found for Goedel.Protocol.Framework.PortRegistration
  Source code location not found for Goedel.Protocol.Framework.ProviderRegistration
  Source code location not found for Goedel.Registry.Dispatch
  Source code location not found for Goedel.Registry.Expected
  Source code location not found for Goedel.Registry.ExpectedClass
  Source code location not found for Goedel.Registry.ExpectedStart
  Source code location not found for Goedel.Registry.FileReadError
  Source code location not found for Goedel.Registry.GoedelParseException
  Source code location not found for Goedel.Registry.ID`1
  Source code location not found for Goedel.Registry.InternalError
  Source code location not found for Goedel.Registry.InvalidToken
  Source code location not found for Goedel.Registry.NoCommand
  Source code location not found for Goedel.Registry.NotFoundReserved
  Source code location not found for Goedel.Registry.OutputFormat
  Source code location not found for Goedel.Registry.Parser
  Source code location not found for Goedel.Registry.ParserException
  Source code location not found for Goedel.Registry.Position
  Source code location not found for Goedel.Registry.REF`1
  Source code location not found for Goedel.Registry.SchemaParse
  Source code location not found for Goedel.Registry.ScriptOutput
  Source code location not found for Goedel.Registry.Separator
  Source code location not found for Goedel.Registry.Source
  Source code location not found for Goedel.Registry.TOKEN`1
  Source code location not found for Goedel.Registry.TokenType
  Source code location not found for Goedel.Registry.TooManyClose
  Source code location not found for Goedel.Registry.UnknownCommand
  Source code location not found for Goedel.Registry.UnknownOption
  Source code location not found for Goedel.Registry.UnreachableCode
  Source code location not found for Goedel.Registry.XMLTextWriter
  Source code location not found for Goedel.Registry.XMLWriter
  Wrote information on 9 namespaces, 118 types, and 798 members
  Copying file from &quot;reflection.org&quot; to &quot;reflection.all&quot;.
  XslTransform (v2017.5.15.0)
  Copyright c 2006-2017, Microsoft Corporation, All Rights Reserved.
  Portions Copyright c 2006-2016, Eric Woodruff, All Rights Reserved.
  Applying XSL transformation &#39;C:\Program Files (x86)\EWSoftware\Sandcastle Help File Builder\ProductionTransforms\MergeDuplicates.xsl&#39;.
Done Building Project &quot;C:\Users\hallam\Work\mmm\Documentation\MeshLibraries\Help\Working\C14C8A93\GenerateRefInfo.proj&quot; (default targets).
    Last step completed in 00:00:47.9381
</buildStep>
<buildStep step="TransformReflectionInfo">
Transforming reflection output...
[C:\Program Files (x86)\Microsoft Visual Studio\2017\Community\MSBuild\15.0\Bin\MSBuild.exe - TransformManifest.proj]
Build started 9/19/2017 10:30:14 PM.
Project &quot;C:\Users\hallam\Work\mmm\Documentation\MeshLibraries\Help\Working\C14C8A93\TransformManifest.proj&quot; on node 1 (default targets).
TransformManifest:
  XslTransform (v2017.5.15.0)
  Copyright c 2006-2017, Microsoft Corporation, All Rights Reserved.
  Portions Copyright c 2006-2016, Eric Woodruff, All Rights Reserved.
  Applying XSL transformation &#39;C:\Program Files (x86)\EWSoftware\Sandcastle Help File Builder\\ProductionTransforms\ApplyVSDocModel.xsl&#39;.
  Copying file from &quot;reflection.xml&quot; to &quot;reflection.nofilenames&quot;.
  XslTransform (v2017.5.15.0)
  Copyright c 2006-2017, Microsoft Corporation, All Rights Reserved.
  Portions Copyright c 2006-2016, Eric Woodruff, All Rights Reserved.
  Applying XSL transformation &#39;C:\Program Files (x86)\EWSoftware\Sandcastle Help File Builder\ProductionTransforms\AddFilenames.xsl&#39;.
  XslTransform (v2017.5.15.0)
  Copyright c 2006-2017, Microsoft Corporation, All Rights Reserved.
  Portions Copyright c 2006-2016, Eric Woodruff, All Rights Reserved.
  Applying XSL transformation &#39;C:\Program Files (x86)\EWSoftware\Sandcastle Help File Builder\ProductionTransforms\ReflectionToManifest.xsl&#39;.
Done Building Project &quot;C:\Users\hallam\Work\mmm\Documentation\MeshLibraries\Help\Working\C14C8A93\TransformManifest.proj&quot; (default targets).
    Last step completed in 00:00:00.8703
</buildStep>
<buildStep step="Completed">

Build completed successfully at 9/19/2017 10:30:15 PM.  Total time: 00:00:49.3133

</buildStep>
</shfbBuild>
