#
# There is insufficient memory for the Java Runtime Environment to continue.
# Native memory allocation (mmap) failed to map 805306368 bytes for G1 virtual space
# Possible reasons:
#   The system is out of physical RAM or swap space
#   The process is running with CompressedOops enabled, and the Java Heap may be blocking the growth of the native heap
# Possible solutions:
#   Reduce memory load on the system
#   Increase physical memory or swap space
#   Check if swap backing store is full
#   Decrease Java heap size (-Xmx/-Xms)
#   Decrease number of Java threads
#   Decrease Java thread stack sizes (-Xss)
#   Set larger code cache with -XX:ReservedCodeCacheSize=
#   JVM is running with Zero Based Compressed Oops mode in which the Java heap is
#     placed in the first 32GB address space. The Java Heap base address is the
#     maximum limit for the native heap growth. Please use -XX:HeapBaseMinAddress
#     to set the Java Heap base and to place the Java Heap above 32GB virtual address.
# This output file may be truncated or incomplete.
#
#  Out of Memory Error (os_windows.cpp:3617), pid=12944, tid=38432
#
# JRE version:  (17.0.8.1+1) (build )
# Java VM: OpenJDK 64-Bit Server VM (17.0.8.1+1-LTS, mixed mode, sharing, tiered, compressed oops, compressed class ptrs, g1 gc, windows-amd64)
# No core dump will be written. Minidumps are not enabled by default on client versions of Windows
#

---------------  S U M M A R Y ------------

Command Line: 

Host: 13th Gen Intel(R) Core(TM) i9-13900K, 32 cores, 47G,  Windows 11 , 64 bit Build 22621 (10.0.22621.3958)
Time: Mon Oct 21 13:13:51 2024 Eastern Daylight Time elapsed time: 0.005175 seconds (0d 0h 0m 0s)

---------------  T H R E A D  ---------------

Current thread (0x000001f93993dfe0):  JavaThread "Unknown thread" [_thread_in_vm, id=38432, stack(0x0000006a58800000,0x0000006a58900000)]

Stack: [0x0000006a58800000,0x0000006a58900000]
Native frames: (J=compiled Java code, j=interpreted, Vv=VM code, C=native code)
V  [jvm.dll+0x67bf3a]
V  [jvm.dll+0x83a024]
V  [jvm.dll+0x83b7ce]
V  [jvm.dll+0x83be33]
V  [jvm.dll+0x24785f]
V  [jvm.dll+0x678cb9]
V  [jvm.dll+0x66d54a]
V  [jvm.dll+0x308feb]
V  [jvm.dll+0x310496]
V  [jvm.dll+0x36019e]
V  [jvm.dll+0x3603cf]
V  [jvm.dll+0x2dff38]
V  [jvm.dll+0x2e0ea4]
V  [jvm.dll+0x80bca1]
V  [jvm.dll+0x36df61]
V  [jvm.dll+0x7eafac]
V  [jvm.dll+0x3f0c8f]
V  [jvm.dll+0x3f28a1]
C  [jli.dll+0x528f]
C  [ucrtbase.dll+0x29333]
C  [KERNEL32.DLL+0x1257d]
C  [ntdll.dll+0x5af08]


---------------  P R O C E S S  ---------------

Threads class SMR info:
_java_thread_list=0x00007ffd19e13058, length=0, elements={
}

Java Threads: ( => current thread )

Other Threads:
  0x000001f96ff50290 GCTaskThread "GC Thread#0" [stack: 0x0000006a58900000,0x0000006a58a00000] [id=43564]
  0x000001f93bacaf80 ConcurrentGCThread "G1 Main Marker" [stack: 0x0000006a58a00000,0x0000006a58b00000] [id=109128]
  0x000001f93bb48fd0 ConcurrentGCThread "G1 Conc#0" [stack: 0x0000006a58b00000,0x0000006a58c00000] [id=96268]

[error occurred during error reporting (printing all threads), id 0xc0000005, EXCEPTION_ACCESS_VIOLATION (0xc0000005) at pc=0x00007ffd195d0927]

VM state: not at safepoint (not fully initialized)

VM Mutex/Monitor currently owned by a thread:  ([mutex/lock_event])
[0x000001f93baaccb0] Heap_lock - owner thread: 0x000001f93993dfe0

Heap address: 0x0000000504800000, size: 12216 MB, Compressed Oops mode: Zero based, Oop shift amount: 3

CDS archive(s) mapped at: [0x0000000000000000-0x0000000000000000-0x0000000000000000), size 0, SharedBaseAddress: 0x0000000800000000, ArchiveRelocationMode: 1.
Narrow klass base: 0x0000000000000000, Narrow klass shift: 0, Narrow klass range: 0x0

GC Precious Log:
<Empty>

Heap:
 garbage-first heap   total 0K, used 0K [0x0000000504800000, 0x0000000800000000)
  region size 8192K, 0 young (0K), 0 survivors (0K)

[error occurred during error reporting (printing heap information), id 0xc0000005, EXCEPTION_ACCESS_VIOLATION (0xc0000005) at pc=0x00007ffd199b5fc9]

GC Heap History (0 events):
No events

Dll operation events (1 events):
Event: 0.003 Loaded shared library C:\Program Files (x86)\Android\openjdk\jdk-17.0.8.101-hotspot\bin\java.dll

Deoptimization events (0 events):
No events

Classes unloaded (0 events):
No events

Classes redefined (0 events):
No events

Internal exceptions (0 events):
No events

VM Operations (0 events):
No events

Events (0 events):
No events


Dynamic libraries:
0x00007ff6b29c0000 - 0x00007ff6b29ce000 	C:\Program Files (x86)\Android\openjdk\jdk-17.0.8.101-hotspot\bin\java.exe
0x00007ffe73630000 - 0x00007ffe73847000 	C:\WINDOWS\SYSTEM32\ntdll.dll
0x00007ffe72430000 - 0x00007ffe724f4000 	C:\WINDOWS\System32\KERNEL32.DLL
0x00007ffe70f70000 - 0x00007ffe71327000 	C:\WINDOWS\System32\KERNELBASE.dll
0x00007ffe70940000 - 0x00007ffe70a51000 	C:\WINDOWS\System32\ucrtbase.dll
0x00007ffe62da0000 - 0x00007ffe62db7000 	C:\Program Files (x86)\Android\openjdk\jdk-17.0.8.101-hotspot\bin\jli.dll
0x00007ffe4e220000 - 0x00007ffe4e23b000 	C:\Program Files (x86)\Android\openjdk\jdk-17.0.8.101-hotspot\bin\VCRUNTIME140.dll
0x00007ffe71ac0000 - 0x00007ffe71c6f000 	C:\WINDOWS\System32\USER32.dll
0x00007ffe71330000 - 0x00007ffe71356000 	C:\WINDOWS\System32\win32u.dll
0x00007ffe4d700000 - 0x00007ffe4d993000 	C:\WINDOWS\WinSxS\amd64_microsoft.windows.common-controls_6595b64144ccf1df_6.0.22621.3672_none_2713b9d173822955\COMCTL32.dll
0x00007ffe72e40000 - 0x00007ffe72e69000 	C:\WINDOWS\System32\GDI32.dll
0x00007ffe73000000 - 0x00007ffe730a7000 	C:\WINDOWS\System32\msvcrt.dll
0x00007ffe70e50000 - 0x00007ffe70f68000 	C:\WINDOWS\System32\gdi32full.dll
0x00007ffe70c80000 - 0x00007ffe70d1a000 	C:\WINDOWS\System32\msvcp_win.dll
0x00007ffe735b0000 - 0x00007ffe735e1000 	C:\WINDOWS\System32\IMM32.DLL
0x00007ffe6ac30000 - 0x00007ffe6ac3c000 	C:\Program Files (x86)\Android\openjdk\jdk-17.0.8.101-hotspot\bin\vcruntime140_1.dll
0x00007ffe133c0000 - 0x00007ffe1344d000 	C:\Program Files (x86)\Android\openjdk\jdk-17.0.8.101-hotspot\bin\msvcp140.dll
0x00007ffd192e0000 - 0x00007ffd19f45000 	C:\Program Files (x86)\Android\openjdk\jdk-17.0.8.101-hotspot\bin\server\jvm.dll
0x00007ffe72e70000 - 0x00007ffe72f22000 	C:\WINDOWS\System32\ADVAPI32.dll
0x00007ffe73140000 - 0x00007ffe731e8000 	C:\WINDOWS\System32\sechost.dll
0x00007ffe70c50000 - 0x00007ffe70c78000 	C:\WINDOWS\System32\bcrypt.dll
0x00007ffe71370000 - 0x00007ffe71484000 	C:\WINDOWS\System32\RPCRT4.dll
0x00007ffe56620000 - 0x00007ffe56629000 	C:\WINDOWS\SYSTEM32\WSOCK32.dll
0x00007ffe6f7b0000 - 0x00007ffe6f7fd000 	C:\WINDOWS\SYSTEM32\POWRPROF.dll
0x00007ffe730b0000 - 0x00007ffe73121000 	C:\WINDOWS\System32\WS2_32.dll
0x00007ffe69d60000 - 0x00007ffe69d94000 	C:\WINDOWS\SYSTEM32\WINMM.dll
0x00007ffe68240000 - 0x00007ffe6824a000 	C:\WINDOWS\SYSTEM32\VERSION.dll
0x00007ffe6f790000 - 0x00007ffe6f7a3000 	C:\WINDOWS\SYSTEM32\UMPDC.dll
0x00007ffe6fa40000 - 0x00007ffe6fa58000 	C:\WINDOWS\SYSTEM32\kernel.appcore.dll
0x00007ffe678e0000 - 0x00007ffe678ea000 	C:\Program Files (x86)\Android\openjdk\jdk-17.0.8.101-hotspot\bin\jimage.dll
0x00007ffe6de20000 - 0x00007ffe6e052000 	C:\WINDOWS\SYSTEM32\DBGHELP.DLL
0x00007ffe71510000 - 0x00007ffe7189e000 	C:\WINDOWS\System32\combase.dll
0x00007ffe72350000 - 0x00007ffe72427000 	C:\WINDOWS\System32\OLEAUT32.dll
0x00007ffe678f0000 - 0x00007ffe67922000 	C:\WINDOWS\SYSTEM32\dbgcore.DLL
0x00007ffe70a60000 - 0x00007ffe70adb000 	C:\WINDOWS\System32\bcryptPrimitives.dll
0x00007ffe46bf0000 - 0x00007ffe46c15000 	C:\Program Files (x86)\Android\openjdk\jdk-17.0.8.101-hotspot\bin\java.dll

dbghelp: loaded successfully - version: 4.0.5 - missing functions: none
symbol engine: initialized successfully - sym options: 0x614 - pdb path: .;C:\Program Files (x86)\Android\openjdk\jdk-17.0.8.101-hotspot\bin;C:\WINDOWS\SYSTEM32;C:\WINDOWS\WinSxS\amd64_microsoft.windows.common-controls_6595b64144ccf1df_6.0.22621.3672_none_2713b9d173822955;C:\Program Files (x86)\Android\openjdk\jdk-17.0.8.101-hotspot\bin\server

VM Arguments:
java_command: <unknown>
java_class_path (initial): <not set>
Launcher Type: SUN_STANDARD

[Global flags]
     intx CICompilerCount                          = 15                                        {product} {ergonomic}
     uint ConcGCThreads                            = 6                                         {product} {ergonomic}
     uint G1ConcRefinementThreads                  = 23                                        {product} {ergonomic}
   size_t G1HeapRegionSize                         = 8388608                                   {product} {ergonomic}
    uintx GCDrainStackTargetSize                   = 64                                        {product} {ergonomic}
   size_t InitialHeapSize                          = 805306368                                 {product} {ergonomic}
   size_t MarkStackSize                            = 4194304                                   {product} {ergonomic}
   size_t MaxHeapSize                              = 12809404416                               {product} {ergonomic}
   size_t MinHeapDeltaBytes                        = 8388608                                   {product} {ergonomic}
   size_t MinHeapSize                              = 8388608                                   {product} {ergonomic}
    uintx NonNMethodCodeHeapSize                   = 8192380                                {pd product} {ergonomic}
    uintx NonProfiledCodeHeapSize                  = 121732930                              {pd product} {ergonomic}
    uintx ProfiledCodeHeapSize                     = 121732930                              {pd product} {ergonomic}
    uintx ReservedCodeCacheSize                    = 251658240                              {pd product} {ergonomic}
     bool SegmentedCodeCache                       = true                                      {product} {ergonomic}
   size_t SoftMaxHeapSize                          = 12809404416                            {manageable} {ergonomic}
     bool UseCompressedClassPointers               = true                           {product lp64_product} {ergonomic}
     bool UseCompressedOops                        = true                           {product lp64_product} {ergonomic}
     bool UseG1GC                                  = true                                      {product} {ergonomic}
     bool UseLargePagesIndividualAllocation        = false                                  {pd product} {ergonomic}

Logging:
Log output configuration:
 #0: stdout all=warning uptime,level,tags
 #1: stderr all=off uptime,level,tags

Environment Variables:
PATH=C:\Program Files (x86)\Android\openjdk\jdk-17.0.8.101-hotspot\bin;C:\Program Files (x86)\NVIDIA Corporation\PhysX\Common;C:\Program Files (x86)\Razer Chroma SDK\bin;C:\Program Files\Razer Chroma SDK\bin;C:\Program Files (x86)\Razer\ChromaBroadcast\bin;C:\Program Files\Razer\ChromaBroadcast\bin;C:\Program Files (x86)\Common Files\Intel\Shared Libraries\redist\intel64\compiler;C:\Program Files\Microsoft\jdk-11.0.16.101-hotspot\bin;C:\WINDOWS\system32;C:\WINDOWS;C:\WINDOWS\System32\Wbem;C:\WINDOWS\System32\WindowsPowerShell\v1.0\;C:\WINDOWS\System32\OpenSSH\;C:\Program Files\Microsoft SQL Server\150\Tools\Binn\;C:\Program Files\Microsoft SQL Server\Client SDK\ODBC\170\Tools\Binn\;C:\Program Files\dotnet\;C:\Users\hallam\AppData\Local\Microsoft\WindowsApps;C:\Users\hallam\.dotnet\tools;C:\Users\hallam\Tools;C:\Users\hallam\.dnx\bin;C:\WINDOWS\system32\config\systemprofile\AppData\Local\Microsoft\WindowsApps;C:\Program Files\TortoiseGit\bin;C:\Program Files\Git\cmd;C:\Program Files\Git LFS;C:\Program Files (x86)\Bitvise SSH Client;C:\Program Files (x86)\Windows Kits\8.1\Windows Performance Toolkit\;C:\Users\hallam\AppData\Local\Programs\Python\Python39\Scripts\;C:\Users\hallam\AppData\Local\Programs\Python\Python39\;C:\Users\hallam\AppData\Local\Microsoft\WindowsApps;C:\Users\hallam\Tools;C:\Users\hallam\.dnx\bin;C:\Tools\ghcup\bin;C:\Users\hallam\.dotnet\tools;C:\PROGRAM FILES\MICROSOFT VISUAL STUDIO\2022\COMMUNITY\COMMON7\IDE\EXTENSIONS\XAMARIN.VISUALSTUDIO
USERNAME=hallam
OS=Windows_NT
PROCESSOR_IDENTIFIER=Intel64 Family 6 Model 183 Stepping 1, GenuineIntel
TMP=C:\Users\hallam\AppData\Local\Temp
TEMP=C:\Users\hallam\AppData\Local\Temp



---------------  S Y S T E M  ---------------

OS:
 Windows 11 , 64 bit Build 22621 (10.0.22621.3958)
OS uptime: 10 days 9:13 hours
Hyper-V role detected

CPU: total 32 (initial active 32) (16 cores per cpu, 2 threads per core) family 6 model 183 stepping 1 microcode 0x115, cx8, cmov, fxsr, ht, mmx, 3dnowpref, sse, sse2, sse3, ssse3, sse4.1, sse4.2, popcnt, lzcnt, tsc, tscinvbit, avx, avx2, aes, erms, clmul, bmi1, bmi2, adx, sha, fma, vzeroupper, clflush, clflushopt, clwb, hv
Processor Information for all 32 processors :
  Max Mhz: 3000, Current Mhz: 3000, Mhz Limit: 3000

Memory: 4k page, system-wide physical 48859M (16148M free)
TotalPageFile size 196315M (AvailPageFile size 669M)
current process WorkingSet (physical memory assigned to process): 12M, peak: 12M
current process commit charge ("private bytes"): 92M, peak: 859M

vm_info: OpenJDK 64-Bit Server VM (17.0.8.1+1-LTS) for windows-amd64 JRE (17.0.8.1+1-LTS), built on Aug 23 2023 17:38:52 by "MicrosoftCorporation" with MS VC++ 16.10 / 16.11 (VS2019)

END.
