<?xml version="1.0" encoding="utf-8"?>
<shfbBuild product="Sandcastle Help File Builder and Tools" version="2017.5.15.0" projectFile="C:\Users\hallam\Work\mmm\Documentation\MMMLibraries\MMMLibraries.shfbproj" started="10/23/2017 11:43:34 PM">
<buildStep step="Initializing">
Finding tools...
The Sandcastle tools are located in &#39;C:\Program Files (x86)\EWSoftware\Sandcastle Help File Builder\&#39;
Searching for HTML Help 1 compiler...
Found HTML Help 1 compiler in &#39;C:\Program Files (x86)\HTML Help Workshop\&#39;
Locating components in the following folder(s):
    C:\Users\hallam\Work\mmm\Documentation\MMMLibraries
    C:\ProgramData\EWSoftware\Sandcastle Help File Builder\Components and Plug-Ins\
    C:\Program Files (x86)\EWSoftware\Sandcastle Help File Builder\
Using framework reflection data for &#39;.NET Framework 4.7&#39; located in &#39;C:\Program Files (x86)\EWSoftware\Sandcastle Help File Builder\Data\.NETFramework&#39;
Using presentation style &#39;VS2013&#39; located in &#39;C:\Program Files (x86)\EWSoftware\Sandcastle Help File Builder\PresentationStyles\VS2013&#39;
Loading and initializing plug-ins...
Lightweight Website Style Version 2017.5.15.0
Copyright &#169; 2006-2017, Eric Woodruff, All Rights Reserved
Portions Copyright &#169; 2014, Sam Harwell, All Rights Reserved
-------------------------------
Clearing any prior web/markdown output...
</buildStep>
<buildStep step="ValidatingDocumentationSources">
Validating and copying documentation source information
Source: C:\Users\hallam\Work\buildtools\Libraries\Goedel.Utilities\Goedel.Utilities.csproj
    Found project &#39;C:\Users\hallam\Work\buildtools\Libraries\Goedel.Utilities\Goedel.Utilities.csproj&#39;
Source: C:\Users\hallam\Work\buildtools\Libraries\Goedel.Persistence\Goedel.Persistence.csproj
    Found project &#39;C:\Users\hallam\Work\buildtools\Libraries\Goedel.Persistence\Goedel.Persistence.csproj&#39;
Source: C:\Users\hallam\Work\buildtools\Libraries\Goedel.Registry\Goedel.Registry.csproj
    Found project &#39;C:\Users\hallam\Work\buildtools\Libraries\Goedel.Registry\Goedel.Registry.csproj&#39;
Source: C:\Users\hallam\Work\buildtools\Libraries\Goedel.Protocol\Goedel.Protocol.csproj
    Found project &#39;C:\Users\hallam\Work\buildtools\Libraries\Goedel.Protocol\Goedel.Protocol.csproj&#39;
Source: C:\Users\hallam\Work\buildtools\Libraries\Goedel.Discovery\Goedel.Discovery.csproj
    Found project &#39;C:\Users\hallam\Work\buildtools\Libraries\Goedel.Discovery\Goedel.Discovery.csproj&#39;
Source: C:\Users\hallam\Work\buildtools\Libraries\Goedel.FSR\Goedel.FSR.csproj
    Found project &#39;C:\Users\hallam\Work\buildtools\Libraries\Goedel.FSR\Goedel.FSR.csproj&#39;
Source: C:\Users\hallam\Work\buildtools\Libraries\Goedel.ASN\Goedel.ASN.csproj
    Found project &#39;C:\Users\hallam\Work\buildtools\Libraries\Goedel.ASN\Goedel.ASN.csproj&#39;
Source: C:\Users\hallam\Work\buildtools\Libraries\Goedel.Cryptography\Goedel.Cryptography.csproj
    Found project &#39;C:\Users\hallam\Work\buildtools\Libraries\Goedel.Cryptography\Goedel.Cryptography.csproj&#39;
Source: C:\Users\hallam\Work\buildtools\Libraries\Goedel.Cryptography.Container\Goedel.Cryptography.Container.csproj
    Found project &#39;C:\Users\hallam\Work\buildtools\Libraries\Goedel.Cryptography.Container\Goedel.Cryptography.Container.csproj&#39;
Source: C:\Users\hallam\Work\buildtools\Libraries\Goedel.Cryptography.Framework\Goedel.Cryptography.Framework.csproj
    Found project &#39;C:\Users\hallam\Work\buildtools\Libraries\Goedel.Cryptography.Framework\Goedel.Cryptography.Framework.csproj&#39;
Source: C:\Users\hallam\Work\buildtools\Libraries\Goedel.Cryptography.Jose\Goedel.Cryptography.Jose.csproj
    Found project &#39;C:\Users\hallam\Work\buildtools\Libraries\Goedel.Cryptography.Jose\Goedel.Cryptography.Jose.csproj&#39;
Source: C:\Users\hallam\Work\buildtools\Libraries\Goedel.Cryptography.KeyFile\Goedel.Cryptography.KeyFile.csproj
    Found project &#39;C:\Users\hallam\Work\buildtools\Libraries\Goedel.Cryptography.KeyFile\Goedel.Cryptography.KeyFile.csproj&#39;
Source: C:\Users\hallam\Work\buildtools\Libraries\Goedel.Cryptography.Linux\Goedel.Cryptography.Linux.csproj
    Found project &#39;C:\Users\hallam\Work\buildtools\Libraries\Goedel.Cryptography.Linux\Goedel.Cryptography.Linux.csproj&#39;
Source: C:\Users\hallam\Work\buildtools\Libraries\Goedel.Cryptography.Windows\Goedel.Cryptography.Windows.csproj
    Found project &#39;C:\Users\hallam\Work\buildtools\Libraries\Goedel.Cryptography.Windows\Goedel.Cryptography.Windows.csproj&#39;
Source: C:\Users\hallam\Work\buildtools\Libraries\Goedel.IO\Goedel.IO.csproj
    Found project &#39;C:\Users\hallam\Work\buildtools\Libraries\Goedel.IO\Goedel.IO.csproj&#39;
Source: C:\Users\hallam\Work\mmm\Mesh\Goedel.Mesh\Goedel.Mesh.csproj
    Found project &#39;C:\Users\hallam\Work\mmm\Mesh\Goedel.Mesh\Goedel.Mesh.csproj&#39;
Source: C:\Users\hallam\Work\mmm\Mesh\Goedel.Mesh.Client\Goedel.Mesh.Client.csproj
    Found project &#39;C:\Users\hallam\Work\mmm\Mesh\Goedel.Mesh.Client\Goedel.Mesh.Client.csproj&#39;
Source: C:\Users\hallam\Work\mmm\Mesh\Goedel.Mesh.Platform\Goedel.Mesh.Platform.csproj
    Found project &#39;C:\Users\hallam\Work\mmm\Mesh\Goedel.Mesh.Platform\Goedel.Mesh.Platform.csproj&#39;
Source: C:\Users\hallam\Work\mmm\Mesh\Goedel.Mesh.Platform.Linux\Goedel.Mesh.Platform.Linux.csproj
    Found project &#39;C:\Users\hallam\Work\mmm\Mesh\Goedel.Mesh.Platform.Linux\Goedel.Mesh.Platform.Linux.csproj&#39;
Source: C:\Users\hallam\Work\mmm\Mesh\Goedel.Mesh.Platform.Windows\Goedel.Mesh.Platform.Windows.csproj
    Found project &#39;C:\Users\hallam\Work\mmm\Mesh\Goedel.Mesh.Platform.Windows\Goedel.Mesh.Platform.Windows.csproj&#39;
Source: C:\Users\hallam\Work\mmm\Mesh\Goedel.Mesh.Server\Goedel.Mesh.Server.csproj
    Found project &#39;C:\Users\hallam\Work\mmm\Mesh\Goedel.Mesh.Server\Goedel.Mesh.Server.csproj&#39;
Source: C:\Users\hallam\Work\mmm\Account\Goedel.Account\Goedel.Account.csproj
    Found project &#39;C:\Users\hallam\Work\mmm\Account\Goedel.Account\Goedel.Account.csproj&#39;
Source: C:\Users\hallam\Work\mmm\Account\Goedel.Account.Client\Goedel.Account.Client.csproj
    Found project &#39;C:\Users\hallam\Work\mmm\Account\Goedel.Account.Client\Goedel.Account.Client.csproj&#39;
Source: C:\Users\hallam\Work\mmm\Account\Goedel.Account.Server\Goedel.Account.Server.csproj
    Found project &#39;C:\Users\hallam\Work\mmm\Account\Goedel.Account.Server\Goedel.Account.Server.csproj&#39;
Source: C:\Users\hallam\Work\mmm\Confirm\Goedel.Confirm\Goedel.Confirm.csproj
    Found project &#39;C:\Users\hallam\Work\mmm\Confirm\Goedel.Confirm\Goedel.Confirm.csproj&#39;
Source: C:\Users\hallam\Work\mmm\Confirm\Goedel.Confirm.Client\Goedel.Confirm.Client.csproj
    Found project &#39;C:\Users\hallam\Work\mmm\Confirm\Goedel.Confirm.Client\Goedel.Confirm.Client.csproj&#39;
Source: C:\Users\hallam\Work\mmm\Confirm\Goedel.Confirm.Server\Goedel.Confirm.Server.csproj
    Found project &#39;C:\Users\hallam\Work\mmm\Confirm\Goedel.Confirm.Server\Goedel.Confirm.Server.csproj&#39;
Source: C:\Users\hallam\Work\mmm\Recrypt\Goedel.Recrypt\Goedel.Recrypt.csproj
    Found project &#39;C:\Users\hallam\Work\mmm\Recrypt\Goedel.Recrypt\Goedel.Recrypt.csproj&#39;
Source: C:\Users\hallam\Work\mmm\Recrypt\Goedel.Recrypt.Client\Goedel.Recrypt.Client.csproj
    Found project &#39;C:\Users\hallam\Work\mmm\Recrypt\Goedel.Recrypt.Client\Goedel.Recrypt.Client.csproj&#39;
Source: C:\Users\hallam\Work\mmm\Recrypt\Goedel.Recrypt.Server\Goedel.Recrypt.Server.csproj
    Found project &#39;C:\Users\hallam\Work\mmm\Recrypt\Goedel.Recrypt.Server\Goedel.Recrypt.Server.csproj&#39;

Parsing project files
    Found assembly &#39;C:\Users\hallam\Work\buildtools\Libraries\Goedel.Utilities\bin\Release\Goedel.Utilities.dll&#39;
    Found assembly &#39;C:\Users\hallam\Work\buildtools\Libraries\Goedel.Persistence\bin\Release\Goedel.Persistence.dll&#39;
    Found assembly &#39;C:\Users\hallam\Work\buildtools\Libraries\Goedel.Registry\bin\Release\Goedel.Registry.dll&#39;
    Found assembly &#39;C:\Users\hallam\Work\buildtools\Libraries\Goedel.Protocol\bin\Release\Goedel.Protocol.dll&#39;
    Found assembly &#39;C:\Users\hallam\Work\buildtools\Libraries\Goedel.Discovery\bin\Release\Goedel.Discovery.dll&#39;
    Found assembly &#39;C:\Users\hallam\Work\buildtools\Libraries\Goedel.FSR\bin\Release\Goedel.FSR.dll&#39;
    Found assembly &#39;C:\Users\hallam\Work\buildtools\Libraries\Goedel.ASN\bin\Release\Goedel.ASN.dll&#39;
    Found assembly &#39;C:\Users\hallam\Work\buildtools\Libraries\Goedel.Cryptography\bin\Release\Goedel.Cryptography.dll&#39;
    Found assembly &#39;C:\Users\hallam\Work\buildtools\Libraries\Goedel.Cryptography.Container\bin\Release\Goedel.Cryptography.Container.dll&#39;
    Found assembly &#39;C:\Users\hallam\Work\buildtools\Libraries\Goedel.Cryptography.Framework\bin\Release\Goedel.Cryptography.Framework.dll&#39;
    Found assembly &#39;C:\Users\hallam\Work\buildtools\Libraries\Goedel.Cryptography.Jose\bin\Release\Goedel.Cryptography.Jose.dll&#39;
    Found assembly &#39;C:\Users\hallam\Work\buildtools\Libraries\Goedel.Cryptography.KeyFile\bin\Release\Goedel.Cryptography.KeyFile.dll&#39;
    Found assembly &#39;C:\Users\hallam\Work\buildtools\Libraries\Goedel.Cryptography.Linux\bin\Release\PHB Framework Library.dll&#39;
    Found assembly &#39;C:\Users\hallam\Work\buildtools\Libraries\Goedel.Cryptography.Windows\bin\Release\Goedel.Cryptography.Windows.dll&#39;
    Found assembly &#39;C:\Users\hallam\Work\buildtools\Libraries\Goedel.IO\bin\Release\Goedel.IO.dll&#39;
    Found assembly &#39;C:\Users\hallam\Work\mmm\Mesh\Goedel.Mesh\bin\Release\Goedel.Mesh.dll&#39;
    Found assembly &#39;C:\Users\hallam\Work\mmm\Mesh\Goedel.Mesh.Client\bin\Release\Goedel.Mesh.Client.dll&#39;
    Found assembly &#39;C:\Users\hallam\Work\mmm\Mesh\Goedel.Mesh.Platform\bin\Release\Goedel.Mesh.Platform.dll&#39;
    Found assembly &#39;C:\Users\hallam\Work\mmm\Mesh\Goedel.Mesh.Platform.Linux\bin\Release\Goedel.Mesh.Platform.Linux.dll&#39;
    Found assembly &#39;C:\Users\hallam\Work\mmm\Mesh\Goedel.Mesh.Platform.Windows\bin\Release\Goedel.Mesh.Platform.Windows.dll&#39;
    Found assembly &#39;C:\Users\hallam\Work\mmm\Mesh\Goedel.Mesh.Server\bin\Release\Goedel.Mesh.Server.dll&#39;
    Found assembly &#39;C:\Users\hallam\Work\mmm\Account\Goedel.Account\bin\Release\Goedel.Account.dll&#39;
    Found assembly &#39;C:\Users\hallam\Work\mmm\Account\Goedel.Account.Client\bin\Release\Goedel.Account.Client.dll&#39;
    Found assembly &#39;C:\Users\hallam\Work\mmm\Account\Goedel.Account.Server\bin\Release\Goedel.Account.Server.dll&#39;
    Found assembly &#39;C:\Users\hallam\Work\mmm\Confirm\Goedel.Confirm\bin\Release\Goedel.Confirm.dll&#39;
    Found assembly &#39;C:\Users\hallam\Work\mmm\Confirm\Goedel.Confirm.Client\bin\Release\Goedel.Confirm.Client.dll&#39;
    Found assembly &#39;C:\Users\hallam\Work\mmm\Confirm\Goedel.Confirm.Server\bin\Release\Goedel.Confirm.Server.dll&#39;
    Found assembly &#39;C:\Users\hallam\Work\mmm\Recrypt\Goedel.Recrypt\bin\Release\Goedel.Recrypt.dll&#39;
    Found assembly &#39;C:\Users\hallam\Work\mmm\Recrypt\Goedel.Recrypt.Client\bin\Release\Goedel.Recrypt.Client.dll&#39;
    Found assembly &#39;C:\Users\hallam\Work\mmm\Recrypt\Goedel.Recrypt.Server\bin\Release\Goedel.Recrypt.Server.dll&#39;

References to include (excluding framework assemblies):
    C:\Users\hallam\Work\buildtools\Libraries\Goedel.ASN\bin\Release\Goedel.ASN.dll
    C:\Users\hallam\Work\buildtools\Libraries\Goedel.Command\bin\Release\Goedel.Command.dll
    C:\Users\hallam\Work\buildtools\Libraries\Goedel.Cryptography.Container\bin\Release\Goedel.Cryptography.Container.dll
    C:\Users\hallam\Work\buildtools\Libraries\Goedel.Cryptography.Framework\bin\Release\Goedel.Cryptography.Framework.dll
    C:\Users\hallam\Work\buildtools\Libraries\Goedel.Cryptography.Jose\bin\Release\Goedel.Cryptography.Jose.dll
    C:\Users\hallam\Work\buildtools\Libraries\Goedel.Cryptography.KeyFile\bin\Release\Goedel.Cryptography.KeyFile.dll
    C:\Users\hallam\Work\buildtools\Libraries\Goedel.Cryptography.Linux\bin\Release\PHB Framework Library.dll
    C:\Users\hallam\Work\buildtools\Libraries\Goedel.Cryptography.Windows\bin\Release\Goedel.Cryptography.Windows.dll
    C:\Users\hallam\Work\buildtools\Libraries\Goedel.Cryptography\bin\Release\Goedel.Cryptography.dll
    C:\Users\hallam\Work\buildtools\Libraries\Goedel.Discovery\bin\Release\Goedel.Discovery.dll
    C:\Users\hallam\Work\buildtools\Libraries\Goedel.FSR\bin\Release\Goedel.FSR.dll
    C:\Users\hallam\Work\buildtools\Libraries\Goedel.IO\bin\Release\Goedel.IO.dll
    C:\Users\hallam\Work\buildtools\Libraries\Goedel.Persistence\bin\Release\Goedel.Persistence.dll
    C:\Users\hallam\Work\buildtools\Libraries\Goedel.Protocol.Debug\bin\Release\Goedel.Protocol.Debug.dll
    C:\Users\hallam\Work\buildtools\Libraries\Goedel.Protocol.Exchange.Server\bin\Release\Goedel.Protocol.Exchange.Server.dll
    C:\Users\hallam\Work\buildtools\Libraries\Goedel.Protocol.Exchange\bin\Release\Goedel.Protocol.Exchange.dll
    C:\Users\hallam\Work\buildtools\Libraries\Goedel.Protocol\bin\Release\Goedel.Protocol.dll
    C:\Users\hallam\Work\buildtools\Libraries\Goedel.Registry\bin\Release\Goedel.Registry.dll
    C:\Users\hallam\Work\buildtools\Libraries\Goedel.Test\bin\Release\Goedel.Test.dll
    C:\Users\hallam\Work\buildtools\Libraries\Goedel.Utilities\bin\Release\Goedel.Utilities.dll
    C:\Users\hallam\Work\mmm\Account\Goedel.Account.Client\bin\Release\Goedel.Account.Client.dll
    C:\Users\hallam\Work\mmm\Account\Goedel.Account.Server\bin\Release\Goedel.Account.Server.dll
    C:\Users\hallam\Work\mmm\Account\Goedel.Account\bin\Release\Goedel.Account.dll
    C:\Users\hallam\Work\mmm\Confirm\Goedel.Confirm.Client\bin\Release\Goedel.Confirm.Client.dll
    C:\Users\hallam\Work\mmm\Confirm\Goedel.Confirm.Server\bin\Release\Goedel.Confirm.Server.dll
    C:\Users\hallam\Work\mmm\Confirm\Goedel.Confirm.Shell.Server\bin\Release\Goedel.Confirm.Shell.Server.exe
    C:\Users\hallam\Work\mmm\Confirm\Goedel.Confirm\bin\Release\Goedel.Confirm.dll
    C:\Users\hallam\Work\mmm\Mesh\Goedel.Mesh.Client\bin\Release\Goedel.Mesh.Client.dll
    C:\Users\hallam\Work\mmm\Mesh\Goedel.Mesh.Platform.Linux\bin\Release\Goedel.Mesh.Platform.Linux.dll
    C:\Users\hallam\Work\mmm\Mesh\Goedel.Mesh.Platform.Windows\bin\Release\Goedel.Mesh.Platform.Windows.dll
    C:\Users\hallam\Work\mmm\Mesh\Goedel.Mesh.Platform\bin\Release\Goedel.Mesh.Platform.dll
    C:\Users\hallam\Work\mmm\Mesh\Goedel.Mesh.Server\bin\Release\Goedel.Mesh.Server.dll
    C:\Users\hallam\Work\mmm\Mesh\Goedel.Mesh\bin\Release\Goedel.Mesh.dll
    C:\Users\hallam\Work\mmm\Recrypt\Goedel.Recrypt.Client\bin\Release\Goedel.Recrypt.Client.dll
    C:\Users\hallam\Work\mmm\Recrypt\Goedel.Recrypt.Server\bin\Release\Goedel.Recrypt.Server.dll
    C:\Users\hallam\Work\mmm\Recrypt\Goedel.Recrypt.Shell.Client\bin\Release\Goedel.Shell.Recrypt.exe
    C:\Users\hallam\Work\mmm\Recrypt\Goedel.Recrypt.Shell.Server\bin\Release\Goedel.Recrypt.Shell.Server.exe
    C:\Users\hallam\Work\mmm\Recrypt\Goedel.Recrypt\bin\Release\Goedel.Recrypt.dll
    C:\Users\hallam\Work\mmm\Shells\Goedel.Mesh.Shell.MeshMan\bin\Release\Goedel.Mesh.Shell.MeshMan.dll

Copying XML comments files
    C:\Users\hallam\Work\buildtools\Libraries\Goedel.Utilities\bin\Release\Goedel.Utilities.xml -&gt; C:\Users\hallam\Work\WebPublish\prismproof\code\mmm\Working\Goedel.Utilities.xml
    C:\Users\hallam\Work\buildtools\Libraries\Goedel.Persistence\bin\Release\Goedel.Persistence.xml -&gt; C:\Users\hallam\Work\WebPublish\prismproof\code\mmm\Working\Goedel.Persistence.xml
    C:\Users\hallam\Work\buildtools\Libraries\Goedel.Registry\bin\Release\Goedel.Registry.xml -&gt; C:\Users\hallam\Work\WebPublish\prismproof\code\mmm\Working\Goedel.Registry.xml
    C:\Users\hallam\Work\buildtools\Libraries\Goedel.Protocol\bin\Release\Goedel.Protocol.xml -&gt; C:\Users\hallam\Work\WebPublish\prismproof\code\mmm\Working\Goedel.Protocol.xml
    C:\Users\hallam\Work\buildtools\Libraries\Goedel.Discovery\bin\Release\Goedel.Discovery.xml -&gt; C:\Users\hallam\Work\WebPublish\prismproof\code\mmm\Working\Goedel.Discovery.xml
    C:\Users\hallam\Work\buildtools\Libraries\Goedel.FSR\bin\Release\Goedel.FSR.xml -&gt; C:\Users\hallam\Work\WebPublish\prismproof\code\mmm\Working\Goedel.FSR.xml
    C:\Users\hallam\Work\buildtools\Libraries\Goedel.ASN\bin\Release\Goedel.ASN.xml -&gt; C:\Users\hallam\Work\WebPublish\prismproof\code\mmm\Working\Goedel.ASN.xml
    C:\Users\hallam\Work\buildtools\Libraries\Goedel.Cryptography\bin\Release\Goedel.Cryptography.xml -&gt; C:\Users\hallam\Work\WebPublish\prismproof\code\mmm\Working\Goedel.Cryptography.xml
    C:\Users\hallam\Work\buildtools\Libraries\Goedel.Cryptography.Container\bin\Release\Goedel.Cryptography.Container.xml -&gt; C:\Users\hallam\Work\WebPublish\prismproof\code\mmm\Working\Goedel.Cryptography.Container.xml
    C:\Users\hallam\Work\buildtools\Libraries\Goedel.Cryptography.Framework\bin\Release\Goedel.Cryptography.Framework.xml -&gt; C:\Users\hallam\Work\WebPublish\prismproof\code\mmm\Working\Goedel.Cryptography.Framework.xml
    C:\Users\hallam\Work\buildtools\Libraries\Goedel.Cryptography.Jose\bin\Release\Goedel.Cryptography.Jose.xml -&gt; C:\Users\hallam\Work\WebPublish\prismproof\code\mmm\Working\Goedel.Cryptography.Jose.xml
    C:\Users\hallam\Work\buildtools\Libraries\Goedel.Cryptography.KeyFile\bin\Release\Goedel.Cryptography.KeyFile.xml -&gt; C:\Users\hallam\Work\WebPublish\prismproof\code\mmm\Working\Goedel.Cryptography.KeyFile.xml
    C:\Users\hallam\Work\buildtools\Libraries\Goedel.Cryptography.Linux\bin\Release\PHB Framework Library.xml -&gt; C:\Users\hallam\Work\WebPublish\prismproof\code\mmm\Working\PHB Framework Library.xml
    C:\Users\hallam\Work\buildtools\Libraries\Goedel.Cryptography.Windows\bin\Release\Goedel.Cryptography.Windows.xml -&gt; C:\Users\hallam\Work\WebPublish\prismproof\code\mmm\Working\Goedel.Cryptography.Windows.xml
    C:\Users\hallam\Work\buildtools\Libraries\Goedel.IO\bin\Release\Goedel.IO.xml -&gt; C:\Users\hallam\Work\WebPublish\prismproof\code\mmm\Working\Goedel.IO.xml
    C:\Users\hallam\Work\mmm\Mesh\Goedel.Mesh\bin\Release\Goedel.Mesh.xml -&gt; C:\Users\hallam\Work\WebPublish\prismproof\code\mmm\Working\Goedel.Mesh.xml
    C:\Users\hallam\Work\mmm\Mesh\Goedel.Mesh.Client\bin\Release\Goedel.Mesh.Client.xml -&gt; C:\Users\hallam\Work\WebPublish\prismproof\code\mmm\Working\Goedel.Mesh.Client.xml
    C:\Users\hallam\Work\mmm\Mesh\Goedel.Mesh.Platform\bin\Release\Goedel.Mesh.Platform.xml -&gt; C:\Users\hallam\Work\WebPublish\prismproof\code\mmm\Working\Goedel.Mesh.Platform.xml
    C:\Users\hallam\Work\mmm\Mesh\Goedel.Mesh.Platform.Linux\bin\Release\Goedel.Mesh.Platform.Linux.xml -&gt; C:\Users\hallam\Work\WebPublish\prismproof\code\mmm\Working\Goedel.Mesh.Platform.Linux.xml
    C:\Users\hallam\Work\mmm\Mesh\Goedel.Mesh.Platform.Windows\bin\Release\Goedel.Mesh.Platform.Windows.xml -&gt; C:\Users\hallam\Work\WebPublish\prismproof\code\mmm\Working\Goedel.Mesh.Platform.Windows.xml
    C:\Users\hallam\Work\mmm\Mesh\Goedel.Mesh.Server\bin\Release\Goedel.Mesh.Server.xml -&gt; C:\Users\hallam\Work\WebPublish\prismproof\code\mmm\Working\Goedel.Mesh.Server.xml
    C:\Users\hallam\Work\mmm\Account\Goedel.Account\bin\Release\Goedel.Account.xml -&gt; C:\Users\hallam\Work\WebPublish\prismproof\code\mmm\Working\Goedel.Account.xml
    C:\Users\hallam\Work\mmm\Account\Goedel.Account.Client\bin\Release\Goedel.Account.Client.xml -&gt; C:\Users\hallam\Work\WebPublish\prismproof\code\mmm\Working\Goedel.Account.Client.xml
    C:\Users\hallam\Work\mmm\Account\Goedel.Account.Server\bin\Release\Goedel.Account.Server.xml -&gt; C:\Users\hallam\Work\WebPublish\prismproof\code\mmm\Working\Goedel.Account.Server.xml
    C:\Users\hallam\Work\mmm\Confirm\Goedel.Confirm\bin\Release\Goedel.Confirm.xml -&gt; C:\Users\hallam\Work\WebPublish\prismproof\code\mmm\Working\Goedel.Confirm.xml
    C:\Users\hallam\Work\mmm\Confirm\Goedel.Confirm.Client\bin\Release\Goedel.Confirm.Client.xml -&gt; C:\Users\hallam\Work\WebPublish\prismproof\code\mmm\Working\Goedel.Confirm.Client.xml
    C:\Users\hallam\Work\mmm\Confirm\Goedel.Confirm.Server\bin\Release\Goedel.Confirm.Server.xml -&gt; C:\Users\hallam\Work\WebPublish\prismproof\code\mmm\Working\Goedel.Confirm.Server.xml
    C:\Users\hallam\Work\mmm\Recrypt\Goedel.Recrypt\bin\Release\Goedel.Recrypt.xml -&gt; C:\Users\hallam\Work\WebPublish\prismproof\code\mmm\Working\Goedel.Recrypt.xml
    C:\Users\hallam\Work\mmm\Recrypt\Goedel.Recrypt.Client\bin\Release\Goedel.Recrypt.Client.xml -&gt; C:\Users\hallam\Work\WebPublish\prismproof\code\mmm\Working\Goedel.Recrypt.Client.xml
    C:\Users\hallam\Work\mmm\Recrypt\Goedel.Recrypt.Server\bin\Release\Goedel.Recrypt.Server.xml -&gt; C:\Users\hallam\Work\WebPublish\prismproof\code\mmm\Working\Goedel.Recrypt.Server.xml
</buildStep>
<buildStep step="GenerateSharedContent">
Generating shared content files (en-US, English (United States))...
<plugIn name="Lightweight Website Style" behavior="After" priority="1000">
</plugIn>    Last step completed in 00:00:00.0040
</buildStep>
<buildStep step="GenerateApiFilter">
Generating API filter for MRefBuilder...
    Last step completed in 00:00:00.0330
</buildStep>
<buildStep step="GenerateReflectionInfo">
Generating reflection information...
[C:\Program Files (x86)\Microsoft Visual Studio\2017\Community\MSBuild\15.0\Bin\MSBuild.exe - GenerateRefInfo.proj]
Build started 10/23/2017 11:43:35 PM.
Project &quot;C:\Users\hallam\Work\WebPublish\prismproof\code\mmm\Working\GenerateRefInfo.proj&quot; on node 1 (default targets).
PrepareForBuild:
  Creating directory &quot;obj\Debug\&quot;.
GenerateRefInfo:
  MRefBuilder (v2017.5.15.0)
  Copyright c 2006-2017, Microsoft Corporation, All Rights Reserved.
  Portions Copyright c 2006-2016, Eric Woodruff, All Rights Reserved.
  No source code context base path specified.  Source context information is unavailable.
  Loaded 30 assemblies for reflection and 40 dependency assemblies.
  Wrote information on 31 namespaces, 792 types, and 6780 members
  Copying file from &quot;reflection.org&quot; to &quot;reflection.all&quot;.
  XslTransform (v2017.5.15.0)
  Copyright c 2006-2017, Microsoft Corporation, All Rights Reserved.
  Portions Copyright c 2006-2016, Eric Woodruff, All Rights Reserved.
  Applying XSL transformation &#39;C:\Program Files (x86)\EWSoftware\Sandcastle Help File Builder\ProductionTransforms\MergeDuplicates.xsl&#39;.
Done Building Project &quot;C:\Users\hallam\Work\WebPublish\prismproof\code\mmm\Working\GenerateRefInfo.proj&quot; (default targets).
    Last step completed in 00:00:02.2397
</buildStep>
<buildStep step="TransformReflectionInfo">
Transforming reflection output...
[C:\Program Files (x86)\Microsoft Visual Studio\2017\Community\MSBuild\15.0\Bin\MSBuild.exe - TransformManifest.proj]
Build started 10/23/2017 11:43:37 PM.
Project &quot;C:\Users\hallam\Work\WebPublish\prismproof\code\mmm\Working\TransformManifest.proj&quot; on node 1 (default targets).
TransformManifest:
  XslTransform (v2017.5.15.0)
  Copyright c 2006-2017, Microsoft Corporation, All Rights Reserved.
  Portions Copyright c 2006-2016, Eric Woodruff, All Rights Reserved.
  Applying XSL transformation &#39;C:\Program Files (x86)\EWSoftware\Sandcastle Help File Builder\\ProductionTransforms\ApplyVSDocModel.xsl&#39;.
  Copying file from &quot;reflection.xml&quot; to &quot;reflection.nofilenames&quot;.
  XslTransform (v2017.5.15.0)
  Copyright c 2006-2017, Microsoft Corporation, All Rights Reserved.
  Portions Copyright c 2006-2016, Eric Woodruff, All Rights Reserved.
  Applying XSL transformation &#39;C:\Program Files (x86)\EWSoftware\Sandcastle Help File Builder\ProductionTransforms\AddFilenames.xsl&#39;.
  XslTransform (v2017.5.15.0)
  Copyright c 2006-2017, Microsoft Corporation, All Rights Reserved.
  Portions Copyright c 2006-2016, Eric Woodruff, All Rights Reserved.
  Applying XSL transformation &#39;C:\Program Files (x86)\EWSoftware\Sandcastle Help File Builder\ProductionTransforms\ReflectionToManifest.xsl&#39;.
Done Building Project &quot;C:\Users\hallam\Work\WebPublish\prismproof\code\mmm\Working\TransformManifest.proj&quot; (default targets).
    Last step completed in 00:00:03.2889
</buildStep>
<buildStep step="GenerateNamespaceSummaries">
Generating namespace summary information...
    Last step completed in 00:00:00.4204
</buildStep>
<buildStep step="CopyConceptualContent">
Copying conceptual content...
Copying standard token shared content file...
Checking for other token files...
Checking for code snippets files...
Copying images and creating the media map file...
Generating conceptual topic files
    Parsing topic file &#39;C:\Users\hallam\Work\mmm\Documentation\MMMLibraries\ContentProject\Welcome.aml&#39;
    C:\Users\hallam\Work\mmm\Documentation\MMMLibraries\ContentProject\Welcome.aml -&gt; C:\Users\hallam\Work\WebPublish\prismproof\code\mmm\Working\ddueXml\12cd4543-7aeb-41b3-81cf-4f828b2f76d7.xml
    Parsing topic file &#39;C:\Users\hallam\Work\mmm\Documentation\MMMLibraries\ContentProject\Meshifying.aml&#39;
    C:\Users\hallam\Work\mmm\Documentation\MMMLibraries\ContentProject\Meshifying.aml -&gt; C:\Users\hallam\Work\WebPublish\prismproof\code\mmm\Working\ddueXml\51d8c99a-51dc-4096-8685-2108ec2892b4.xml
    Parsing topic file &#39;C:\Users\hallam\Work\mmm\Documentation\MMMLibraries\ContentProject\Profiles.aml&#39;
    C:\Users\hallam\Work\mmm\Documentation\MMMLibraries\ContentProject\Profiles.aml -&gt; C:\Users\hallam\Work\WebPublish\prismproof\code\mmm\Working\ddueXml\83ad038a-a806-4d03-8f45-3ace3f1db8ca.xml
    Parsing topic file &#39;C:\Users\hallam\Work\mmm\Documentation\MMMLibraries\ContentProject\Services.aml&#39;
    C:\Users\hallam\Work\mmm\Documentation\MMMLibraries\ContentProject\Services.aml -&gt; C:\Users\hallam\Work\WebPublish\prismproof\code\mmm\Working\ddueXml\0cc9563f-55ea-4fe1-84d7-cdefd3c04ede.xml
    Parsing topic file &#39;C:\Users\hallam\Work\mmm\Documentation\MMMLibraries\ContentProject\ToDo.aml&#39;
    C:\Users\hallam\Work\mmm\Documentation\MMMLibraries\ContentProject\ToDo.aml -&gt; C:\Users\hallam\Work\WebPublish\prismproof\code\mmm\Working\ddueXml\0695f76e-4221-4514-aa03-e49c20375202.xml
    Parsing topic file &#39;C:\Users\hallam\Work\mmm\Documentation\MMMLibraries\ContentProject\Applications.aml&#39;
    C:\Users\hallam\Work\mmm\Documentation\MMMLibraries\ContentProject\Applications.aml -&gt; C:\Users\hallam\Work\WebPublish\prismproof\code\mmm\Working\ddueXml\43B8497A-BD11-46E5-997B-51CEBB983CE7.xml
    Parsing topic file &#39;C:\Users\hallam\Work\mmm\Documentation\MMMLibraries\ContentProject\Applications\Confirm.aml&#39;
    C:\Users\hallam\Work\mmm\Documentation\MMMLibraries\ContentProject\Applications\Confirm.aml -&gt; C:\Users\hallam\Work\WebPublish\prismproof\code\mmm\Working\ddueXml\4de8bec4-1e2f-4d1a-8d2d-dcc32b4bc8ae.xml
    Parsing topic file &#39;C:\Users\hallam\Work\mmm\Documentation\MMMLibraries\ContentProject\Applications\Credential.aml&#39;
    C:\Users\hallam\Work\mmm\Documentation\MMMLibraries\ContentProject\Applications\Credential.aml -&gt; C:\Users\hallam\Work\WebPublish\prismproof\code\mmm\Working\ddueXml\bfa7192b-9d08-4147-bb92-0fb5d3c549ed.xml
    Parsing topic file &#39;C:\Users\hallam\Work\mmm\Documentation\MMMLibraries\ContentProject\Applications\Mail.aml&#39;
    C:\Users\hallam\Work\mmm\Documentation\MMMLibraries\ContentProject\Applications\Mail.aml -&gt; C:\Users\hallam\Work\WebPublish\prismproof\code\mmm\Working\ddueXml\2592eb79-3d76-4064-9960-f50f2393a267.xml
    Parsing topic file &#39;C:\Users\hallam\Work\mmm\Documentation\MMMLibraries\ContentProject\Applications\Recrypt.aml&#39;
    C:\Users\hallam\Work\mmm\Documentation\MMMLibraries\ContentProject\Applications\Recrypt.aml -&gt; C:\Users\hallam\Work\WebPublish\prismproof\code\mmm\Working\ddueXml\4286b096-0c48-4ed6-9dbe-fdd62d280a4b.xml
    Parsing topic file &#39;C:\Users\hallam\Work\mmm\Documentation\MMMLibraries\ContentProject\Applications\SSH.aml&#39;
    C:\Users\hallam\Work\mmm\Documentation\MMMLibraries\ContentProject\Applications\SSH.aml -&gt; C:\Users\hallam\Work\WebPublish\prismproof\code\mmm\Working\ddueXml\68888558-dae0-44b5-94d7-1b7f60d7ea16.xml
    Parsing topic file &#39;C:\Users\hallam\Work\mmm\Documentation\MMMLibraries\ContentProject\Applications\Account.aml&#39;
    C:\Users\hallam\Work\mmm\Documentation\MMMLibraries\ContentProject\Applications\Account.aml -&gt; C:\Users\hallam\Work\WebPublish\prismproof\code\mmm\Working\ddueXml\27f3a1b5-6d97-4dde-b996-57399a4dbd26.xml
    Parsing topic file &#39;C:\Users\hallam\Work\mmm\Documentation\MMMLibraries\ContentProject\Platforms.aml&#39;
    C:\Users\hallam\Work\mmm\Documentation\MMMLibraries\ContentProject\Platforms.aml -&gt; C:\Users\hallam\Work\WebPublish\prismproof\code\mmm\Working\ddueXml\2397c1a8-7c99-4eb5-a540-913a4e9ee8ba.xml
    Parsing topic file &#39;C:\Users\hallam\Work\mmm\Documentation\MMMLibraries\ContentProject\Platforms\Linux.aml&#39;
    C:\Users\hallam\Work\mmm\Documentation\MMMLibraries\ContentProject\Platforms\Linux.aml -&gt; C:\Users\hallam\Work\WebPublish\prismproof\code\mmm\Working\ddueXml\ecfe1ed5-40eb-405b-899b-715f94f6ddb1.xml
    Parsing topic file &#39;C:\Users\hallam\Work\mmm\Documentation\MMMLibraries\ContentProject\Platforms\OSX.aml&#39;
    C:\Users\hallam\Work\mmm\Documentation\MMMLibraries\ContentProject\Platforms\OSX.aml -&gt; C:\Users\hallam\Work\WebPublish\prismproof\code\mmm\Working\ddueXml\af8c4bb4-ac98-4f5f-a509-ffe9d7dc5f5f.xml
    Parsing topic file &#39;C:\Users\hallam\Work\mmm\Documentation\MMMLibraries\ContentProject\Platforms\Windows.aml&#39;
    C:\Users\hallam\Work\mmm\Documentation\MMMLibraries\ContentProject\Platforms\Windows.aml -&gt; C:\Users\hallam\Work\WebPublish\prismproof\code\mmm\Working\ddueXml\dc96eacc-aa64-4231-93eb-21bafdb6bd82.xml
    Parsing topic file &#39;C:\Users\hallam\Work\mmm\Documentation\MMMLibraries\Content\VersionHistory\VersionHistory.aml&#39;
    C:\Users\hallam\Work\mmm\Documentation\MMMLibraries\Content\VersionHistory\VersionHistory.aml -&gt; C:\Users\hallam\Work\WebPublish\prismproof\code\mmm\Working\ddueXml\301c4c00-3434-40c7-97c4-be6fffe6001a.xml
    Parsing topic file &#39;C:\Users\hallam\Work\mmm\Documentation\MMMLibraries\Content\VersionHistory\v1.0.0.0.aml&#39;
    C:\Users\hallam\Work\mmm\Documentation\MMMLibraries\Content\VersionHistory\v1.0.0.0.aml -&gt; C:\Users\hallam\Work\WebPublish\prismproof\code\mmm\Working\ddueXml\5038bfc9-41af-4e65-8698-1b0234a45d1e.xml
    Last step completed in 00:00:00.1060
</buildStep>
<buildStep step="CreateConceptualTopicConfigs">
Creating conceptual topic configuration files...
    Companion files
    _ContentMetadata_.xml
    Merging topic IDs into manifest.xml
    Last step completed in 00:00:00.0445
</buildStep>
<buildStep step="CopyAdditionalContent">
Copying additional content files...
C:\Users\hallam\Work\mmm\Documentation\MMMLibraries\icons\Help.png -&gt; C:\Users\hallam\Work\WebPublish\prismproof\code\mmm\Working\Output\HtmlHelp1\icons\Help.png
C:\Users\hallam\Work\mmm\Documentation\MMMLibraries\icons\Help.png -&gt; C:\Users\hallam\Work\WebPublish\prismproof\code\mmm\Working\Output\MSHelpViewer\icons\Help.png
C:\Users\hallam\Work\mmm\Documentation\MMMLibraries\icons\Help.png -&gt; C:\Users\hallam\Work\WebPublish\prismproof\code\mmm\Working\Output\Website\icons\Help.png
    Last step completed in 00:00:00.0135
</buildStep>
<buildStep step="MergeTablesOfContents">
Merging conceptual and additional tables of contents...
    Last step completed in 00:00:00.0010
</buildStep>
<buildStep step="GenerateIntermediateTableOfContents">
Generating intermediate table of contents file...
[C:\Program Files (x86)\Microsoft Visual Studio\2017\Community\MSBuild\15.0\Bin\MSBuild.exe - GenerateIntermediateTOC.proj]
Build started 10/23/2017 11:43:41 PM.
Project &quot;C:\Users\hallam\Work\WebPublish\prismproof\code\mmm\Working\GenerateIntermediateTOC.proj&quot; on node 1 (default targets).
GenerateIntermediateTOC:
  XslTransform (v2017.5.15.0)
  Copyright c 2006-2017, Microsoft Corporation, All Rights Reserved.
  Portions Copyright c 2006-2016, Eric Woodruff, All Rights Reserved.
  Applying XSL transformation &#39;C:\Program Files (x86)\EWSoftware\Sandcastle Help File Builder\\ProductionTransforms\CreateVSToc.xsl&#39;.
Done Building Project &quot;C:\Users\hallam\Work\WebPublish\prismproof\code\mmm\Working\GenerateIntermediateTOC.proj&quot; (default targets).
Generating conceptual content intermediate TOC file...
    Last step completed in 00:00:00.7363
</buildStep>
<buildStep step="CreateBuildAssemblerConfigs">
Creating Sandcastle configuration files...
    sandcastle.config
    Last step completed in 00:00:00.3822
</buildStep>
<buildStep step="MergeCustomConfigs">
Merging custom build component configurations
C:\Users\hallam\Work\WebPublish\prismproof\code\mmm\Working\sandcastle.config
  Updating reference topic configurations.
  Updating conceptual topic configurations.
    Removing unused ExampleComponent.
    Last step completed in 00:00:00.0260
</buildStep>
<buildStep step="BuildTopics">
Building help topics...
[C:\Program Files (x86)\Microsoft Visual Studio\2017\Community\MSBuild\15.0\Bin\MSBuild.exe - BuildTopics.proj]
Build started 10/23/2017 11:43:42 PM.
Project &quot;C:\Users\hallam\Work\WebPublish\prismproof\code\mmm\Working\BuildTopics.proj&quot; on node 1 (default targets).
BuildTopics:
  BuildAssembler (v2017.5.15.0)
  Copyright c 2006-2017, Microsoft Corporation, All Rights Reserved.
  Portions Copyright c 2006-2016, Eric Woodruff, All Rights Reserved.
  Loading configuration...
  Processing topics...
  Processed 9645 topic(s)
  CopyFromIndexComponent: &quot;metadata&quot; in-memory cache entries used: 1 of 15.
  ResolveArtLinksComponent: Copying media files...
  ResolveArtLinksComponent: Copying media files...
  ResolveArtLinksComponent: Copying media files...
  CopyFromIndexComponent: &quot;reflection&quot; in-memory cache entries used: 15 of 15.
  CopyFromIndexComponent: &quot;comments&quot; in-memory cache entries used: 30 of 30.
Done Building Project &quot;C:\Users\hallam\Work\WebPublish\prismproof\code\mmm\Working\BuildTopics.proj&quot; (default targets).
    Last step completed in 00:01:31.6926
</buildStep>
<buildStep step="CombiningIntermediateTocFiles">
Combining conceptual and API intermediate TOC files...
    Last step completed in 00:00:00.0440
</buildStep>
<buildStep step="ExtractingHtmlInfo">
Extracting HTML info for HTML Help 1 and/or website...
[C:\Program Files (x86)\Microsoft Visual Studio\2017\Community\MSBuild\15.0\Bin\MSBuild.exe - ExtractHtmlInfo.proj]
Sandcastle Help File Builder and Tools, version 2017.5.15.0
Copyright c 2006-2017, Eric Woodruff, All Rights Reserved
E-Mail: Eric@EWoodruff.us

Using LCID &#39;1033&#39;, code page &#39;65001&#39;, encoding charset &#39;UTF-8&#39;.

Processing Help 1 files in C:\Users\hallam\Work\WebPublish\prismproof\code\mmm\Working\Output\HtmlHelp1
Processed 9645 HTML files
Sorting keywords and generating See Also indices
Saving HTML Help 1 keyword index to C:\Users\hallam\Work\WebPublish\prismproof\code\mmm\Working\MMMLibraries.hhk
Saving HTML Help 1 table of contents to C:\Users\hallam\Work\WebPublish\prismproof\code\mmm\Working\MMMLibraries.hhc

Processing website files in C:\Users\hallam\Work\WebPublish\prismproof\code\mmm\Working\Output\Website
Processed 9645 HTML files
Sorting keywords and generating See Also indices
Saving website keyword index to C:\Users\hallam\Work\WebPublish\prismproof\code\mmm\Working\WebKI.xml
Saving website table of contents to C:\Users\hallam\Work\WebPublish\prismproof\code\mmm\Working\WebTOC.xml
    Last step completed in 00:00:09.0612
</buildStep>
<buildStep step="CopyStandardHelpContent">
Copying standard help content...
C:\Program Files (x86)\EWSoftware\Sandcastle Help File Builder\PresentationStyles\VS2013\icons\AlertCaution.png -&gt; C:\Users\hallam\Work\WebPublish\prismproof\code\mmm\Working\Output\HtmlHelp1\icons\AlertCaution.png
C:\Program Files (x86)\EWSoftware\Sandcastle Help File Builder\PresentationStyles\VS2013\icons\AlertNote.png -&gt; C:\Users\hallam\Work\WebPublish\prismproof\code\mmm\Working\Output\HtmlHelp1\icons\AlertNote.png
C:\Program Files (x86)\EWSoftware\Sandcastle Help File Builder\PresentationStyles\VS2013\icons\AlertSecurity.png -&gt; C:\Users\hallam\Work\WebPublish\prismproof\code\mmm\Working\Output\HtmlHelp1\icons\AlertSecurity.png
C:\Program Files (x86)\EWSoftware\Sandcastle Help File Builder\PresentationStyles\VS2013\icons\CFW.gif -&gt; C:\Users\hallam\Work\WebPublish\prismproof\code\mmm\Working\Output\HtmlHelp1\icons\CFW.gif
C:\Program Files (x86)\EWSoftware\Sandcastle Help File Builder\PresentationStyles\VS2013\icons\CodeExample.png -&gt; C:\Users\hallam\Work\WebPublish\prismproof\code\mmm\Working\Output\HtmlHelp1\icons\CodeExample.png
C:\Program Files (x86)\EWSoftware\Sandcastle Help File Builder\PresentationStyles\VS2013\icons\favicon.ico -&gt; C:\Users\hallam\Work\WebPublish\prismproof\code\mmm\Working\Output\HtmlHelp1\icons\favicon.ico
C:\Program Files (x86)\EWSoftware\Sandcastle Help File Builder\PresentationStyles\VS2013\icons\privclass.gif -&gt; C:\Users\hallam\Work\WebPublish\prismproof\code\mmm\Working\Output\HtmlHelp1\icons\privclass.gif
C:\Program Files (x86)\EWSoftware\Sandcastle Help File Builder\PresentationStyles\VS2013\icons\privdelegate.gif -&gt; C:\Users\hallam\Work\WebPublish\prismproof\code\mmm\Working\Output\HtmlHelp1\icons\privdelegate.gif
C:\Program Files (x86)\EWSoftware\Sandcastle Help File Builder\PresentationStyles\VS2013\icons\privenumeration.gif -&gt; C:\Users\hallam\Work\WebPublish\prismproof\code\mmm\Working\Output\HtmlHelp1\icons\privenumeration.gif
C:\Program Files (x86)\EWSoftware\Sandcastle Help File Builder\PresentationStyles\VS2013\icons\privevent.gif -&gt; C:\Users\hallam\Work\WebPublish\prismproof\code\mmm\Working\Output\HtmlHelp1\icons\privevent.gif
C:\Program Files (x86)\EWSoftware\Sandcastle Help File Builder\PresentationStyles\VS2013\icons\privextension.gif -&gt; C:\Users\hallam\Work\WebPublish\prismproof\code\mmm\Working\Output\HtmlHelp1\icons\privextension.gif
C:\Program Files (x86)\EWSoftware\Sandcastle Help File Builder\PresentationStyles\VS2013\icons\privfield.gif -&gt; C:\Users\hallam\Work\WebPublish\prismproof\code\mmm\Working\Output\HtmlHelp1\icons\privfield.gif
C:\Program Files (x86)\EWSoftware\Sandcastle Help File Builder\PresentationStyles\VS2013\icons\privinterface.gif -&gt; C:\Users\hallam\Work\WebPublish\prismproof\code\mmm\Working\Output\HtmlHelp1\icons\privinterface.gif
C:\Program Files (x86)\EWSoftware\Sandcastle Help File Builder\PresentationStyles\VS2013\icons\privmethod.gif -&gt; C:\Users\hallam\Work\WebPublish\prismproof\code\mmm\Working\Output\HtmlHelp1\icons\privmethod.gif
C:\Program Files (x86)\EWSoftware\Sandcastle Help File Builder\PresentationStyles\VS2013\icons\privproperty.gif -&gt; C:\Users\hallam\Work\WebPublish\prismproof\code\mmm\Working\Output\HtmlHelp1\icons\privproperty.gif
C:\Program Files (x86)\EWSoftware\Sandcastle Help File Builder\PresentationStyles\VS2013\icons\privstructure.gif -&gt; C:\Users\hallam\Work\WebPublish\prismproof\code\mmm\Working\Output\HtmlHelp1\icons\privstructure.gif
C:\Program Files (x86)\EWSoftware\Sandcastle Help File Builder\PresentationStyles\VS2013\icons\protclass.gif -&gt; C:\Users\hallam\Work\WebPublish\prismproof\code\mmm\Working\Output\HtmlHelp1\icons\protclass.gif
C:\Program Files (x86)\EWSoftware\Sandcastle Help File Builder\PresentationStyles\VS2013\icons\protdelegate.gif -&gt; C:\Users\hallam\Work\WebPublish\prismproof\code\mmm\Working\Output\HtmlHelp1\icons\protdelegate.gif
C:\Program Files (x86)\EWSoftware\Sandcastle Help File Builder\PresentationStyles\VS2013\icons\protenumeration.gif -&gt; C:\Users\hallam\Work\WebPublish\prismproof\code\mmm\Working\Output\HtmlHelp1\icons\protenumeration.gif
C:\Program Files (x86)\EWSoftware\Sandcastle Help File Builder\PresentationStyles\VS2013\icons\protevent.gif -&gt; C:\Users\hallam\Work\WebPublish\prismproof\code\mmm\Working\Output\HtmlHelp1\icons\protevent.gif
C:\Program Files (x86)\EWSoftware\Sandcastle Help File Builder\PresentationStyles\VS2013\icons\protextension.gif -&gt; C:\Users\hallam\Work\WebPublish\prismproof\code\mmm\Working\Output\HtmlHelp1\icons\protextension.gif
C:\Program Files (x86)\EWSoftware\Sandcastle Help File Builder\PresentationStyles\VS2013\icons\protfield.gif -&gt; C:\Users\hallam\Work\WebPublish\prismproof\code\mmm\Working\Output\HtmlHelp1\icons\protfield.gif
C:\Program Files (x86)\EWSoftware\Sandcastle Help File Builder\PresentationStyles\VS2013\icons\protinterface.gif -&gt; C:\Users\hallam\Work\WebPublish\prismproof\code\mmm\Working\Output\HtmlHelp1\icons\protinterface.gif
C:\Program Files (x86)\EWSoftware\Sandcastle Help File Builder\PresentationStyles\VS2013\icons\protmethod.gif -&gt; C:\Users\hallam\Work\WebPublish\prismproof\code\mmm\Working\Output\HtmlHelp1\icons\protmethod.gif
C:\Program Files (x86)\EWSoftware\Sandcastle Help File Builder\PresentationStyles\VS2013\icons\protoperator.gif -&gt; C:\Users\hallam\Work\WebPublish\prismproof\code\mmm\Working\Output\HtmlHelp1\icons\protoperator.gif
C:\Program Files (x86)\EWSoftware\Sandcastle Help File Builder\PresentationStyles\VS2013\icons\protproperty.gif -&gt; C:\Users\hallam\Work\WebPublish\prismproof\code\mmm\Working\Output\HtmlHelp1\icons\protproperty.gif
C:\Program Files (x86)\EWSoftware\Sandcastle Help File Builder\PresentationStyles\VS2013\icons\protstructure.gif -&gt; C:\Users\hallam\Work\WebPublish\prismproof\code\mmm\Working\Output\HtmlHelp1\icons\protstructure.gif
C:\Program Files (x86)\EWSoftware\Sandcastle Help File Builder\PresentationStyles\VS2013\icons\pubclass.gif -&gt; C:\Users\hallam\Work\WebPublish\prismproof\code\mmm\Working\Output\HtmlHelp1\icons\pubclass.gif
C:\Program Files (x86)\EWSoftware\Sandcastle Help File Builder\PresentationStyles\VS2013\icons\pubdelegate.gif -&gt; C:\Users\hallam\Work\WebPublish\prismproof\code\mmm\Working\Output\HtmlHelp1\icons\pubdelegate.gif
C:\Program Files (x86)\EWSoftware\Sandcastle Help File Builder\PresentationStyles\VS2013\icons\pubenumeration.gif -&gt; C:\Users\hallam\Work\WebPublish\prismproof\code\mmm\Working\Output\HtmlHelp1\icons\pubenumeration.gif
C:\Program Files (x86)\EWSoftware\Sandcastle Help File Builder\PresentationStyles\VS2013\icons\pubevent.gif -&gt; C:\Users\hallam\Work\WebPublish\prismproof\code\mmm\Working\Output\HtmlHelp1\icons\pubevent.gif
C:\Program Files (x86)\EWSoftware\Sandcastle Help File Builder\PresentationStyles\VS2013\icons\pubextension.gif -&gt; C:\Users\hallam\Work\WebPublish\prismproof\code\mmm\Working\Output\HtmlHelp1\icons\pubextension.gif
C:\Program Files (x86)\EWSoftware\Sandcastle Help File Builder\PresentationStyles\VS2013\icons\pubfield.gif -&gt; C:\Users\hallam\Work\WebPublish\prismproof\code\mmm\Working\Output\HtmlHelp1\icons\pubfield.gif
C:\Program Files (x86)\EWSoftware\Sandcastle Help File Builder\PresentationStyles\VS2013\icons\pubinterface.gif -&gt; C:\Users\hallam\Work\WebPublish\prismproof\code\mmm\Working\Output\HtmlHelp1\icons\pubinterface.gif
C:\Program Files (x86)\EWSoftware\Sandcastle Help File Builder\PresentationStyles\VS2013\icons\pubmethod.gif -&gt; C:\Users\hallam\Work\WebPublish\prismproof\code\mmm\Working\Output\HtmlHelp1\icons\pubmethod.gif
C:\Program Files (x86)\EWSoftware\Sandcastle Help File Builder\PresentationStyles\VS2013\icons\puboperator.gif -&gt; C:\Users\hallam\Work\WebPublish\prismproof\code\mmm\Working\Output\HtmlHelp1\icons\puboperator.gif
C:\Program Files (x86)\EWSoftware\Sandcastle Help File Builder\PresentationStyles\VS2013\icons\pubproperty.gif -&gt; C:\Users\hallam\Work\WebPublish\prismproof\code\mmm\Working\Output\HtmlHelp1\icons\pubproperty.gif
C:\Program Files (x86)\EWSoftware\Sandcastle Help File Builder\PresentationStyles\VS2013\icons\pubstructure.gif -&gt; C:\Users\hallam\Work\WebPublish\prismproof\code\mmm\Working\Output\HtmlHelp1\icons\pubstructure.gif
C:\Program Files (x86)\EWSoftware\Sandcastle Help File Builder\PresentationStyles\VS2013\icons\SectionCollapsed.png -&gt; C:\Users\hallam\Work\WebPublish\prismproof\code\mmm\Working\Output\HtmlHelp1\icons\SectionCollapsed.png
C:\Program Files (x86)\EWSoftware\Sandcastle Help File Builder\PresentationStyles\VS2013\icons\SectionExpanded.png -&gt; C:\Users\hallam\Work\WebPublish\prismproof\code\mmm\Working\Output\HtmlHelp1\icons\SectionExpanded.png
C:\Program Files (x86)\EWSoftware\Sandcastle Help File Builder\PresentationStyles\VS2013\icons\slMobile.gif -&gt; C:\Users\hallam\Work\WebPublish\prismproof\code\mmm\Working\Output\HtmlHelp1\icons\slMobile.gif
C:\Program Files (x86)\EWSoftware\Sandcastle Help File Builder\PresentationStyles\VS2013\icons\static.gif -&gt; C:\Users\hallam\Work\WebPublish\prismproof\code\mmm\Working\Output\HtmlHelp1\icons\static.gif
C:\Program Files (x86)\EWSoftware\Sandcastle Help File Builder\PresentationStyles\VS2013\icons\xna.gif -&gt; C:\Users\hallam\Work\WebPublish\prismproof\code\mmm\Working\Output\HtmlHelp1\icons\xna.gif
C:\Program Files (x86)\EWSoftware\Sandcastle Help File Builder\PresentationStyles\VS2013\scripts\branding.js -&gt; C:\Users\hallam\Work\WebPublish\prismproof\code\mmm\Working\Output\HtmlHelp1\scripts\branding.js
C:\Program Files (x86)\EWSoftware\Sandcastle Help File Builder\PresentationStyles\VS2013\styles\branding-cs-CZ.css -&gt; C:\Users\hallam\Work\WebPublish\prismproof\code\mmm\Working\Output\HtmlHelp1\styles\branding-cs-CZ.css
C:\Program Files (x86)\EWSoftware\Sandcastle Help File Builder\PresentationStyles\VS2013\styles\branding-de-DE.css -&gt; C:\Users\hallam\Work\WebPublish\prismproof\code\mmm\Working\Output\HtmlHelp1\styles\branding-de-DE.css
C:\Program Files (x86)\EWSoftware\Sandcastle Help File Builder\PresentationStyles\VS2013\styles\branding-en-US.css -&gt; C:\Users\hallam\Work\WebPublish\prismproof\code\mmm\Working\Output\HtmlHelp1\styles\branding-en-US.css
C:\Program Files (x86)\EWSoftware\Sandcastle Help File Builder\PresentationStyles\VS2013\styles\branding-es-ES.css -&gt; C:\Users\hallam\Work\WebPublish\prismproof\code\mmm\Working\Output\HtmlHelp1\styles\branding-es-ES.css
C:\Program Files (x86)\EWSoftware\Sandcastle Help File Builder\PresentationStyles\VS2013\styles\branding-fr-FR.css -&gt; C:\Users\hallam\Work\WebPublish\prismproof\code\mmm\Working\Output\HtmlHelp1\styles\branding-fr-FR.css
C:\Program Files (x86)\EWSoftware\Sandcastle Help File Builder\PresentationStyles\VS2013\styles\branding-Help1.css -&gt; C:\Users\hallam\Work\WebPublish\prismproof\code\mmm\Working\Output\HtmlHelp1\styles\branding-Help1.css
C:\Program Files (x86)\EWSoftware\Sandcastle Help File Builder\PresentationStyles\VS2013\styles\branding-HelpViewer.css -&gt; C:\Users\hallam\Work\WebPublish\prismproof\code\mmm\Working\Output\HtmlHelp1\styles\branding-HelpViewer.css
C:\Program Files (x86)\EWSoftware\Sandcastle Help File Builder\PresentationStyles\VS2013\styles\branding-it-IT.css -&gt; C:\Users\hallam\Work\WebPublish\prismproof\code\mmm\Working\Output\HtmlHelp1\styles\branding-it-IT.css
C:\Program Files (x86)\EWSoftware\Sandcastle Help File Builder\PresentationStyles\VS2013\styles\branding-ja-JP.css -&gt; C:\Users\hallam\Work\WebPublish\prismproof\code\mmm\Working\Output\HtmlHelp1\styles\branding-ja-JP.css
C:\Program Files (x86)\EWSoftware\Sandcastle Help File Builder\PresentationStyles\VS2013\styles\branding-ko-KR.css -&gt; C:\Users\hallam\Work\WebPublish\prismproof\code\mmm\Working\Output\HtmlHelp1\styles\branding-ko-KR.css
C:\Program Files (x86)\EWSoftware\Sandcastle Help File Builder\PresentationStyles\VS2013\styles\branding-pl-PL.css -&gt; C:\Users\hallam\Work\WebPublish\prismproof\code\mmm\Working\Output\HtmlHelp1\styles\branding-pl-PL.css
C:\Program Files (x86)\EWSoftware\Sandcastle Help File Builder\PresentationStyles\VS2013\styles\branding-pt-BR.css -&gt; C:\Users\hallam\Work\WebPublish\prismproof\code\mmm\Working\Output\HtmlHelp1\styles\branding-pt-BR.css
C:\Program Files (x86)\EWSoftware\Sandcastle Help File Builder\PresentationStyles\VS2013\styles\branding-ru-RU.css -&gt; C:\Users\hallam\Work\WebPublish\prismproof\code\mmm\Working\Output\HtmlHelp1\styles\branding-ru-RU.css
C:\Program Files (x86)\EWSoftware\Sandcastle Help File Builder\PresentationStyles\VS2013\styles\branding-tr-TR.css -&gt; C:\Users\hallam\Work\WebPublish\prismproof\code\mmm\Working\Output\HtmlHelp1\styles\branding-tr-TR.css
C:\Program Files (x86)\EWSoftware\Sandcastle Help File Builder\PresentationStyles\VS2013\styles\branding-Website.css -&gt; C:\Users\hallam\Work\WebPublish\prismproof\code\mmm\Working\Output\HtmlHelp1\styles\branding-Website.css
C:\Program Files (x86)\EWSoftware\Sandcastle Help File Builder\PresentationStyles\VS2013\styles\branding-zh-CN.css -&gt; C:\Users\hallam\Work\WebPublish\prismproof\code\mmm\Working\Output\HtmlHelp1\styles\branding-zh-CN.css
C:\Program Files (x86)\EWSoftware\Sandcastle Help File Builder\PresentationStyles\VS2013\styles\branding-zh-TW.css -&gt; C:\Users\hallam\Work\WebPublish\prismproof\code\mmm\Working\Output\HtmlHelp1\styles\branding-zh-TW.css
C:\Program Files (x86)\EWSoftware\Sandcastle Help File Builder\PresentationStyles\VS2013\styles\branding.css -&gt; C:\Users\hallam\Work\WebPublish\prismproof\code\mmm\Working\Output\HtmlHelp1\styles\branding.css
C:\Program Files (x86)\EWSoftware\Sandcastle Help File Builder\PresentationStyles\VS2013\icons\AlertCaution.png -&gt; C:\Users\hallam\Work\WebPublish\prismproof\code\mmm\Working\Output\MSHelpViewer\icons\AlertCaution.png
C:\Program Files (x86)\EWSoftware\Sandcastle Help File Builder\PresentationStyles\VS2013\icons\AlertNote.png -&gt; C:\Users\hallam\Work\WebPublish\prismproof\code\mmm\Working\Output\MSHelpViewer\icons\AlertNote.png
C:\Program Files (x86)\EWSoftware\Sandcastle Help File Builder\PresentationStyles\VS2013\icons\AlertSecurity.png -&gt; C:\Users\hallam\Work\WebPublish\prismproof\code\mmm\Working\Output\MSHelpViewer\icons\AlertSecurity.png
C:\Program Files (x86)\EWSoftware\Sandcastle Help File Builder\PresentationStyles\VS2013\icons\CFW.gif -&gt; C:\Users\hallam\Work\WebPublish\prismproof\code\mmm\Working\Output\MSHelpViewer\icons\CFW.gif
C:\Program Files (x86)\EWSoftware\Sandcastle Help File Builder\PresentationStyles\VS2013\icons\CodeExample.png -&gt; C:\Users\hallam\Work\WebPublish\prismproof\code\mmm\Working\Output\MSHelpViewer\icons\CodeExample.png
C:\Program Files (x86)\EWSoftware\Sandcastle Help File Builder\PresentationStyles\VS2013\icons\favicon.ico -&gt; C:\Users\hallam\Work\WebPublish\prismproof\code\mmm\Working\Output\MSHelpViewer\icons\favicon.ico
C:\Program Files (x86)\EWSoftware\Sandcastle Help File Builder\PresentationStyles\VS2013\icons\privclass.gif -&gt; C:\Users\hallam\Work\WebPublish\prismproof\code\mmm\Working\Output\MSHelpViewer\icons\privclass.gif
C:\Program Files (x86)\EWSoftware\Sandcastle Help File Builder\PresentationStyles\VS2013\icons\privdelegate.gif -&gt; C:\Users\hallam\Work\WebPublish\prismproof\code\mmm\Working\Output\MSHelpViewer\icons\privdelegate.gif
C:\Program Files (x86)\EWSoftware\Sandcastle Help File Builder\PresentationStyles\VS2013\icons\privenumeration.gif -&gt; C:\Users\hallam\Work\WebPublish\prismproof\code\mmm\Working\Output\MSHelpViewer\icons\privenumeration.gif
C:\Program Files (x86)\EWSoftware\Sandcastle Help File Builder\PresentationStyles\VS2013\icons\privevent.gif -&gt; C:\Users\hallam\Work\WebPublish\prismproof\code\mmm\Working\Output\MSHelpViewer\icons\privevent.gif
C:\Program Files (x86)\EWSoftware\Sandcastle Help File Builder\PresentationStyles\VS2013\icons\privextension.gif -&gt; C:\Users\hallam\Work\WebPublish\prismproof\code\mmm\Working\Output\MSHelpViewer\icons\privextension.gif
C:\Program Files (x86)\EWSoftware\Sandcastle Help File Builder\PresentationStyles\VS2013\icons\privfield.gif -&gt; C:\Users\hallam\Work\WebPublish\prismproof\code\mmm\Working\Output\MSHelpViewer\icons\privfield.gif
C:\Program Files (x86)\EWSoftware\Sandcastle Help File Builder\PresentationStyles\VS2013\icons\privinterface.gif -&gt; C:\Users\hallam\Work\WebPublish\prismproof\code\mmm\Working\Output\MSHelpViewer\icons\privinterface.gif
C:\Program Files (x86)\EWSoftware\Sandcastle Help File Builder\PresentationStyles\VS2013\icons\privmethod.gif -&gt; C:\Users\hallam\Work\WebPublish\prismproof\code\mmm\Working\Output\MSHelpViewer\icons\privmethod.gif
C:\Program Files (x86)\EWSoftware\Sandcastle Help File Builder\PresentationStyles\VS2013\icons\privproperty.gif -&gt; C:\Users\hallam\Work\WebPublish\prismproof\code\mmm\Working\Output\MSHelpViewer\icons\privproperty.gif
C:\Program Files (x86)\EWSoftware\Sandcastle Help File Builder\PresentationStyles\VS2013\icons\privstructure.gif -&gt; C:\Users\hallam\Work\WebPublish\prismproof\code\mmm\Working\Output\MSHelpViewer\icons\privstructure.gif
C:\Program Files (x86)\EWSoftware\Sandcastle Help File Builder\PresentationStyles\VS2013\icons\protclass.gif -&gt; C:\Users\hallam\Work\WebPublish\prismproof\code\mmm\Working\Output\MSHelpViewer\icons\protclass.gif
C:\Program Files (x86)\EWSoftware\Sandcastle Help File Builder\PresentationStyles\VS2013\icons\protdelegate.gif -&gt; C:\Users\hallam\Work\WebPublish\prismproof\code\mmm\Working\Output\MSHelpViewer\icons\protdelegate.gif
C:\Program Files (x86)\EWSoftware\Sandcastle Help File Builder\PresentationStyles\VS2013\icons\protenumeration.gif -&gt; C:\Users\hallam\Work\WebPublish\prismproof\code\mmm\Working\Output\MSHelpViewer\icons\protenumeration.gif
C:\Program Files (x86)\EWSoftware\Sandcastle Help File Builder\PresentationStyles\VS2013\icons\protevent.gif -&gt; C:\Users\hallam\Work\WebPublish\prismproof\code\mmm\Working\Output\MSHelpViewer\icons\protevent.gif
C:\Program Files (x86)\EWSoftware\Sandcastle Help File Builder\PresentationStyles\VS2013\icons\protextension.gif -&gt; C:\Users\hallam\Work\WebPublish\prismproof\code\mmm\Working\Output\MSHelpViewer\icons\protextension.gif
C:\Program Files (x86)\EWSoftware\Sandcastle Help File Builder\PresentationStyles\VS2013\icons\protfield.gif -&gt; C:\Users\hallam\Work\WebPublish\prismproof\code\mmm\Working\Output\MSHelpViewer\icons\protfield.gif
C:\Program Files (x86)\EWSoftware\Sandcastle Help File Builder\PresentationStyles\VS2013\icons\protinterface.gif -&gt; C:\Users\hallam\Work\WebPublish\prismproof\code\mmm\Working\Output\MSHelpViewer\icons\protinterface.gif
C:\Program Files (x86)\EWSoftware\Sandcastle Help File Builder\PresentationStyles\VS2013\icons\protmethod.gif -&gt; C:\Users\hallam\Work\WebPublish\prismproof\code\mmm\Working\Output\MSHelpViewer\icons\protmethod.gif
C:\Program Files (x86)\EWSoftware\Sandcastle Help File Builder\PresentationStyles\VS2013\icons\protoperator.gif -&gt; C:\Users\hallam\Work\WebPublish\prismproof\code\mmm\Working\Output\MSHelpViewer\icons\protoperator.gif
C:\Program Files (x86)\EWSoftware\Sandcastle Help File Builder\PresentationStyles\VS2013\icons\protproperty.gif -&gt; C:\Users\hallam\Work\WebPublish\prismproof\code\mmm\Working\Output\MSHelpViewer\icons\protproperty.gif
C:\Program Files (x86)\EWSoftware\Sandcastle Help File Builder\PresentationStyles\VS2013\icons\protstructure.gif -&gt; C:\Users\hallam\Work\WebPublish\prismproof\code\mmm\Working\Output\MSHelpViewer\icons\protstructure.gif
C:\Program Files (x86)\EWSoftware\Sandcastle Help File Builder\PresentationStyles\VS2013\icons\pubclass.gif -&gt; C:\Users\hallam\Work\WebPublish\prismproof\code\mmm\Working\Output\MSHelpViewer\icons\pubclass.gif
C:\Program Files (x86)\EWSoftware\Sandcastle Help File Builder\PresentationStyles\VS2013\icons\pubdelegate.gif -&gt; C:\Users\hallam\Work\WebPublish\prismproof\code\mmm\Working\Output\MSHelpViewer\icons\pubdelegate.gif
C:\Program Files (x86)\EWSoftware\Sandcastle Help File Builder\PresentationStyles\VS2013\icons\pubenumeration.gif -&gt; C:\Users\hallam\Work\WebPublish\prismproof\code\mmm\Working\Output\MSHelpViewer\icons\pubenumeration.gif
C:\Program Files (x86)\EWSoftware\Sandcastle Help File Builder\PresentationStyles\VS2013\icons\pubevent.gif -&gt; C:\Users\hallam\Work\WebPublish\prismproof\code\mmm\Working\Output\MSHelpViewer\icons\pubevent.gif
C:\Program Files (x86)\EWSoftware\Sandcastle Help File Builder\PresentationStyles\VS2013\icons\pubextension.gif -&gt; C:\Users\hallam\Work\WebPublish\prismproof\code\mmm\Working\Output\MSHelpViewer\icons\pubextension.gif
C:\Program Files (x86)\EWSoftware\Sandcastle Help File Builder\PresentationStyles\VS2013\icons\pubfield.gif -&gt; C:\Users\hallam\Work\WebPublish\prismproof\code\mmm\Working\Output\MSHelpViewer\icons\pubfield.gif
C:\Program Files (x86)\EWSoftware\Sandcastle Help File Builder\PresentationStyles\VS2013\icons\pubinterface.gif -&gt; C:\Users\hallam\Work\WebPublish\prismproof\code\mmm\Working\Output\MSHelpViewer\icons\pubinterface.gif
C:\Program Files (x86)\EWSoftware\Sandcastle Help File Builder\PresentationStyles\VS2013\icons\pubmethod.gif -&gt; C:\Users\hallam\Work\WebPublish\prismproof\code\mmm\Working\Output\MSHelpViewer\icons\pubmethod.gif
C:\Program Files (x86)\EWSoftware\Sandcastle Help File Builder\PresentationStyles\VS2013\icons\puboperator.gif -&gt; C:\Users\hallam\Work\WebPublish\prismproof\code\mmm\Working\Output\MSHelpViewer\icons\puboperator.gif
C:\Program Files (x86)\EWSoftware\Sandcastle Help File Builder\PresentationStyles\VS2013\icons\pubproperty.gif -&gt; C:\Users\hallam\Work\WebPublish\prismproof\code\mmm\Working\Output\MSHelpViewer\icons\pubproperty.gif
C:\Program Files (x86)\EWSoftware\Sandcastle Help File Builder\PresentationStyles\VS2013\icons\pubstructure.gif -&gt; C:\Users\hallam\Work\WebPublish\prismproof\code\mmm\Working\Output\MSHelpViewer\icons\pubstructure.gif
C:\Program Files (x86)\EWSoftware\Sandcastle Help File Builder\PresentationStyles\VS2013\icons\SectionCollapsed.png -&gt; C:\Users\hallam\Work\WebPublish\prismproof\code\mmm\Working\Output\MSHelpViewer\icons\SectionCollapsed.png
C:\Program Files (x86)\EWSoftware\Sandcastle Help File Builder\PresentationStyles\VS2013\icons\SectionExpanded.png -&gt; C:\Users\hallam\Work\WebPublish\prismproof\code\mmm\Working\Output\MSHelpViewer\icons\SectionExpanded.png
C:\Program Files (x86)\EWSoftware\Sandcastle Help File Builder\PresentationStyles\VS2013\icons\slMobile.gif -&gt; C:\Users\hallam\Work\WebPublish\prismproof\code\mmm\Working\Output\MSHelpViewer\icons\slMobile.gif
C:\Program Files (x86)\EWSoftware\Sandcastle Help File Builder\PresentationStyles\VS2013\icons\static.gif -&gt; C:\Users\hallam\Work\WebPublish\prismproof\code\mmm\Working\Output\MSHelpViewer\icons\static.gif
C:\Program Files (x86)\EWSoftware\Sandcastle Help File Builder\PresentationStyles\VS2013\icons\xna.gif -&gt; C:\Users\hallam\Work\WebPublish\prismproof\code\mmm\Working\Output\MSHelpViewer\icons\xna.gif
C:\Program Files (x86)\EWSoftware\Sandcastle Help File Builder\PresentationStyles\VS2013\scripts\branding.js -&gt; C:\Users\hallam\Work\WebPublish\prismproof\code\mmm\Working\Output\MSHelpViewer\scripts\branding.js
C:\Program Files (x86)\EWSoftware\Sandcastle Help File Builder\PresentationStyles\VS2013\styles\branding-cs-CZ.css -&gt; C:\Users\hallam\Work\WebPublish\prismproof\code\mmm\Working\Output\MSHelpViewer\styles\branding-cs-CZ.css
C:\Program Files (x86)\EWSoftware\Sandcastle Help File Builder\PresentationStyles\VS2013\styles\branding-de-DE.css -&gt; C:\Users\hallam\Work\WebPublish\prismproof\code\mmm\Working\Output\MSHelpViewer\styles\branding-de-DE.css
C:\Program Files (x86)\EWSoftware\Sandcastle Help File Builder\PresentationStyles\VS2013\styles\branding-en-US.css -&gt; C:\Users\hallam\Work\WebPublish\prismproof\code\mmm\Working\Output\MSHelpViewer\styles\branding-en-US.css
C:\Program Files (x86)\EWSoftware\Sandcastle Help File Builder\PresentationStyles\VS2013\styles\branding-es-ES.css -&gt; C:\Users\hallam\Work\WebPublish\prismproof\code\mmm\Working\Output\MSHelpViewer\styles\branding-es-ES.css
C:\Program Files (x86)\EWSoftware\Sandcastle Help File Builder\PresentationStyles\VS2013\styles\branding-fr-FR.css -&gt; C:\Users\hallam\Work\WebPublish\prismproof\code\mmm\Working\Output\MSHelpViewer\styles\branding-fr-FR.css
C:\Program Files (x86)\EWSoftware\Sandcastle Help File Builder\PresentationStyles\VS2013\styles\branding-Help1.css -&gt; C:\Users\hallam\Work\WebPublish\prismproof\code\mmm\Working\Output\MSHelpViewer\styles\branding-Help1.css
C:\Program Files (x86)\EWSoftware\Sandcastle Help File Builder\PresentationStyles\VS2013\styles\branding-HelpViewer.css -&gt; C:\Users\hallam\Work\WebPublish\prismproof\code\mmm\Working\Output\MSHelpViewer\styles\branding-HelpViewer.css
C:\Program Files (x86)\EWSoftware\Sandcastle Help File Builder\PresentationStyles\VS2013\styles\branding-it-IT.css -&gt; C:\Users\hallam\Work\WebPublish\prismproof\code\mmm\Working\Output\MSHelpViewer\styles\branding-it-IT.css
C:\Program Files (x86)\EWSoftware\Sandcastle Help File Builder\PresentationStyles\VS2013\styles\branding-ja-JP.css -&gt; C:\Users\hallam\Work\WebPublish\prismproof\code\mmm\Working\Output\MSHelpViewer\styles\branding-ja-JP.css
C:\Program Files (x86)\EWSoftware\Sandcastle Help File Builder\PresentationStyles\VS2013\styles\branding-ko-KR.css -&gt; C:\Users\hallam\Work\WebPublish\prismproof\code\mmm\Working\Output\MSHelpViewer\styles\branding-ko-KR.css
C:\Program Files (x86)\EWSoftware\Sandcastle Help File Builder\PresentationStyles\VS2013\styles\branding-pl-PL.css -&gt; C:\Users\hallam\Work\WebPublish\prismproof\code\mmm\Working\Output\MSHelpViewer\styles\branding-pl-PL.css
C:\Program Files (x86)\EWSoftware\Sandcastle Help File Builder\PresentationStyles\VS2013\styles\branding-pt-BR.css -&gt; C:\Users\hallam\Work\WebPublish\prismproof\code\mmm\Working\Output\MSHelpViewer\styles\branding-pt-BR.css
C:\Program Files (x86)\EWSoftware\Sandcastle Help File Builder\PresentationStyles\VS2013\styles\branding-ru-RU.css -&gt; C:\Users\hallam\Work\WebPublish\prismproof\code\mmm\Working\Output\MSHelpViewer\styles\branding-ru-RU.css
C:\Program Files (x86)\EWSoftware\Sandcastle Help File Builder\PresentationStyles\VS2013\styles\branding-tr-TR.css -&gt; C:\Users\hallam\Work\WebPublish\prismproof\code\mmm\Working\Output\MSHelpViewer\styles\branding-tr-TR.css
C:\Program Files (x86)\EWSoftware\Sandcastle Help File Builder\PresentationStyles\VS2013\styles\branding-Website.css -&gt; C:\Users\hallam\Work\WebPublish\prismproof\code\mmm\Working\Output\MSHelpViewer\styles\branding-Website.css
C:\Program Files (x86)\EWSoftware\Sandcastle Help File Builder\PresentationStyles\VS2013\styles\branding-zh-CN.css -&gt; C:\Users\hallam\Work\WebPublish\prismproof\code\mmm\Working\Output\MSHelpViewer\styles\branding-zh-CN.css
C:\Program Files (x86)\EWSoftware\Sandcastle Help File Builder\PresentationStyles\VS2013\styles\branding-zh-TW.css -&gt; C:\Users\hallam\Work\WebPublish\prismproof\code\mmm\Working\Output\MSHelpViewer\styles\branding-zh-TW.css
C:\Program Files (x86)\EWSoftware\Sandcastle Help File Builder\PresentationStyles\VS2013\styles\branding.css -&gt; C:\Users\hallam\Work\WebPublish\prismproof\code\mmm\Working\Output\MSHelpViewer\styles\branding.css
C:\Program Files (x86)\EWSoftware\Sandcastle Help File Builder\PresentationStyles\VS2013\icons\AlertCaution.png -&gt; C:\Users\hallam\Work\WebPublish\prismproof\code\mmm\Working\Output\Website\icons\AlertCaution.png
C:\Program Files (x86)\EWSoftware\Sandcastle Help File Builder\PresentationStyles\VS2013\icons\AlertNote.png -&gt; C:\Users\hallam\Work\WebPublish\prismproof\code\mmm\Working\Output\Website\icons\AlertNote.png
C:\Program Files (x86)\EWSoftware\Sandcastle Help File Builder\PresentationStyles\VS2013\icons\AlertSecurity.png -&gt; C:\Users\hallam\Work\WebPublish\prismproof\code\mmm\Working\Output\Website\icons\AlertSecurity.png
C:\Program Files (x86)\EWSoftware\Sandcastle Help File Builder\PresentationStyles\VS2013\icons\CFW.gif -&gt; C:\Users\hallam\Work\WebPublish\prismproof\code\mmm\Working\Output\Website\icons\CFW.gif
C:\Program Files (x86)\EWSoftware\Sandcastle Help File Builder\PresentationStyles\VS2013\icons\CodeExample.png -&gt; C:\Users\hallam\Work\WebPublish\prismproof\code\mmm\Working\Output\Website\icons\CodeExample.png
C:\Program Files (x86)\EWSoftware\Sandcastle Help File Builder\PresentationStyles\VS2013\icons\favicon.ico -&gt; C:\Users\hallam\Work\WebPublish\prismproof\code\mmm\Working\Output\Website\icons\favicon.ico
C:\Program Files (x86)\EWSoftware\Sandcastle Help File Builder\PresentationStyles\VS2013\icons\privclass.gif -&gt; C:\Users\hallam\Work\WebPublish\prismproof\code\mmm\Working\Output\Website\icons\privclass.gif
C:\Program Files (x86)\EWSoftware\Sandcastle Help File Builder\PresentationStyles\VS2013\icons\privdelegate.gif -&gt; C:\Users\hallam\Work\WebPublish\prismproof\code\mmm\Working\Output\Website\icons\privdelegate.gif
C:\Program Files (x86)\EWSoftware\Sandcastle Help File Builder\PresentationStyles\VS2013\icons\privenumeration.gif -&gt; C:\Users\hallam\Work\WebPublish\prismproof\code\mmm\Working\Output\Website\icons\privenumeration.gif
C:\Program Files (x86)\EWSoftware\Sandcastle Help File Builder\PresentationStyles\VS2013\icons\privevent.gif -&gt; C:\Users\hallam\Work\WebPublish\prismproof\code\mmm\Working\Output\Website\icons\privevent.gif
C:\Program Files (x86)\EWSoftware\Sandcastle Help File Builder\PresentationStyles\VS2013\icons\privextension.gif -&gt; C:\Users\hallam\Work\WebPublish\prismproof\code\mmm\Working\Output\Website\icons\privextension.gif
C:\Program Files (x86)\EWSoftware\Sandcastle Help File Builder\PresentationStyles\VS2013\icons\privfield.gif -&gt; C:\Users\hallam\Work\WebPublish\prismproof\code\mmm\Working\Output\Website\icons\privfield.gif
C:\Program Files (x86)\EWSoftware\Sandcastle Help File Builder\PresentationStyles\VS2013\icons\privinterface.gif -&gt; C:\Users\hallam\Work\WebPublish\prismproof\code\mmm\Working\Output\Website\icons\privinterface.gif
C:\Program Files (x86)\EWSoftware\Sandcastle Help File Builder\PresentationStyles\VS2013\icons\privmethod.gif -&gt; C:\Users\hallam\Work\WebPublish\prismproof\code\mmm\Working\Output\Website\icons\privmethod.gif
C:\Program Files (x86)\EWSoftware\Sandcastle Help File Builder\PresentationStyles\VS2013\icons\privproperty.gif -&gt; C:\Users\hallam\Work\WebPublish\prismproof\code\mmm\Working\Output\Website\icons\privproperty.gif
C:\Program Files (x86)\EWSoftware\Sandcastle Help File Builder\PresentationStyles\VS2013\icons\privstructure.gif -&gt; C:\Users\hallam\Work\WebPublish\prismproof\code\mmm\Working\Output\Website\icons\privstructure.gif
C:\Program Files (x86)\EWSoftware\Sandcastle Help File Builder\PresentationStyles\VS2013\icons\protclass.gif -&gt; C:\Users\hallam\Work\WebPublish\prismproof\code\mmm\Working\Output\Website\icons\protclass.gif
C:\Program Files (x86)\EWSoftware\Sandcastle Help File Builder\PresentationStyles\VS2013\icons\protdelegate.gif -&gt; C:\Users\hallam\Work\WebPublish\prismproof\code\mmm\Working\Output\Website\icons\protdelegate.gif
C:\Program Files (x86)\EWSoftware\Sandcastle Help File Builder\PresentationStyles\VS2013\icons\protenumeration.gif -&gt; C:\Users\hallam\Work\WebPublish\prismproof\code\mmm\Working\Output\Website\icons\protenumeration.gif
C:\Program Files (x86)\EWSoftware\Sandcastle Help File Builder\PresentationStyles\VS2013\icons\protevent.gif -&gt; C:\Users\hallam\Work\WebPublish\prismproof\code\mmm\Working\Output\Website\icons\protevent.gif
C:\Program Files (x86)\EWSoftware\Sandcastle Help File Builder\PresentationStyles\VS2013\icons\protextension.gif -&gt; C:\Users\hallam\Work\WebPublish\prismproof\code\mmm\Working\Output\Website\icons\protextension.gif
C:\Program Files (x86)\EWSoftware\Sandcastle Help File Builder\PresentationStyles\VS2013\icons\protfield.gif -&gt; C:\Users\hallam\Work\WebPublish\prismproof\code\mmm\Working\Output\Website\icons\protfield.gif
C:\Program Files (x86)\EWSoftware\Sandcastle Help File Builder\PresentationStyles\VS2013\icons\protinterface.gif -&gt; C:\Users\hallam\Work\WebPublish\prismproof\code\mmm\Working\Output\Website\icons\protinterface.gif
C:\Program Files (x86)\EWSoftware\Sandcastle Help File Builder\PresentationStyles\VS2013\icons\protmethod.gif -&gt; C:\Users\hallam\Work\WebPublish\prismproof\code\mmm\Working\Output\Website\icons\protmethod.gif
C:\Program Files (x86)\EWSoftware\Sandcastle Help File Builder\PresentationStyles\VS2013\icons\protoperator.gif -&gt; C:\Users\hallam\Work\WebPublish\prismproof\code\mmm\Working\Output\Website\icons\protoperator.gif
C:\Program Files (x86)\EWSoftware\Sandcastle Help File Builder\PresentationStyles\VS2013\icons\protproperty.gif -&gt; C:\Users\hallam\Work\WebPublish\prismproof\code\mmm\Working\Output\Website\icons\protproperty.gif
C:\Program Files (x86)\EWSoftware\Sandcastle Help File Builder\PresentationStyles\VS2013\icons\protstructure.gif -&gt; C:\Users\hallam\Work\WebPublish\prismproof\code\mmm\Working\Output\Website\icons\protstructure.gif
C:\Program Files (x86)\EWSoftware\Sandcastle Help File Builder\PresentationStyles\VS2013\icons\pubclass.gif -&gt; C:\Users\hallam\Work\WebPublish\prismproof\code\mmm\Working\Output\Website\icons\pubclass.gif
C:\Program Files (x86)\EWSoftware\Sandcastle Help File Builder\PresentationStyles\VS2013\icons\pubdelegate.gif -&gt; C:\Users\hallam\Work\WebPublish\prismproof\code\mmm\Working\Output\Website\icons\pubdelegate.gif
C:\Program Files (x86)\EWSoftware\Sandcastle Help File Builder\PresentationStyles\VS2013\icons\pubenumeration.gif -&gt; C:\Users\hallam\Work\WebPublish\prismproof\code\mmm\Working\Output\Website\icons\pubenumeration.gif
C:\Program Files (x86)\EWSoftware\Sandcastle Help File Builder\PresentationStyles\VS2013\icons\pubevent.gif -&gt; C:\Users\hallam\Work\WebPublish\prismproof\code\mmm\Working\Output\Website\icons\pubevent.gif
C:\Program Files (x86)\EWSoftware\Sandcastle Help File Builder\PresentationStyles\VS2013\icons\pubextension.gif -&gt; C:\Users\hallam\Work\WebPublish\prismproof\code\mmm\Working\Output\Website\icons\pubextension.gif
C:\Program Files (x86)\EWSoftware\Sandcastle Help File Builder\PresentationStyles\VS2013\icons\pubfield.gif -&gt; C:\Users\hallam\Work\WebPublish\prismproof\code\mmm\Working\Output\Website\icons\pubfield.gif
C:\Program Files (x86)\EWSoftware\Sandcastle Help File Builder\PresentationStyles\VS2013\icons\pubinterface.gif -&gt; C:\Users\hallam\Work\WebPublish\prismproof\code\mmm\Working\Output\Website\icons\pubinterface.gif
C:\Program Files (x86)\EWSoftware\Sandcastle Help File Builder\PresentationStyles\VS2013\icons\pubmethod.gif -&gt; C:\Users\hallam\Work\WebPublish\prismproof\code\mmm\Working\Output\Website\icons\pubmethod.gif
C:\Program Files (x86)\EWSoftware\Sandcastle Help File Builder\PresentationStyles\VS2013\icons\puboperator.gif -&gt; C:\Users\hallam\Work\WebPublish\prismproof\code\mmm\Working\Output\Website\icons\puboperator.gif
C:\Program Files (x86)\EWSoftware\Sandcastle Help File Builder\PresentationStyles\VS2013\icons\pubproperty.gif -&gt; C:\Users\hallam\Work\WebPublish\prismproof\code\mmm\Working\Output\Website\icons\pubproperty.gif
C:\Program Files (x86)\EWSoftware\Sandcastle Help File Builder\PresentationStyles\VS2013\icons\pubstructure.gif -&gt; C:\Users\hallam\Work\WebPublish\prismproof\code\mmm\Working\Output\Website\icons\pubstructure.gif
C:\Program Files (x86)\EWSoftware\Sandcastle Help File Builder\PresentationStyles\VS2013\icons\SectionCollapsed.png -&gt; C:\Users\hallam\Work\WebPublish\prismproof\code\mmm\Working\Output\Website\icons\SectionCollapsed.png
C:\Program Files (x86)\EWSoftware\Sandcastle Help File Builder\PresentationStyles\VS2013\icons\SectionExpanded.png -&gt; C:\Users\hallam\Work\WebPublish\prismproof\code\mmm\Working\Output\Website\icons\SectionExpanded.png
C:\Program Files (x86)\EWSoftware\Sandcastle Help File Builder\PresentationStyles\VS2013\icons\slMobile.gif -&gt; C:\Users\hallam\Work\WebPublish\prismproof\code\mmm\Working\Output\Website\icons\slMobile.gif
C:\Program Files (x86)\EWSoftware\Sandcastle Help File Builder\PresentationStyles\VS2013\icons\static.gif -&gt; C:\Users\hallam\Work\WebPublish\prismproof\code\mmm\Working\Output\Website\icons\static.gif
C:\Program Files (x86)\EWSoftware\Sandcastle Help File Builder\PresentationStyles\VS2013\icons\xna.gif -&gt; C:\Users\hallam\Work\WebPublish\prismproof\code\mmm\Working\Output\Website\icons\xna.gif
C:\Program Files (x86)\EWSoftware\Sandcastle Help File Builder\PresentationStyles\VS2013\scripts\branding.js -&gt; C:\Users\hallam\Work\WebPublish\prismproof\code\mmm\Working\Output\Website\scripts\branding.js
C:\Program Files (x86)\EWSoftware\Sandcastle Help File Builder\PresentationStyles\VS2013\styles\branding-cs-CZ.css -&gt; C:\Users\hallam\Work\WebPublish\prismproof\code\mmm\Working\Output\Website\styles\branding-cs-CZ.css
C:\Program Files (x86)\EWSoftware\Sandcastle Help File Builder\PresentationStyles\VS2013\styles\branding-de-DE.css -&gt; C:\Users\hallam\Work\WebPublish\prismproof\code\mmm\Working\Output\Website\styles\branding-de-DE.css
C:\Program Files (x86)\EWSoftware\Sandcastle Help File Builder\PresentationStyles\VS2013\styles\branding-en-US.css -&gt; C:\Users\hallam\Work\WebPublish\prismproof\code\mmm\Working\Output\Website\styles\branding-en-US.css
C:\Program Files (x86)\EWSoftware\Sandcastle Help File Builder\PresentationStyles\VS2013\styles\branding-es-ES.css -&gt; C:\Users\hallam\Work\WebPublish\prismproof\code\mmm\Working\Output\Website\styles\branding-es-ES.css
C:\Program Files (x86)\EWSoftware\Sandcastle Help File Builder\PresentationStyles\VS2013\styles\branding-fr-FR.css -&gt; C:\Users\hallam\Work\WebPublish\prismproof\code\mmm\Working\Output\Website\styles\branding-fr-FR.css
C:\Program Files (x86)\EWSoftware\Sandcastle Help File Builder\PresentationStyles\VS2013\styles\branding-Help1.css -&gt; C:\Users\hallam\Work\WebPublish\prismproof\code\mmm\Working\Output\Website\styles\branding-Help1.css
C:\Program Files (x86)\EWSoftware\Sandcastle Help File Builder\PresentationStyles\VS2013\styles\branding-HelpViewer.css -&gt; C:\Users\hallam\Work\WebPublish\prismproof\code\mmm\Working\Output\Website\styles\branding-HelpViewer.css
C:\Program Files (x86)\EWSoftware\Sandcastle Help File Builder\PresentationStyles\VS2013\styles\branding-it-IT.css -&gt; C:\Users\hallam\Work\WebPublish\prismproof\code\mmm\Working\Output\Website\styles\branding-it-IT.css
C:\Program Files (x86)\EWSoftware\Sandcastle Help File Builder\PresentationStyles\VS2013\styles\branding-ja-JP.css -&gt; C:\Users\hallam\Work\WebPublish\prismproof\code\mmm\Working\Output\Website\styles\branding-ja-JP.css
C:\Program Files (x86)\EWSoftware\Sandcastle Help File Builder\PresentationStyles\VS2013\styles\branding-ko-KR.css -&gt; C:\Users\hallam\Work\WebPublish\prismproof\code\mmm\Working\Output\Website\styles\branding-ko-KR.css
C:\Program Files (x86)\EWSoftware\Sandcastle Help File Builder\PresentationStyles\VS2013\styles\branding-pl-PL.css -&gt; C:\Users\hallam\Work\WebPublish\prismproof\code\mmm\Working\Output\Website\styles\branding-pl-PL.css
C:\Program Files (x86)\EWSoftware\Sandcastle Help File Builder\PresentationStyles\VS2013\styles\branding-pt-BR.css -&gt; C:\Users\hallam\Work\WebPublish\prismproof\code\mmm\Working\Output\Website\styles\branding-pt-BR.css
C:\Program Files (x86)\EWSoftware\Sandcastle Help File Builder\PresentationStyles\VS2013\styles\branding-ru-RU.css -&gt; C:\Users\hallam\Work\WebPublish\prismproof\code\mmm\Working\Output\Website\styles\branding-ru-RU.css
C:\Program Files (x86)\EWSoftware\Sandcastle Help File Builder\PresentationStyles\VS2013\styles\branding-tr-TR.css -&gt; C:\Users\hallam\Work\WebPublish\prismproof\code\mmm\Working\Output\Website\styles\branding-tr-TR.css
C:\Program Files (x86)\EWSoftware\Sandcastle Help File Builder\PresentationStyles\VS2013\styles\branding-Website.css -&gt; C:\Users\hallam\Work\WebPublish\prismproof\code\mmm\Working\Output\Website\styles\branding-Website.css
C:\Program Files (x86)\EWSoftware\Sandcastle Help File Builder\PresentationStyles\VS2013\styles\branding-zh-CN.css -&gt; C:\Users\hallam\Work\WebPublish\prismproof\code\mmm\Working\Output\Website\styles\branding-zh-CN.css
C:\Program Files (x86)\EWSoftware\Sandcastle Help File Builder\PresentationStyles\VS2013\styles\branding-zh-TW.css -&gt; C:\Users\hallam\Work\WebPublish\prismproof\code\mmm\Working\Output\Website\styles\branding-zh-TW.css
C:\Program Files (x86)\EWSoftware\Sandcastle Help File Builder\PresentationStyles\VS2013\styles\branding.css -&gt; C:\Users\hallam\Work\WebPublish\prismproof\code\mmm\Working\Output\Website\styles\branding.css
C:\Program Files (x86)\EWSoftware\Sandcastle Help File Builder\PresentationStyles\VS2013\Web\index.html -&gt; C:\Users\hallam\Work\WebPublish\prismproof\code\mmm\Working\Output\Website\index.html
C:\Program Files (x86)\EWSoftware\Sandcastle Help File Builder\PresentationStyles\VS2013\Web\search.html -&gt; C:\Users\hallam\Work\WebPublish\prismproof\code\mmm\Working\Output\Website\search.html
C:\Program Files (x86)\EWSoftware\Sandcastle Help File Builder\PresentationStyles\VS2013\Web\SearchHelp.aspx -&gt; C:\Users\hallam\Work\WebPublish\prismproof\code\mmm\Working\Output\Website\SearchHelp.aspx
C:\Program Files (x86)\EWSoftware\Sandcastle Help File Builder\PresentationStyles\VS2013\Web\SearchHelp.inc.php -&gt; C:\Users\hallam\Work\WebPublish\prismproof\code\mmm\Working\Output\Website\SearchHelp.inc.php
C:\Program Files (x86)\EWSoftware\Sandcastle Help File Builder\PresentationStyles\VS2013\Web\SearchHelp.php -&gt; C:\Users\hallam\Work\WebPublish\prismproof\code\mmm\Working\Output\Website\SearchHelp.php
C:\Program Files (x86)\EWSoftware\Sandcastle Help File Builder\PresentationStyles\VS2013\Web\Web.Config -&gt; C:\Users\hallam\Work\WebPublish\prismproof\code\mmm\Working\Output\Website\Web.Config
C:\Program Files (x86)\EWSoftware\Sandcastle Help File Builder\PresentationStyles\VS2013\Web\html\GeneralError.htm -&gt; C:\Users\hallam\Work\WebPublish\prismproof\code\mmm\Working\Output\Website\html\GeneralError.htm
C:\Program Files (x86)\EWSoftware\Sandcastle Help File Builder\PresentationStyles\VS2013\Web\html\PageNotFound.htm -&gt; C:\Users\hallam\Work\WebPublish\prismproof\code\mmm\Working\Output\Website\html\PageNotFound.htm
C:\Program Files (x86)\EWSoftware\Sandcastle Help File Builder\PresentationStyles\VS2013\Web\icons\Search.png -&gt; C:\Users\hallam\Work\WebPublish\prismproof\code\mmm\Working\Output\Website\icons\Search.png
C:\Program Files (x86)\EWSoftware\Sandcastle Help File Builder\PresentationStyles\VS2013\Web\icons\TocClose.gif -&gt; C:\Users\hallam\Work\WebPublish\prismproof\code\mmm\Working\Output\Website\icons\TocClose.gif
C:\Program Files (x86)\EWSoftware\Sandcastle Help File Builder\PresentationStyles\VS2013\Web\icons\TocCollapsed.gif -&gt; C:\Users\hallam\Work\WebPublish\prismproof\code\mmm\Working\Output\Website\icons\TocCollapsed.gif
C:\Program Files (x86)\EWSoftware\Sandcastle Help File Builder\PresentationStyles\VS2013\Web\icons\TocExpanded.gif -&gt; C:\Users\hallam\Work\WebPublish\prismproof\code\mmm\Working\Output\Website\icons\TocExpanded.gif
C:\Program Files (x86)\EWSoftware\Sandcastle Help File Builder\PresentationStyles\VS2013\Web\icons\TocOpen.gif -&gt; C:\Users\hallam\Work\WebPublish\prismproof\code\mmm\Working\Output\Website\icons\TocOpen.gif
C:\Program Files (x86)\EWSoftware\Sandcastle Help File Builder\PresentationStyles\VS2013\Web\scripts\branding-Website.js -&gt; C:\Users\hallam\Work\WebPublish\prismproof\code\mmm\Working\Output\Website\scripts\branding-Website.js
C:\Program Files (x86)\EWSoftware\Sandcastle Help File Builder\PresentationStyles\VS2013\Web\scripts\clipboard.min.js -&gt; C:\Users\hallam\Work\WebPublish\prismproof\code\mmm\Working\Output\Website\scripts\clipboard.min.js
C:\Program Files (x86)\EWSoftware\Sandcastle Help File Builder\PresentationStyles\VS2013\Web\scripts\jquery-1.11.0.min.js -&gt; C:\Users\hallam\Work\WebPublish\prismproof\code\mmm\Working\Output\Website\scripts\jquery-1.11.0.min.js
    Last step completed in 00:00:01.0507
</buildStep>
<buildStep step="GenerateHelpFormatTableOfContents">
Generating HTML Help 1 table of contents file...
    Last step completed in 00:00:00.0000
</buildStep>
<buildStep step="GenerateHelpFileIndex">
Generating HTML Help 1 index file...
    Last step completed in 00:00:00.0000
</buildStep>
<buildStep step="GenerateHelpProject">
Generating HTML Help 1 project file...
    Last step completed in 00:00:00.0777
</buildStep>
<buildStep step="CompilingHelpFile">
Compiling HTML Help 1 file...
[C:\Program Files (x86)\Microsoft Visual Studio\2017\Community\MSBuild\15.0\Bin\MSBuild.exe - Build1xHelpFile.proj]
  Microsoft HTML Help Compiler 4.74.8702
  
  
  
  Compiling c:\Users\hallam\Work\WebPublish\prismproof\code\mmm\Working\Output\HtmlHelp1\MMMLibraries.chm
  
  
  
  
  
  Compile time: 0 minutes, 39 seconds
  
  9,647	Topics
  
  132,455	Local links
  
  30,970	Internet links
  
  0	Graphics
  
  
  
  
  
  Created c:\Users\hallam\Work\WebPublish\prismproof\code\mmm\Working\Output\HtmlHelp1\MMMLibraries.chm, 12,610,714 bytes
  
  Compression decreased file by 72,257,260 bytes.
  
    Last step completed in 00:00:39.8562
</buildStep>
<buildStep step="GenerateHelpFormatTableOfContents">
Executing informational Generate Table of Contents build step for plug-ins (not used for MS Help Viewer)
    Last step completed in 00:00:00.0010
</buildStep>
<buildStep step="GenerateHelpProject">
Executing informational Generate Help Project build step for plug-ins (not used for MS Help Viewer)
    Last step completed in 00:00:00.0000
</buildStep>
<buildStep step="CompilingHelpFile">
Generating MS Help Viewer file...
[C:\Program Files (x86)\Microsoft Visual Studio\2017\Community\MSBuild\15.0\Bin\MSBuild.exe - BuildHelpViewerFile.proj]
  Compressing help content files...
  500 items added
  1000 items added
  1500 items added
  2000 items added
  2500 items added
  3000 items added
  3500 items added
  4000 items added
  4500 items added
  5000 items added
  5500 items added
  6000 items added
  6500 items added
  7000 items added
  7500 items added
  8000 items added
  8500 items added
  9000 items added
  9500 items added
  Compression finished.  9714 items added
  Saving C:\Users\hallam\Work\WebPublish\prismproof\code\mmm\MMMLibraries.mshc...
  Saved 500 of 9714 items
  Saved 1000 of 9714 items
  Saved 1500 of 9714 items
  Saved 2000 of 9714 items
  Saved 2500 of 9714 items
  Saved 3000 of 9714 items
  Saved 3500 of 9714 items
  Saved 4000 of 9714 items
  Saved 4500 of 9714 items
  Saved 5000 of 9714 items
  Saved 5500 of 9714 items
  Saved 6000 of 9714 items
  Saved 6500 of 9714 items
  Saved 7000 of 9714 items
  Saved 7500 of 9714 items
  Saved 8000 of 9714 items
  Saved 8500 of 9714 items
  Saved 9000 of 9714 items
  Saved 9500 of 9714 items
  Finished saving C:\Users\hallam\Work\WebPublish\prismproof\code\mmm\MMMLibraries.mshc
  Compressed 5 folders, 9709 files.  Reduced size by 66,445,532 bytes (77%).
    Last step completed in 00:00:06.4524
</buildStep>
<buildStep step="GenerateHelpFormatTableOfContents">
Generating website table of contents file...
    Last step completed in 00:00:00.0000
</buildStep>
<buildStep step="GenerateFullTextIndex">
Generating full-text index for the website...

<plugIn name="Lightweight Website Style" behavior="After" priority="1000">
Adding lightweight search and TOC elements to each topic...
</plugIn>    Last step completed in 00:00:09.2833
</buildStep>
<buildStep step="CopyingWebsiteFiles">
Copying website files to output folder...

Copied 500 files
Copied 1000 files
Copied 1500 files
Copied 2000 files
Copied 2500 files
Copied 3000 files
Copied 3500 files
Copied 4000 files
Copied 4500 files
Copied 5000 files
Copied 5500 files
Copied 6000 files
Copied 6500 files
Copied 7000 files
Copied 7500 files
Copied 8000 files
Copied 8500 files
Copied 9000 files
Copied 9500 files
Copied 10000 files
Copied 10500 files
Copied 11000 files
Copied 11500 files
Copied 12000 files
Copied 12463 files for the website content
    Last step completed in 00:00:27.0967
</buildStep>
<buildStep step="CleanIntermediates">
Removing intermediate files...
    Last step completed in 00:00:13.2342
</buildStep>
<buildStep step="Completed">

Build completed successfully at 10/23/2017 11:47:00 PM.  Total time: 00:03:25.8386

</buildStep>
</shfbBuild>
