<?xml version="1.0" encoding="utf-8"?>
<shfbBuild product="Sandcastle Help File Builder and Tools" version="2017.5.15.0" projectFile="C:\Users\hallam\Work\buildtools\Documentation\StandardLibraries\StandardLibraries.shfbproj" started="10/23/2017 11:33:50 PM">
<buildStep step="Initializing">
Finding tools...
The Sandcastle tools are located in &#39;C:\Program Files (x86)\EWSoftware\Sandcastle Help File Builder\&#39;
Searching for HTML Help 1 compiler...
Found HTML Help 1 compiler in &#39;C:\Program Files (x86)\HTML Help Workshop\&#39;
Locating components in the following folder(s):
    C:\Users\hallam\Work\buildtools\Documentation\StandardLibraries
    C:\ProgramData\EWSoftware\Sandcastle Help File Builder\Components and Plug-Ins\
    C:\Program Files (x86)\EWSoftware\Sandcastle Help File Builder\
Using framework reflection data for &#39;.NET Framework 4.7&#39; located in &#39;C:\Program Files (x86)\EWSoftware\Sandcastle Help File Builder\Data\.NETFramework&#39;
Using presentation style &#39;VS2013&#39; located in &#39;C:\Program Files (x86)\EWSoftware\Sandcastle Help File Builder\PresentationStyles\VS2013&#39;
Loading and initializing plug-ins...
Lightweight Website Style Version 2017.5.15.0
Copyright &#169; 2006-2017, Eric Woodruff, All Rights Reserved
Portions Copyright &#169; 2014, Sam Harwell, All Rights Reserved
</buildStep>
<buildStep step="ClearWorkFolder">
Clearing working folder...
-------------------------------
Clearing any prior web/markdown output...
</buildStep>
<buildStep step="ValidatingDocumentationSources">
Validating and copying documentation source information
Source: C:\Users\hallam\Work\buildtools\Libraries\Goedel.Utilities\Goedel.Utilities.csproj
    Found project &#39;C:\Users\hallam\Work\buildtools\Libraries\Goedel.Utilities\Goedel.Utilities.csproj&#39;
Source: C:\Users\hallam\Work\buildtools\Libraries\Goedel.ASN\Goedel.ASN.csproj
    Found project &#39;C:\Users\hallam\Work\buildtools\Libraries\Goedel.ASN\Goedel.ASN.csproj&#39;
Source: C:\Users\hallam\Work\buildtools\Libraries\Goedel.Registry\Goedel.Registry.csproj
    Found project &#39;C:\Users\hallam\Work\buildtools\Libraries\Goedel.Registry\Goedel.Registry.csproj&#39;
Source: C:\Users\hallam\Work\buildtools\Libraries\Goedel.FSR\Goedel.FSR.csproj
    Found project &#39;C:\Users\hallam\Work\buildtools\Libraries\Goedel.FSR\Goedel.FSR.csproj&#39;
Source: C:\Users\hallam\Work\buildtools\Libraries\Goedel.Command\Goedel.Command.csproj
    Found project &#39;C:\Users\hallam\Work\buildtools\Libraries\Goedel.Command\Goedel.Command.csproj&#39;
Source: C:\Users\hallam\Work\buildtools\Libraries\Goedel.IO\Goedel.IO.csproj
    Found project &#39;C:\Users\hallam\Work\buildtools\Libraries\Goedel.IO\Goedel.IO.csproj&#39;
Source: C:\Users\hallam\Work\buildtools\Libraries\Goedel.Discovery\Goedel.Discovery.csproj
    Found project &#39;C:\Users\hallam\Work\buildtools\Libraries\Goedel.Discovery\Goedel.Discovery.csproj&#39;
Source: C:\Users\hallam\Work\buildtools\Libraries\Goedel.Protocol\Goedel.Protocol.csproj
    Found project &#39;C:\Users\hallam\Work\buildtools\Libraries\Goedel.Protocol\Goedel.Protocol.csproj&#39;
Source: C:\Users\hallam\Work\buildtools\Libraries\Goedel.Cryptography\Goedel.Cryptography.csproj
    Found project &#39;C:\Users\hallam\Work\buildtools\Libraries\Goedel.Cryptography\Goedel.Cryptography.csproj&#39;
Source: C:\Users\hallam\Work\buildtools\Libraries\Goedel.Cryptography.Container\Goedel.Cryptography.Container.csproj
    Found project &#39;C:\Users\hallam\Work\buildtools\Libraries\Goedel.Cryptography.Container\Goedel.Cryptography.Container.csproj&#39;
Source: C:\Users\hallam\Work\buildtools\Libraries\Goedel.Cryptography.Framework\Goedel.Cryptography.Framework.csproj
    Found project &#39;C:\Users\hallam\Work\buildtools\Libraries\Goedel.Cryptography.Framework\Goedel.Cryptography.Framework.csproj&#39;
Source: C:\Users\hallam\Work\buildtools\Libraries\Goedel.Cryptography.Jose\Goedel.Cryptography.Jose.csproj
    Found project &#39;C:\Users\hallam\Work\buildtools\Libraries\Goedel.Cryptography.Jose\Goedel.Cryptography.Jose.csproj&#39;
Source: C:\Users\hallam\Work\buildtools\Libraries\Goedel.Cryptography.Linux\Goedel.Cryptography.Linux.csproj
    Found project &#39;C:\Users\hallam\Work\buildtools\Libraries\Goedel.Cryptography.Linux\Goedel.Cryptography.Linux.csproj&#39;
Source: C:\Users\hallam\Work\buildtools\Libraries\Goedel.Cryptography.Windows\Goedel.Cryptography.Windows.csproj
    Found project &#39;C:\Users\hallam\Work\buildtools\Libraries\Goedel.Cryptography.Windows\Goedel.Cryptography.Windows.csproj&#39;
Source: C:\Users\hallam\Work\buildtools\Libraries\Goedel.Protocol.Debug\Goedel.Protocol.Debug.csproj
    Found project &#39;C:\Users\hallam\Work\buildtools\Libraries\Goedel.Protocol.Debug\Goedel.Protocol.Debug.csproj&#39;
Source: C:\Users\hallam\Work\buildtools\Libraries\Goedel.Protocol.Exchange\Goedel.Protocol.Exchange.csproj
    Found project &#39;C:\Users\hallam\Work\buildtools\Libraries\Goedel.Protocol.Exchange\Goedel.Protocol.Exchange.csproj&#39;
Source: C:\Users\hallam\Work\buildtools\Libraries\Goedel.Protocol.Exchange.Server\Goedel.Protocol.Exchange.Server.csproj
    Found project &#39;C:\Users\hallam\Work\buildtools\Libraries\Goedel.Protocol.Exchange.Server\Goedel.Protocol.Exchange.Server.csproj&#39;

Parsing project files
    Found assembly &#39;C:\Users\hallam\Work\buildtools\Libraries\Goedel.Utilities\bin\Release\Goedel.Utilities.dll&#39;
    Found assembly &#39;C:\Users\hallam\Work\buildtools\Libraries\Goedel.ASN\bin\Release\Goedel.ASN.dll&#39;
    Found assembly &#39;C:\Users\hallam\Work\buildtools\Libraries\Goedel.Registry\bin\Release\Goedel.Registry.dll&#39;
    Found assembly &#39;C:\Users\hallam\Work\buildtools\Libraries\Goedel.FSR\bin\Release\Goedel.FSR.dll&#39;
    Found assembly &#39;C:\Users\hallam\Work\buildtools\Libraries\Goedel.Command\bin\Release\Goedel.Command.dll&#39;
    Found assembly &#39;C:\Users\hallam\Work\buildtools\Libraries\Goedel.IO\bin\Release\Goedel.IO.dll&#39;
    Found assembly &#39;C:\Users\hallam\Work\buildtools\Libraries\Goedel.Discovery\bin\Release\Goedel.Discovery.dll&#39;
    Found assembly &#39;C:\Users\hallam\Work\buildtools\Libraries\Goedel.Protocol\bin\Release\Goedel.Protocol.dll&#39;
    Found assembly &#39;C:\Users\hallam\Work\buildtools\Libraries\Goedel.Cryptography\bin\Release\Goedel.Cryptography.dll&#39;
    Found assembly &#39;C:\Users\hallam\Work\buildtools\Libraries\Goedel.Cryptography.Container\bin\Release\Goedel.Cryptography.Container.dll&#39;
    Found assembly &#39;C:\Users\hallam\Work\buildtools\Libraries\Goedel.Cryptography.Framework\bin\Release\Goedel.Cryptography.Framework.dll&#39;
    Found assembly &#39;C:\Users\hallam\Work\buildtools\Libraries\Goedel.Cryptography.Jose\bin\Release\Goedel.Cryptography.Jose.dll&#39;
    Found assembly &#39;C:\Users\hallam\Work\buildtools\Libraries\Goedel.Cryptography.Linux\bin\Release\PHB Framework Library.dll&#39;
    Found assembly &#39;C:\Users\hallam\Work\buildtools\Libraries\Goedel.Cryptography.Windows\bin\Release\Goedel.Cryptography.Windows.dll&#39;
    Found assembly &#39;C:\Users\hallam\Work\buildtools\Libraries\Goedel.Protocol.Debug\bin\Release\Goedel.Protocol.Debug.dll&#39;
    Found assembly &#39;C:\Users\hallam\Work\buildtools\Libraries\Goedel.Protocol.Exchange\bin\Release\Goedel.Protocol.Exchange.dll&#39;
    Found assembly &#39;C:\Users\hallam\Work\buildtools\Libraries\Goedel.Protocol.Exchange.Server\bin\Release\Goedel.Protocol.Exchange.Server.dll&#39;

References to include (excluding framework assemblies):
    C:\Users\hallam\Work\buildtools\Libraries\Goedel.ASN\bin\Release\Goedel.ASN.dll
    C:\Users\hallam\Work\buildtools\Libraries\Goedel.Command\bin\Release\Goedel.Command.dll
    C:\Users\hallam\Work\buildtools\Libraries\Goedel.Cryptography.Container\bin\Release\Goedel.Cryptography.Container.dll
    C:\Users\hallam\Work\buildtools\Libraries\Goedel.Cryptography.Framework\bin\Release\Goedel.Cryptography.Framework.dll
    C:\Users\hallam\Work\buildtools\Libraries\Goedel.Cryptography.Jose\bin\Release\Goedel.Cryptography.Jose.dll
    C:\Users\hallam\Work\buildtools\Libraries\Goedel.Cryptography.KeyFile\bin\Release\Goedel.Cryptography.KeyFile.dll
    C:\Users\hallam\Work\buildtools\Libraries\Goedel.Cryptography.Linux\bin\Release\PHB Framework Library.dll
    C:\Users\hallam\Work\buildtools\Libraries\Goedel.Cryptography.Ticket\bin\Release\Goedel.Cryptography.Ticket.dll
    C:\Users\hallam\Work\buildtools\Libraries\Goedel.Cryptography.Windows\bin\Release\Goedel.Cryptography.Windows.dll
    C:\Users\hallam\Work\buildtools\Libraries\Goedel.Cryptography\bin\Release\Goedel.Cryptography.dll
    C:\Users\hallam\Work\buildtools\Libraries\Goedel.Discovery\bin\Release\Goedel.Discovery.dll
    C:\Users\hallam\Work\buildtools\Libraries\Goedel.FSR\bin\Release\Goedel.FSR.dll
    C:\Users\hallam\Work\buildtools\Libraries\Goedel.IO\bin\Release\Goedel.IO.dll
    C:\Users\hallam\Work\buildtools\Libraries\Goedel.Protocol.Debug\bin\Release\Goedel.Protocol.Debug.dll
    C:\Users\hallam\Work\buildtools\Libraries\Goedel.Protocol.Exchange.Server\bin\Release\Goedel.Protocol.Exchange.Server.dll
    C:\Users\hallam\Work\buildtools\Libraries\Goedel.Protocol.Exchange\bin\Release\Goedel.Protocol.Exchange.dll
    C:\Users\hallam\Work\buildtools\Libraries\Goedel.Protocol\bin\Release\Goedel.Protocol.dll
    C:\Users\hallam\Work\buildtools\Libraries\Goedel.Registry\bin\Release\Goedel.Registry.dll
    C:\Users\hallam\Work\buildtools\Libraries\Goedel.Utilities\bin\Release\Goedel.Utilities.dll

Copying XML comments files
    C:\Users\hallam\Work\buildtools\Libraries\Goedel.Utilities\bin\Release\Goedel.Utilities.xml -&gt; C:\Users\hallam\Work\scratch\standard\Goedel.Utilities.xml
    C:\Users\hallam\Work\buildtools\Libraries\Goedel.ASN\bin\Release\Goedel.ASN.xml -&gt; C:\Users\hallam\Work\scratch\standard\Goedel.ASN.xml
    C:\Users\hallam\Work\buildtools\Libraries\Goedel.Registry\bin\Release\Goedel.Registry.xml -&gt; C:\Users\hallam\Work\scratch\standard\Goedel.Registry.xml
    C:\Users\hallam\Work\buildtools\Libraries\Goedel.FSR\bin\Release\Goedel.FSR.xml -&gt; C:\Users\hallam\Work\scratch\standard\Goedel.FSR.xml
    C:\Users\hallam\Work\buildtools\Libraries\Goedel.Command\bin\Release\Goedel.Command.xml -&gt; C:\Users\hallam\Work\scratch\standard\Goedel.Command.xml
    C:\Users\hallam\Work\buildtools\Libraries\Goedel.IO\bin\Release\Goedel.IO.xml -&gt; C:\Users\hallam\Work\scratch\standard\Goedel.IO.xml
    C:\Users\hallam\Work\buildtools\Libraries\Goedel.Discovery\bin\Release\Goedel.Discovery.xml -&gt; C:\Users\hallam\Work\scratch\standard\Goedel.Discovery.xml
    C:\Users\hallam\Work\buildtools\Libraries\Goedel.Protocol\bin\Release\Goedel.Protocol.xml -&gt; C:\Users\hallam\Work\scratch\standard\Goedel.Protocol.xml
    C:\Users\hallam\Work\buildtools\Libraries\Goedel.Cryptography\bin\Release\Goedel.Cryptography.xml -&gt; C:\Users\hallam\Work\scratch\standard\Goedel.Cryptography.xml
    C:\Users\hallam\Work\buildtools\Libraries\Goedel.Cryptography.Container\bin\Release\Goedel.Cryptography.Container.xml -&gt; C:\Users\hallam\Work\scratch\standard\Goedel.Cryptography.Container.xml
    C:\Users\hallam\Work\buildtools\Libraries\Goedel.Cryptography.Framework\bin\Release\Goedel.Cryptography.Framework.xml -&gt; C:\Users\hallam\Work\scratch\standard\Goedel.Cryptography.Framework.xml
    C:\Users\hallam\Work\buildtools\Libraries\Goedel.Cryptography.Jose\bin\Release\Goedel.Cryptography.Jose.xml -&gt; C:\Users\hallam\Work\scratch\standard\Goedel.Cryptography.Jose.xml
    C:\Users\hallam\Work\buildtools\Libraries\Goedel.Cryptography.Linux\bin\Release\PHB Framework Library.xml -&gt; C:\Users\hallam\Work\scratch\standard\PHB Framework Library.xml
    C:\Users\hallam\Work\buildtools\Libraries\Goedel.Cryptography.Windows\bin\Release\Goedel.Cryptography.Windows.xml -&gt; C:\Users\hallam\Work\scratch\standard\Goedel.Cryptography.Windows.xml
    C:\Users\hallam\Work\buildtools\Libraries\Goedel.Protocol.Debug\bin\Release\Goedel.Protocol.Debug.xml -&gt; C:\Users\hallam\Work\scratch\standard\Goedel.Protocol.Debug.xml
    C:\Users\hallam\Work\buildtools\Libraries\Goedel.Protocol.Exchange\bin\Release\Goedel.Protocol.Exchange.xml -&gt; C:\Users\hallam\Work\scratch\standard\Goedel.Protocol.Exchange.xml
    C:\Users\hallam\Work\buildtools\Libraries\Goedel.Protocol.Exchange.Server\bin\Release\Goedel.Protocol.Exchange.Server.xml -&gt; C:\Users\hallam\Work\scratch\standard\Goedel.Protocol.Exchange.Server.xml
</buildStep>
<buildStep step="GenerateSharedContent">
Generating shared content files (en-US, English (United States))...
<plugIn name="Lightweight Website Style" behavior="After" priority="1000">
</plugIn>    Last step completed in 00:00:00.0125
</buildStep>
<buildStep step="GenerateApiFilter">
Generating API filter for MRefBuilder...
    Last step completed in 00:00:00.0215
</buildStep>
<buildStep step="GenerateReflectionInfo">
Generating reflection information...
[C:\Program Files (x86)\Microsoft Visual Studio\2017\Community\MSBuild\15.0\Bin\MSBuild.exe - GenerateRefInfo.proj]
Build started 10/23/2017 11:33:51 PM.
Project &quot;C:\Users\hallam\Work\scratch\standard\GenerateRefInfo.proj&quot; on node 1 (default targets).
PrepareForBuild:
  Creating directory &quot;obj\Debug\&quot;.
GenerateRefInfo:
  MRefBuilder (v2017.5.15.0)
  Copyright c 2006-2017, Microsoft Corporation, All Rights Reserved.
  Portions Copyright c 2006-2016, Eric Woodruff, All Rights Reserved.
  Found a current program database (PDB) file for &#39;C:\Users\hallam\Work\buildtools\Libraries\Goedel.ASN\bin\Release\Goedel.ASN.dll&#39;.
  Found a current program database (PDB) file for &#39;C:\Users\hallam\Work\buildtools\Libraries\Goedel.Command\bin\Release\Goedel.Command.dll&#39;.
  Found a current program database (PDB) file for &#39;C:\Users\hallam\Work\buildtools\Libraries\Goedel.Cryptography.Container\bin\Release\Goedel.Cryptography.Container.dll&#39;.
  Found a current program database (PDB) file for &#39;C:\Users\hallam\Work\buildtools\Libraries\Goedel.Cryptography.Framework\bin\Release\Goedel.Cryptography.Framework.dll&#39;.
  Found a current program database (PDB) file for &#39;C:\Users\hallam\Work\buildtools\Libraries\Goedel.Cryptography.Jose\bin\Release\Goedel.Cryptography.Jose.dll&#39;.
  Found a current program database (PDB) file for &#39;C:\Users\hallam\Work\buildtools\Libraries\Goedel.Cryptography.Linux\bin\Release\PHB Framework Library.dll&#39;.
  Found a current program database (PDB) file for &#39;C:\Users\hallam\Work\buildtools\Libraries\Goedel.Cryptography.Windows\bin\Release\Goedel.Cryptography.Windows.dll&#39;.
  Found a current program database (PDB) file for &#39;C:\Users\hallam\Work\buildtools\Libraries\Goedel.Cryptography\bin\Release\Goedel.Cryptography.dll&#39;.
  Found a current program database (PDB) file for &#39;C:\Users\hallam\Work\buildtools\Libraries\Goedel.Discovery\bin\Release\Goedel.Discovery.dll&#39;.
  Found a current program database (PDB) file for &#39;C:\Users\hallam\Work\buildtools\Libraries\Goedel.FSR\bin\Release\Goedel.FSR.dll&#39;.
  Found a current program database (PDB) file for &#39;C:\Users\hallam\Work\buildtools\Libraries\Goedel.IO\bin\Release\Goedel.IO.dll&#39;.
  Found a current program database (PDB) file for &#39;C:\Users\hallam\Work\buildtools\Libraries\Goedel.Protocol.Debug\bin\Release\Goedel.Protocol.Debug.dll&#39;.
  Found a current program database (PDB) file for &#39;C:\Users\hallam\Work\buildtools\Libraries\Goedel.Protocol.Exchange.Server\bin\Release\Goedel.Protocol.Exchange.Server.dll&#39;.
  Found a current program database (PDB) file for &#39;C:\Users\hallam\Work\buildtools\Libraries\Goedel.Protocol.Exchange\bin\Release\Goedel.Protocol.Exchange.dll&#39;.
  Found a current program database (PDB) file for &#39;C:\Users\hallam\Work\buildtools\Libraries\Goedel.Protocol\bin\Release\Goedel.Protocol.dll&#39;.
  Found a current program database (PDB) file for &#39;C:\Users\hallam\Work\buildtools\Libraries\Goedel.Registry\bin\Release\Goedel.Registry.dll&#39;.
  Found a current program database (PDB) file for &#39;C:\Users\hallam\Work\buildtools\Libraries\Goedel.Utilities\bin\Release\Goedel.Utilities.dll&#39;.
  Loaded 17 assemblies for reflection and 20 dependency assemblies.
  Source code location not found for Goedel.ASN.ASNFlags
  Source code location not found for Goedel.ASN.Constants
  Source code location not found for Goedel.ASN.TagMode
  Source code location not found for Goedel.Command._ExistingFile
  Source code location not found for Goedel.Command.CommandLex+State
  Source code location not found for Goedel.Command.CommandLex+Token
  Source code location not found for Goedel.Command.CommandSplitLex+State
  Source code location not found for Goedel.Command.CommandSplitLex+Token
  Source code location not found for Goedel.Command.DescribeCommand
  Source code location not found for Goedel.Command.DescribeEntryOption
  Source code location not found for Goedel.Command.DescribeEntryParameter
  Source code location not found for Goedel.Command.DescribeEntryValue
  Source code location not found for Goedel.Command.DispatchShell
  Source code location not found for Goedel.Command.HandleDelegate
  Source code location not found for Goedel.Cryptography.BlockProvider
  Source code location not found for Goedel.Cryptography.BlockProviderFactoryDelegate
  Source code location not found for Goedel.Cryptography.CertificateStore+DelegateClean
  Source code location not found for Goedel.Cryptography.CertificateStore+DelegateGet
  Source code location not found for Goedel.Cryptography.CertificateStore+DelegateRegister
  Source code location not found for Goedel.Cryptography.CertificateStore+DelegateRegisterTrustedRoot
  Source code location not found for Goedel.Cryptography.CertificateStore+DelegateRegisterTrustedRootByte
  Source code location not found for Goedel.Cryptography.CryptoAlgorithmClass
  Source code location not found for Goedel.Cryptography.CryptoAlgorithmID
  Source code location not found for Goedel.Cryptography.CryptoOperation
  Source code location not found for Goedel.Cryptography.CryptoProviderAsymmetric
  Source code location not found for Goedel.Cryptography.CryptoProviderBulk
  Source code location not found for Goedel.Cryptography.CryptoProviderFactoryDelegate
  Source code location not found for Goedel.Cryptography.Curve
  Source code location not found for Goedel.Cryptography.DHKeyPairBase
  Source code location not found for Goedel.Cryptography.FactoryDHPrivateKeyDelegate
  Source code location not found for Goedel.Cryptography.FactoryDHPublicKeyDelegate
  Source code location not found for Goedel.Cryptography.FactoryRSAPrivateKeyDelegate
  Source code location not found for Goedel.Cryptography.FactoryRSAPublicKeyDelegate
  Source code location not found for Goedel.Cryptography.GetCryptoProviderByHandleDelegate
  Source code location not found for Goedel.Cryptography.GetCryptoProviderGenerateDelegate
  Source code location not found for Goedel.Cryptography.KeyAgreementResult
  Source code location not found for Goedel.Cryptography.KeySecurity
  Source code location not found for Goedel.Cryptography.KeyWrap
  Source code location not found for Goedel.Cryptography.Platform+EraseFromKeyStoreDelegate
  Source code location not found for Goedel.Cryptography.Platform+EraseTestDelegate
  Source code location not found for Goedel.Cryptography.Platform+FindInKeyStoreDelegate
  Source code location not found for Goedel.Cryptography.Platform+FindLocalDelegateType
  Source code location not found for Goedel.Cryptography.Platform+GetRandomBytesDelegateType
  Source code location not found for Goedel.Cryptography.Platform+WriteToKeyStoreDelegate
  Source code location not found for Goedel.Cryptography.RSAKeyPairBase
  Source code location not found for Goedel.Cryptography.UDFConstants
  Source code location not found for Goedel.Cryptography.Container.ContainerType
  Source code location not found for Goedel.Cryptography.Container.FrameFilterDelegate
  Source code location not found for Goedel.Cryptography.Container.IContainer
  Source code location not found for Goedel.Cryptography.Container.IndexType
  Source code location not found for Goedel.Cryptography.Jose.Extensions
  Source code location not found for Goedel.Cryptography.PKIX.Application
  Source code location not found for Goedel.Cryptography.PKIX.Constants
  Source code location not found for Goedel.Cryptography.PKIX.IPKIXAgreement
  Source code location not found for Goedel.Cryptography.PKIX.IPKIXData
  Source code location not found for Goedel.Cryptography.PKIX.IPKIXPrivateKey
  Source code location not found for Goedel.Cryptography.PKIX.IPKIXPublicKey
  Source code location not found for Goedel.Cryptography.PKIX.KeyUses
  Source code location not found for Goedel.Cryptography.PKIX.StringType
  Source code location not found for Goedel.Discovery.CharType
  Source code location not found for Goedel.Discovery.DNSClass
  Source code location not found for Goedel.Discovery.DNSFallback
  Source code location not found for Goedel.Discovery.DNSFlags
  Source code location not found for Goedel.Discovery.DNSGatewayType
  Source code location not found for Goedel.Discovery.DNSOption
  Source code location not found for Goedel.Discovery.DNSTypeCode
  Source code location not found for Goedel.Discovery.TokenType
  Source code location not found for Goedel.Discovery.Transport
  Source code location not found for Goedel.Discovery.TransportSecurity
  Source code location not found for Goedel.FSR.Lexer+ActionDelegate
  Source code location not found for Goedel.IO.FileStatus
  Source code location not found for Goedel.Protocol.BufferedCharacterStream
  Source code location not found for Goedel.Protocol.CharacterStream
  Source code location not found for Goedel.Protocol.DataEncoding
  Source code location not found for Goedel.Protocol.JPCInterface
  Source code location not found for Goedel.Protocol.JPCSession
  Source code location not found for Goedel.Protocol.JSONFactoryDelegate
  Source code location not found for Goedel.Protocol.JSONReader+Action
  Source code location not found for Goedel.Protocol.JSONReader+CharType
  Source code location not found for Goedel.Protocol.JSONReader+Token
  Source code location not found for Goedel.Protocol.MessageType
  Source code location not found for Goedel.Protocol.ObjectEncoding
  Source code location not found for Goedel.Protocol.PortRegistration
  Source code location not found for Goedel.Registry.OutputFormat
  Source code location not found for Goedel.Registry.TokenType
  Source code location not found for Goedel.Utilities.ThrowDelegate
  Wrote information on 18 namespaces, 511 types, and 4353 members
  Copying file from &quot;reflection.org&quot; to &quot;reflection.all&quot;.
  XslTransform (v2017.5.15.0)
  Copyright c 2006-2017, Microsoft Corporation, All Rights Reserved.
  Portions Copyright c 2006-2016, Eric Woodruff, All Rights Reserved.
  Applying XSL transformation &#39;C:\Program Files (x86)\EWSoftware\Sandcastle Help File Builder\ProductionTransforms\MergeDuplicates.xsl&#39;.
Done Building Project &quot;C:\Users\hallam\Work\scratch\standard\GenerateRefInfo.proj&quot; (default targets).
    Last step completed in 00:00:42.0042
</buildStep>
<buildStep step="TransformReflectionInfo">
Transforming reflection output...
[C:\Program Files (x86)\Microsoft Visual Studio\2017\Community\MSBuild\15.0\Bin\MSBuild.exe - TransformManifest.proj]
Build started 10/23/2017 11:34:33 PM.
Project &quot;C:\Users\hallam\Work\scratch\standard\TransformManifest.proj&quot; on node 1 (default targets).
TransformManifest:
  XslTransform (v2017.5.15.0)
  Copyright c 2006-2017, Microsoft Corporation, All Rights Reserved.
  Portions Copyright c 2006-2016, Eric Woodruff, All Rights Reserved.
  Applying XSL transformation &#39;C:\Program Files (x86)\EWSoftware\Sandcastle Help File Builder\\ProductionTransforms\ApplyVSDocModel.xsl&#39;.
  Copying file from &quot;reflection.xml&quot; to &quot;reflection.nofilenames&quot;.
  XslTransform (v2017.5.15.0)
  Copyright c 2006-2017, Microsoft Corporation, All Rights Reserved.
  Portions Copyright c 2006-2016, Eric Woodruff, All Rights Reserved.
  Applying XSL transformation &#39;C:\Program Files (x86)\EWSoftware\Sandcastle Help File Builder\ProductionTransforms\AddFilenames.xsl&#39;.
  XslTransform (v2017.5.15.0)
  Copyright c 2006-2017, Microsoft Corporation, All Rights Reserved.
  Portions Copyright c 2006-2016, Eric Woodruff, All Rights Reserved.
  Applying XSL transformation &#39;C:\Program Files (x86)\EWSoftware\Sandcastle Help File Builder\ProductionTransforms\ReflectionToManifest.xsl&#39;.
Done Building Project &quot;C:\Users\hallam\Work\scratch\standard\TransformManifest.proj&quot; (default targets).
    Last step completed in 00:00:02.6889
</buildStep>
<buildStep step="GenerateNamespaceSummaries">
Generating namespace summary information...
    Last step completed in 00:00:00.2940
</buildStep>
<buildStep step="CopyConceptualContent">
Copying conceptual content...
Copying standard token shared content file...
Checking for other token files...
Checking for code snippets files...
Copying images and creating the media map file...
Generating conceptual topic files
    Parsing topic file &#39;C:\Users\hallam\Work\buildtools\Documentation\StandardLibraries\ContentProject\Welcome.aml&#39;
    C:\Users\hallam\Work\buildtools\Documentation\StandardLibraries\ContentProject\Welcome.aml -&gt; C:\Users\hallam\Work\scratch\standard\ddueXml\12cd4543-7aeb-41b3-81cf-4f828b2f76d7.xml
    Parsing topic file &#39;C:\Users\hallam\Work\buildtools\Documentation\StandardLibraries\ContentProject\Exceptional.aml&#39;
    C:\Users\hallam\Work\buildtools\Documentation\StandardLibraries\ContentProject\Exceptional.aml -&gt; C:\Users\hallam\Work\scratch\standard\ddueXml\43492f57-fc54-4884-8024-eb99454fe959.xml
    Parsing topic file &#39;C:\Users\hallam\Work\buildtools\Documentation\StandardLibraries\ContentProject\CodeStandards.aml&#39;
    C:\Users\hallam\Work\buildtools\Documentation\StandardLibraries\ContentProject\CodeStandards.aml -&gt; C:\Users\hallam\Work\scratch\standard\ddueXml\87a98061-24fe-4bd7-a67f-5e1e2b1a92f7.xml
    Parsing topic file &#39;C:\Users\hallam\Work\buildtools\Documentation\StandardLibraries\ContentProject\Libraries.aml&#39;
    C:\Users\hallam\Work\buildtools\Documentation\StandardLibraries\ContentProject\Libraries.aml -&gt; C:\Users\hallam\Work\scratch\standard\ddueXml\22699065-52a8-4e7b-9d2f-575338471deb.xml
    Parsing topic file &#39;C:\Users\hallam\Work\buildtools\Documentation\StandardLibraries\ContentProject\Libraries\ProtocolLibraries.aml&#39;
    C:\Users\hallam\Work\buildtools\Documentation\StandardLibraries\ContentProject\Libraries\ProtocolLibraries.aml -&gt; C:\Users\hallam\Work\scratch\standard\ddueXml\98313b54-9855-415f-9cf8-7a3beb669ae7.xml
    Parsing topic file &#39;C:\Users\hallam\Work\buildtools\Documentation\StandardLibraries\ContentProject\Libraries\CryptographyLibraries.aml&#39;
    C:\Users\hallam\Work\buildtools\Documentation\StandardLibraries\ContentProject\Libraries\CryptographyLibraries.aml -&gt; C:\Users\hallam\Work\scratch\standard\ddueXml\f49b1505-1206-4ffe-8f23-43f42f61e4bd.xml
    Parsing topic file &#39;C:\Users\hallam\Work\buildtools\Documentation\StandardLibraries\ContentProject\Libraries\ParserLibraries.aml&#39;
    C:\Users\hallam\Work\buildtools\Documentation\StandardLibraries\ContentProject\Libraries\ParserLibraries.aml -&gt; C:\Users\hallam\Work\scratch\standard\ddueXml\9a1e36d4-be25-49e5-8182-8eebe08681d8.xml
    Parsing topic file &#39;C:\Users\hallam\Work\buildtools\Documentation\StandardLibraries\ContentProject\Libraries\TextConversion.aml&#39;
    C:\Users\hallam\Work\buildtools\Documentation\StandardLibraries\ContentProject\Libraries\TextConversion.aml -&gt; C:\Users\hallam\Work\scratch\standard\ddueXml\1afdeb2b-c964-42b6-8a19-6296acc0480c.xml
    Parsing topic file &#39;C:\Users\hallam\Work\buildtools\Documentation\StandardLibraries\ContentProject\Libraries\FileTools.aml&#39;
    C:\Users\hallam\Work\buildtools\Documentation\StandardLibraries\ContentProject\Libraries\FileTools.aml -&gt; C:\Users\hallam\Work\scratch\standard\ddueXml\3f75377a-fb17-44ab-a877-a38d0c9cf37b.xml
    Parsing topic file &#39;C:\Users\hallam\Work\buildtools\Documentation\StandardLibraries\ContentProject\Libraries\DNS.aml&#39;
    C:\Users\hallam\Work\buildtools\Documentation\StandardLibraries\ContentProject\Libraries\DNS.aml -&gt; C:\Users\hallam\Work\scratch\standard\ddueXml\e6ba006e-7ac9-4132-ae8d-5c080b5f02ce.xml
    Parsing topic file &#39;C:\Users\hallam\Work\buildtools\Documentation\StandardLibraries\ContentProject\Libraries\AdvancedText.aml&#39;
    C:\Users\hallam\Work\buildtools\Documentation\StandardLibraries\ContentProject\Libraries\AdvancedText.aml -&gt; C:\Users\hallam\Work\scratch\standard\ddueXml\85d58409-5b24-430c-94b8-43fad4ea2892.xml
    Parsing topic file &#39;C:\Users\hallam\Work\buildtools\Documentation\StandardLibraries\ContentProject\VSIXIntegration.aml&#39;
    C:\Users\hallam\Work\buildtools\Documentation\StandardLibraries\ContentProject\VSIXIntegration.aml -&gt; C:\Users\hallam\Work\scratch\standard\ddueXml\23330bd8-ccd3-4de5-b806-860b84e42380.xml
    Parsing topic file &#39;C:\Users\hallam\Work\buildtools\Documentation\StandardLibraries\Content\VersionHistory\VersionHistory.aml&#39;
    C:\Users\hallam\Work\buildtools\Documentation\StandardLibraries\Content\VersionHistory\VersionHistory.aml -&gt; C:\Users\hallam\Work\scratch\standard\ddueXml\3a616bb2-acaa-4b30-8aab-03736daf78a9.xml
    Parsing topic file &#39;C:\Users\hallam\Work\buildtools\Documentation\StandardLibraries\Content\VersionHistory\v1.0.0.0.aml&#39;
    C:\Users\hallam\Work\buildtools\Documentation\StandardLibraries\Content\VersionHistory\v1.0.0.0.aml -&gt; C:\Users\hallam\Work\scratch\standard\ddueXml\c07d5c4a-8272-4e98-988f-862bbdea879f.xml
    Last step completed in 00:00:00.1020
</buildStep>
<buildStep step="CreateConceptualTopicConfigs">
Creating conceptual topic configuration files...
    Companion files
    _ContentMetadata_.xml
    Merging topic IDs into manifest.xml
    Last step completed in 00:00:00.0630
</buildStep>
<buildStep step="CopyAdditionalContent">
Copying additional content files...
C:\Users\hallam\Work\buildtools\Documentation\StandardLibraries\icons\Help.png -&gt; C:\Users\hallam\Work\scratch\standard\Output\HtmlHelp1\icons\Help.png
C:\Users\hallam\Work\buildtools\Documentation\StandardLibraries\icons\Help.png -&gt; C:\Users\hallam\Work\scratch\standard\Output\MSHelpViewer\icons\Help.png
C:\Users\hallam\Work\buildtools\Documentation\StandardLibraries\icons\Help.png -&gt; C:\Users\hallam\Work\scratch\standard\Output\Website\icons\Help.png
    Last step completed in 00:00:00.0120
</buildStep>
<buildStep step="MergeTablesOfContents">
Merging conceptual and additional tables of contents...
    Last step completed in 00:00:00.0030
</buildStep>
<buildStep step="GenerateIntermediateTableOfContents">
Generating intermediate table of contents file...
[C:\Program Files (x86)\Microsoft Visual Studio\2017\Community\MSBuild\15.0\Bin\MSBuild.exe - GenerateIntermediateTOC.proj]
Build started 10/23/2017 11:34:36 PM.
Project &quot;C:\Users\hallam\Work\scratch\standard\GenerateIntermediateTOC.proj&quot; on node 1 (default targets).
GenerateIntermediateTOC:
  XslTransform (v2017.5.15.0)
  Copyright c 2006-2017, Microsoft Corporation, All Rights Reserved.
  Portions Copyright c 2006-2016, Eric Woodruff, All Rights Reserved.
  Applying XSL transformation &#39;C:\Program Files (x86)\EWSoftware\Sandcastle Help File Builder\\ProductionTransforms\CreateVSToc.xsl&#39;.
Done Building Project &quot;C:\Users\hallam\Work\scratch\standard\GenerateIntermediateTOC.proj&quot; (default targets).
Generating conceptual content intermediate TOC file...
    Last step completed in 00:00:00.5609
</buildStep>
<buildStep step="CreateBuildAssemblerConfigs">
Creating Sandcastle configuration files...
    sandcastle.config
    Last step completed in 00:00:00.3537
</buildStep>
<buildStep step="MergeCustomConfigs">
Merging custom build component configurations
C:\Users\hallam\Work\scratch\standard\sandcastle.config
  Updating reference topic configurations.
  Updating conceptual topic configurations.
    Removing unused ExampleComponent.
    Last step completed in 00:00:00.0290
</buildStep>
<buildStep step="BuildTopics">
Building help topics...
[C:\Program Files (x86)\Microsoft Visual Studio\2017\Community\MSBuild\15.0\Bin\MSBuild.exe - BuildTopics.proj]
Build started 10/23/2017 11:34:37 PM.
Project &quot;C:\Users\hallam\Work\scratch\standard\BuildTopics.proj&quot; on node 1 (default targets).
BuildTopics:
  BuildAssembler (v2017.5.15.0)
  Copyright c 2006-2017, Microsoft Corporation, All Rights Reserved.
  Portions Copyright c 2006-2016, Eric Woodruff, All Rights Reserved.
  Loading configuration...
  Processing topics...
  Processed 6033 topic(s)
  CopyFromIndexComponent: &quot;metadata&quot; in-memory cache entries used: 1 of 15.
  ResolveArtLinksComponent: Copying media files...
  ResolveArtLinksComponent: Copying media files...
  ResolveArtLinksComponent: Copying media files...
  CopyFromIndexComponent: &quot;reflection&quot; in-memory cache entries used: 11 of 15.
  CopyFromIndexComponent: &quot;comments&quot; in-memory cache entries used: 18 of 30.
Done Building Project &quot;C:\Users\hallam\Work\scratch\standard\BuildTopics.proj&quot; (default targets).
    Last step completed in 00:01:00.9652
</buildStep>
<buildStep step="CombiningIntermediateTocFiles">
Combining conceptual and API intermediate TOC files...
    Last step completed in 00:00:00.0430
</buildStep>
<buildStep step="ExtractingHtmlInfo">
Extracting HTML info for HTML Help 1 and/or website...
[C:\Program Files (x86)\Microsoft Visual Studio\2017\Community\MSBuild\15.0\Bin\MSBuild.exe - ExtractHtmlInfo.proj]
Sandcastle Help File Builder and Tools, version 2017.5.15.0
Copyright c 2006-2017, Eric Woodruff, All Rights Reserved
E-Mail: Eric@EWoodruff.us

Using LCID &#39;1033&#39;, code page &#39;65001&#39;, encoding charset &#39;UTF-8&#39;.

Processing Help 1 files in C:\Users\hallam\Work\scratch\standard\Output\HtmlHelp1
Processed 6033 HTML files
Sorting keywords and generating See Also indices
Saving HTML Help 1 keyword index to C:\Users\hallam\Work\scratch\standard\GoedelPortable.hhk
Saving HTML Help 1 table of contents to C:\Users\hallam\Work\scratch\standard\GoedelPortable.hhc

Processing website files in C:\Users\hallam\Work\scratch\standard\Output\Website
Processed 6033 HTML files
Sorting keywords and generating See Also indices
Saving website keyword index to C:\Users\hallam\Work\scratch\standard\WebKI.xml
Saving website table of contents to C:\Users\hallam\Work\scratch\standard\WebTOC.xml
    Last step completed in 00:00:05.8300
</buildStep>
<buildStep step="CopyStandardHelpContent">
Copying standard help content...
C:\Program Files (x86)\EWSoftware\Sandcastle Help File Builder\PresentationStyles\VS2013\icons\AlertCaution.png -&gt; C:\Users\hallam\Work\scratch\standard\Output\HtmlHelp1\icons\AlertCaution.png
C:\Program Files (x86)\EWSoftware\Sandcastle Help File Builder\PresentationStyles\VS2013\icons\AlertNote.png -&gt; C:\Users\hallam\Work\scratch\standard\Output\HtmlHelp1\icons\AlertNote.png
C:\Program Files (x86)\EWSoftware\Sandcastle Help File Builder\PresentationStyles\VS2013\icons\AlertSecurity.png -&gt; C:\Users\hallam\Work\scratch\standard\Output\HtmlHelp1\icons\AlertSecurity.png
C:\Program Files (x86)\EWSoftware\Sandcastle Help File Builder\PresentationStyles\VS2013\icons\CFW.gif -&gt; C:\Users\hallam\Work\scratch\standard\Output\HtmlHelp1\icons\CFW.gif
C:\Program Files (x86)\EWSoftware\Sandcastle Help File Builder\PresentationStyles\VS2013\icons\CodeExample.png -&gt; C:\Users\hallam\Work\scratch\standard\Output\HtmlHelp1\icons\CodeExample.png
C:\Program Files (x86)\EWSoftware\Sandcastle Help File Builder\PresentationStyles\VS2013\icons\favicon.ico -&gt; C:\Users\hallam\Work\scratch\standard\Output\HtmlHelp1\icons\favicon.ico
C:\Program Files (x86)\EWSoftware\Sandcastle Help File Builder\PresentationStyles\VS2013\icons\privclass.gif -&gt; C:\Users\hallam\Work\scratch\standard\Output\HtmlHelp1\icons\privclass.gif
C:\Program Files (x86)\EWSoftware\Sandcastle Help File Builder\PresentationStyles\VS2013\icons\privdelegate.gif -&gt; C:\Users\hallam\Work\scratch\standard\Output\HtmlHelp1\icons\privdelegate.gif
C:\Program Files (x86)\EWSoftware\Sandcastle Help File Builder\PresentationStyles\VS2013\icons\privenumeration.gif -&gt; C:\Users\hallam\Work\scratch\standard\Output\HtmlHelp1\icons\privenumeration.gif
C:\Program Files (x86)\EWSoftware\Sandcastle Help File Builder\PresentationStyles\VS2013\icons\privevent.gif -&gt; C:\Users\hallam\Work\scratch\standard\Output\HtmlHelp1\icons\privevent.gif
C:\Program Files (x86)\EWSoftware\Sandcastle Help File Builder\PresentationStyles\VS2013\icons\privextension.gif -&gt; C:\Users\hallam\Work\scratch\standard\Output\HtmlHelp1\icons\privextension.gif
C:\Program Files (x86)\EWSoftware\Sandcastle Help File Builder\PresentationStyles\VS2013\icons\privfield.gif -&gt; C:\Users\hallam\Work\scratch\standard\Output\HtmlHelp1\icons\privfield.gif
C:\Program Files (x86)\EWSoftware\Sandcastle Help File Builder\PresentationStyles\VS2013\icons\privinterface.gif -&gt; C:\Users\hallam\Work\scratch\standard\Output\HtmlHelp1\icons\privinterface.gif
C:\Program Files (x86)\EWSoftware\Sandcastle Help File Builder\PresentationStyles\VS2013\icons\privmethod.gif -&gt; C:\Users\hallam\Work\scratch\standard\Output\HtmlHelp1\icons\privmethod.gif
C:\Program Files (x86)\EWSoftware\Sandcastle Help File Builder\PresentationStyles\VS2013\icons\privproperty.gif -&gt; C:\Users\hallam\Work\scratch\standard\Output\HtmlHelp1\icons\privproperty.gif
C:\Program Files (x86)\EWSoftware\Sandcastle Help File Builder\PresentationStyles\VS2013\icons\privstructure.gif -&gt; C:\Users\hallam\Work\scratch\standard\Output\HtmlHelp1\icons\privstructure.gif
C:\Program Files (x86)\EWSoftware\Sandcastle Help File Builder\PresentationStyles\VS2013\icons\protclass.gif -&gt; C:\Users\hallam\Work\scratch\standard\Output\HtmlHelp1\icons\protclass.gif
C:\Program Files (x86)\EWSoftware\Sandcastle Help File Builder\PresentationStyles\VS2013\icons\protdelegate.gif -&gt; C:\Users\hallam\Work\scratch\standard\Output\HtmlHelp1\icons\protdelegate.gif
C:\Program Files (x86)\EWSoftware\Sandcastle Help File Builder\PresentationStyles\VS2013\icons\protenumeration.gif -&gt; C:\Users\hallam\Work\scratch\standard\Output\HtmlHelp1\icons\protenumeration.gif
C:\Program Files (x86)\EWSoftware\Sandcastle Help File Builder\PresentationStyles\VS2013\icons\protevent.gif -&gt; C:\Users\hallam\Work\scratch\standard\Output\HtmlHelp1\icons\protevent.gif
C:\Program Files (x86)\EWSoftware\Sandcastle Help File Builder\PresentationStyles\VS2013\icons\protextension.gif -&gt; C:\Users\hallam\Work\scratch\standard\Output\HtmlHelp1\icons\protextension.gif
C:\Program Files (x86)\EWSoftware\Sandcastle Help File Builder\PresentationStyles\VS2013\icons\protfield.gif -&gt; C:\Users\hallam\Work\scratch\standard\Output\HtmlHelp1\icons\protfield.gif
C:\Program Files (x86)\EWSoftware\Sandcastle Help File Builder\PresentationStyles\VS2013\icons\protinterface.gif -&gt; C:\Users\hallam\Work\scratch\standard\Output\HtmlHelp1\icons\protinterface.gif
C:\Program Files (x86)\EWSoftware\Sandcastle Help File Builder\PresentationStyles\VS2013\icons\protmethod.gif -&gt; C:\Users\hallam\Work\scratch\standard\Output\HtmlHelp1\icons\protmethod.gif
C:\Program Files (x86)\EWSoftware\Sandcastle Help File Builder\PresentationStyles\VS2013\icons\protoperator.gif -&gt; C:\Users\hallam\Work\scratch\standard\Output\HtmlHelp1\icons\protoperator.gif
C:\Program Files (x86)\EWSoftware\Sandcastle Help File Builder\PresentationStyles\VS2013\icons\protproperty.gif -&gt; C:\Users\hallam\Work\scratch\standard\Output\HtmlHelp1\icons\protproperty.gif
C:\Program Files (x86)\EWSoftware\Sandcastle Help File Builder\PresentationStyles\VS2013\icons\protstructure.gif -&gt; C:\Users\hallam\Work\scratch\standard\Output\HtmlHelp1\icons\protstructure.gif
C:\Program Files (x86)\EWSoftware\Sandcastle Help File Builder\PresentationStyles\VS2013\icons\pubclass.gif -&gt; C:\Users\hallam\Work\scratch\standard\Output\HtmlHelp1\icons\pubclass.gif
C:\Program Files (x86)\EWSoftware\Sandcastle Help File Builder\PresentationStyles\VS2013\icons\pubdelegate.gif -&gt; C:\Users\hallam\Work\scratch\standard\Output\HtmlHelp1\icons\pubdelegate.gif
C:\Program Files (x86)\EWSoftware\Sandcastle Help File Builder\PresentationStyles\VS2013\icons\pubenumeration.gif -&gt; C:\Users\hallam\Work\scratch\standard\Output\HtmlHelp1\icons\pubenumeration.gif
C:\Program Files (x86)\EWSoftware\Sandcastle Help File Builder\PresentationStyles\VS2013\icons\pubevent.gif -&gt; C:\Users\hallam\Work\scratch\standard\Output\HtmlHelp1\icons\pubevent.gif
C:\Program Files (x86)\EWSoftware\Sandcastle Help File Builder\PresentationStyles\VS2013\icons\pubextension.gif -&gt; C:\Users\hallam\Work\scratch\standard\Output\HtmlHelp1\icons\pubextension.gif
C:\Program Files (x86)\EWSoftware\Sandcastle Help File Builder\PresentationStyles\VS2013\icons\pubfield.gif -&gt; C:\Users\hallam\Work\scratch\standard\Output\HtmlHelp1\icons\pubfield.gif
C:\Program Files (x86)\EWSoftware\Sandcastle Help File Builder\PresentationStyles\VS2013\icons\pubinterface.gif -&gt; C:\Users\hallam\Work\scratch\standard\Output\HtmlHelp1\icons\pubinterface.gif
C:\Program Files (x86)\EWSoftware\Sandcastle Help File Builder\PresentationStyles\VS2013\icons\pubmethod.gif -&gt; C:\Users\hallam\Work\scratch\standard\Output\HtmlHelp1\icons\pubmethod.gif
C:\Program Files (x86)\EWSoftware\Sandcastle Help File Builder\PresentationStyles\VS2013\icons\puboperator.gif -&gt; C:\Users\hallam\Work\scratch\standard\Output\HtmlHelp1\icons\puboperator.gif
C:\Program Files (x86)\EWSoftware\Sandcastle Help File Builder\PresentationStyles\VS2013\icons\pubproperty.gif -&gt; C:\Users\hallam\Work\scratch\standard\Output\HtmlHelp1\icons\pubproperty.gif
C:\Program Files (x86)\EWSoftware\Sandcastle Help File Builder\PresentationStyles\VS2013\icons\pubstructure.gif -&gt; C:\Users\hallam\Work\scratch\standard\Output\HtmlHelp1\icons\pubstructure.gif
C:\Program Files (x86)\EWSoftware\Sandcastle Help File Builder\PresentationStyles\VS2013\icons\SectionCollapsed.png -&gt; C:\Users\hallam\Work\scratch\standard\Output\HtmlHelp1\icons\SectionCollapsed.png
C:\Program Files (x86)\EWSoftware\Sandcastle Help File Builder\PresentationStyles\VS2013\icons\SectionExpanded.png -&gt; C:\Users\hallam\Work\scratch\standard\Output\HtmlHelp1\icons\SectionExpanded.png
C:\Program Files (x86)\EWSoftware\Sandcastle Help File Builder\PresentationStyles\VS2013\icons\slMobile.gif -&gt; C:\Users\hallam\Work\scratch\standard\Output\HtmlHelp1\icons\slMobile.gif
C:\Program Files (x86)\EWSoftware\Sandcastle Help File Builder\PresentationStyles\VS2013\icons\static.gif -&gt; C:\Users\hallam\Work\scratch\standard\Output\HtmlHelp1\icons\static.gif
C:\Program Files (x86)\EWSoftware\Sandcastle Help File Builder\PresentationStyles\VS2013\icons\xna.gif -&gt; C:\Users\hallam\Work\scratch\standard\Output\HtmlHelp1\icons\xna.gif
C:\Program Files (x86)\EWSoftware\Sandcastle Help File Builder\PresentationStyles\VS2013\scripts\branding.js -&gt; C:\Users\hallam\Work\scratch\standard\Output\HtmlHelp1\scripts\branding.js
C:\Program Files (x86)\EWSoftware\Sandcastle Help File Builder\PresentationStyles\VS2013\styles\branding-cs-CZ.css -&gt; C:\Users\hallam\Work\scratch\standard\Output\HtmlHelp1\styles\branding-cs-CZ.css
C:\Program Files (x86)\EWSoftware\Sandcastle Help File Builder\PresentationStyles\VS2013\styles\branding-de-DE.css -&gt; C:\Users\hallam\Work\scratch\standard\Output\HtmlHelp1\styles\branding-de-DE.css
C:\Program Files (x86)\EWSoftware\Sandcastle Help File Builder\PresentationStyles\VS2013\styles\branding-en-US.css -&gt; C:\Users\hallam\Work\scratch\standard\Output\HtmlHelp1\styles\branding-en-US.css
C:\Program Files (x86)\EWSoftware\Sandcastle Help File Builder\PresentationStyles\VS2013\styles\branding-es-ES.css -&gt; C:\Users\hallam\Work\scratch\standard\Output\HtmlHelp1\styles\branding-es-ES.css
C:\Program Files (x86)\EWSoftware\Sandcastle Help File Builder\PresentationStyles\VS2013\styles\branding-fr-FR.css -&gt; C:\Users\hallam\Work\scratch\standard\Output\HtmlHelp1\styles\branding-fr-FR.css
C:\Program Files (x86)\EWSoftware\Sandcastle Help File Builder\PresentationStyles\VS2013\styles\branding-Help1.css -&gt; C:\Users\hallam\Work\scratch\standard\Output\HtmlHelp1\styles\branding-Help1.css
C:\Program Files (x86)\EWSoftware\Sandcastle Help File Builder\PresentationStyles\VS2013\styles\branding-HelpViewer.css -&gt; C:\Users\hallam\Work\scratch\standard\Output\HtmlHelp1\styles\branding-HelpViewer.css
C:\Program Files (x86)\EWSoftware\Sandcastle Help File Builder\PresentationStyles\VS2013\styles\branding-it-IT.css -&gt; C:\Users\hallam\Work\scratch\standard\Output\HtmlHelp1\styles\branding-it-IT.css
C:\Program Files (x86)\EWSoftware\Sandcastle Help File Builder\PresentationStyles\VS2013\styles\branding-ja-JP.css -&gt; C:\Users\hallam\Work\scratch\standard\Output\HtmlHelp1\styles\branding-ja-JP.css
C:\Program Files (x86)\EWSoftware\Sandcastle Help File Builder\PresentationStyles\VS2013\styles\branding-ko-KR.css -&gt; C:\Users\hallam\Work\scratch\standard\Output\HtmlHelp1\styles\branding-ko-KR.css
C:\Program Files (x86)\EWSoftware\Sandcastle Help File Builder\PresentationStyles\VS2013\styles\branding-pl-PL.css -&gt; C:\Users\hallam\Work\scratch\standard\Output\HtmlHelp1\styles\branding-pl-PL.css
C:\Program Files (x86)\EWSoftware\Sandcastle Help File Builder\PresentationStyles\VS2013\styles\branding-pt-BR.css -&gt; C:\Users\hallam\Work\scratch\standard\Output\HtmlHelp1\styles\branding-pt-BR.css
C:\Program Files (x86)\EWSoftware\Sandcastle Help File Builder\PresentationStyles\VS2013\styles\branding-ru-RU.css -&gt; C:\Users\hallam\Work\scratch\standard\Output\HtmlHelp1\styles\branding-ru-RU.css
C:\Program Files (x86)\EWSoftware\Sandcastle Help File Builder\PresentationStyles\VS2013\styles\branding-tr-TR.css -&gt; C:\Users\hallam\Work\scratch\standard\Output\HtmlHelp1\styles\branding-tr-TR.css
C:\Program Files (x86)\EWSoftware\Sandcastle Help File Builder\PresentationStyles\VS2013\styles\branding-Website.css -&gt; C:\Users\hallam\Work\scratch\standard\Output\HtmlHelp1\styles\branding-Website.css
C:\Program Files (x86)\EWSoftware\Sandcastle Help File Builder\PresentationStyles\VS2013\styles\branding-zh-CN.css -&gt; C:\Users\hallam\Work\scratch\standard\Output\HtmlHelp1\styles\branding-zh-CN.css
C:\Program Files (x86)\EWSoftware\Sandcastle Help File Builder\PresentationStyles\VS2013\styles\branding-zh-TW.css -&gt; C:\Users\hallam\Work\scratch\standard\Output\HtmlHelp1\styles\branding-zh-TW.css
C:\Program Files (x86)\EWSoftware\Sandcastle Help File Builder\PresentationStyles\VS2013\styles\branding.css -&gt; C:\Users\hallam\Work\scratch\standard\Output\HtmlHelp1\styles\branding.css
C:\Program Files (x86)\EWSoftware\Sandcastle Help File Builder\PresentationStyles\VS2013\icons\AlertCaution.png -&gt; C:\Users\hallam\Work\scratch\standard\Output\MSHelpViewer\icons\AlertCaution.png
C:\Program Files (x86)\EWSoftware\Sandcastle Help File Builder\PresentationStyles\VS2013\icons\AlertNote.png -&gt; C:\Users\hallam\Work\scratch\standard\Output\MSHelpViewer\icons\AlertNote.png
C:\Program Files (x86)\EWSoftware\Sandcastle Help File Builder\PresentationStyles\VS2013\icons\AlertSecurity.png -&gt; C:\Users\hallam\Work\scratch\standard\Output\MSHelpViewer\icons\AlertSecurity.png
C:\Program Files (x86)\EWSoftware\Sandcastle Help File Builder\PresentationStyles\VS2013\icons\CFW.gif -&gt; C:\Users\hallam\Work\scratch\standard\Output\MSHelpViewer\icons\CFW.gif
C:\Program Files (x86)\EWSoftware\Sandcastle Help File Builder\PresentationStyles\VS2013\icons\CodeExample.png -&gt; C:\Users\hallam\Work\scratch\standard\Output\MSHelpViewer\icons\CodeExample.png
C:\Program Files (x86)\EWSoftware\Sandcastle Help File Builder\PresentationStyles\VS2013\icons\favicon.ico -&gt; C:\Users\hallam\Work\scratch\standard\Output\MSHelpViewer\icons\favicon.ico
C:\Program Files (x86)\EWSoftware\Sandcastle Help File Builder\PresentationStyles\VS2013\icons\privclass.gif -&gt; C:\Users\hallam\Work\scratch\standard\Output\MSHelpViewer\icons\privclass.gif
C:\Program Files (x86)\EWSoftware\Sandcastle Help File Builder\PresentationStyles\VS2013\icons\privdelegate.gif -&gt; C:\Users\hallam\Work\scratch\standard\Output\MSHelpViewer\icons\privdelegate.gif
C:\Program Files (x86)\EWSoftware\Sandcastle Help File Builder\PresentationStyles\VS2013\icons\privenumeration.gif -&gt; C:\Users\hallam\Work\scratch\standard\Output\MSHelpViewer\icons\privenumeration.gif
C:\Program Files (x86)\EWSoftware\Sandcastle Help File Builder\PresentationStyles\VS2013\icons\privevent.gif -&gt; C:\Users\hallam\Work\scratch\standard\Output\MSHelpViewer\icons\privevent.gif
C:\Program Files (x86)\EWSoftware\Sandcastle Help File Builder\PresentationStyles\VS2013\icons\privextension.gif -&gt; C:\Users\hallam\Work\scratch\standard\Output\MSHelpViewer\icons\privextension.gif
C:\Program Files (x86)\EWSoftware\Sandcastle Help File Builder\PresentationStyles\VS2013\icons\privfield.gif -&gt; C:\Users\hallam\Work\scratch\standard\Output\MSHelpViewer\icons\privfield.gif
C:\Program Files (x86)\EWSoftware\Sandcastle Help File Builder\PresentationStyles\VS2013\icons\privinterface.gif -&gt; C:\Users\hallam\Work\scratch\standard\Output\MSHelpViewer\icons\privinterface.gif
C:\Program Files (x86)\EWSoftware\Sandcastle Help File Builder\PresentationStyles\VS2013\icons\privmethod.gif -&gt; C:\Users\hallam\Work\scratch\standard\Output\MSHelpViewer\icons\privmethod.gif
C:\Program Files (x86)\EWSoftware\Sandcastle Help File Builder\PresentationStyles\VS2013\icons\privproperty.gif -&gt; C:\Users\hallam\Work\scratch\standard\Output\MSHelpViewer\icons\privproperty.gif
C:\Program Files (x86)\EWSoftware\Sandcastle Help File Builder\PresentationStyles\VS2013\icons\privstructure.gif -&gt; C:\Users\hallam\Work\scratch\standard\Output\MSHelpViewer\icons\privstructure.gif
C:\Program Files (x86)\EWSoftware\Sandcastle Help File Builder\PresentationStyles\VS2013\icons\protclass.gif -&gt; C:\Users\hallam\Work\scratch\standard\Output\MSHelpViewer\icons\protclass.gif
C:\Program Files (x86)\EWSoftware\Sandcastle Help File Builder\PresentationStyles\VS2013\icons\protdelegate.gif -&gt; C:\Users\hallam\Work\scratch\standard\Output\MSHelpViewer\icons\protdelegate.gif
C:\Program Files (x86)\EWSoftware\Sandcastle Help File Builder\PresentationStyles\VS2013\icons\protenumeration.gif -&gt; C:\Users\hallam\Work\scratch\standard\Output\MSHelpViewer\icons\protenumeration.gif
C:\Program Files (x86)\EWSoftware\Sandcastle Help File Builder\PresentationStyles\VS2013\icons\protevent.gif -&gt; C:\Users\hallam\Work\scratch\standard\Output\MSHelpViewer\icons\protevent.gif
C:\Program Files (x86)\EWSoftware\Sandcastle Help File Builder\PresentationStyles\VS2013\icons\protextension.gif -&gt; C:\Users\hallam\Work\scratch\standard\Output\MSHelpViewer\icons\protextension.gif
C:\Program Files (x86)\EWSoftware\Sandcastle Help File Builder\PresentationStyles\VS2013\icons\protfield.gif -&gt; C:\Users\hallam\Work\scratch\standard\Output\MSHelpViewer\icons\protfield.gif
C:\Program Files (x86)\EWSoftware\Sandcastle Help File Builder\PresentationStyles\VS2013\icons\protinterface.gif -&gt; C:\Users\hallam\Work\scratch\standard\Output\MSHelpViewer\icons\protinterface.gif
C:\Program Files (x86)\EWSoftware\Sandcastle Help File Builder\PresentationStyles\VS2013\icons\protmethod.gif -&gt; C:\Users\hallam\Work\scratch\standard\Output\MSHelpViewer\icons\protmethod.gif
C:\Program Files (x86)\EWSoftware\Sandcastle Help File Builder\PresentationStyles\VS2013\icons\protoperator.gif -&gt; C:\Users\hallam\Work\scratch\standard\Output\MSHelpViewer\icons\protoperator.gif
C:\Program Files (x86)\EWSoftware\Sandcastle Help File Builder\PresentationStyles\VS2013\icons\protproperty.gif -&gt; C:\Users\hallam\Work\scratch\standard\Output\MSHelpViewer\icons\protproperty.gif
C:\Program Files (x86)\EWSoftware\Sandcastle Help File Builder\PresentationStyles\VS2013\icons\protstructure.gif -&gt; C:\Users\hallam\Work\scratch\standard\Output\MSHelpViewer\icons\protstructure.gif
C:\Program Files (x86)\EWSoftware\Sandcastle Help File Builder\PresentationStyles\VS2013\icons\pubclass.gif -&gt; C:\Users\hallam\Work\scratch\standard\Output\MSHelpViewer\icons\pubclass.gif
C:\Program Files (x86)\EWSoftware\Sandcastle Help File Builder\PresentationStyles\VS2013\icons\pubdelegate.gif -&gt; C:\Users\hallam\Work\scratch\standard\Output\MSHelpViewer\icons\pubdelegate.gif
C:\Program Files (x86)\EWSoftware\Sandcastle Help File Builder\PresentationStyles\VS2013\icons\pubenumeration.gif -&gt; C:\Users\hallam\Work\scratch\standard\Output\MSHelpViewer\icons\pubenumeration.gif
C:\Program Files (x86)\EWSoftware\Sandcastle Help File Builder\PresentationStyles\VS2013\icons\pubevent.gif -&gt; C:\Users\hallam\Work\scratch\standard\Output\MSHelpViewer\icons\pubevent.gif
C:\Program Files (x86)\EWSoftware\Sandcastle Help File Builder\PresentationStyles\VS2013\icons\pubextension.gif -&gt; C:\Users\hallam\Work\scratch\standard\Output\MSHelpViewer\icons\pubextension.gif
C:\Program Files (x86)\EWSoftware\Sandcastle Help File Builder\PresentationStyles\VS2013\icons\pubfield.gif -&gt; C:\Users\hallam\Work\scratch\standard\Output\MSHelpViewer\icons\pubfield.gif
C:\Program Files (x86)\EWSoftware\Sandcastle Help File Builder\PresentationStyles\VS2013\icons\pubinterface.gif -&gt; C:\Users\hallam\Work\scratch\standard\Output\MSHelpViewer\icons\pubinterface.gif
C:\Program Files (x86)\EWSoftware\Sandcastle Help File Builder\PresentationStyles\VS2013\icons\pubmethod.gif -&gt; C:\Users\hallam\Work\scratch\standard\Output\MSHelpViewer\icons\pubmethod.gif
C:\Program Files (x86)\EWSoftware\Sandcastle Help File Builder\PresentationStyles\VS2013\icons\puboperator.gif -&gt; C:\Users\hallam\Work\scratch\standard\Output\MSHelpViewer\icons\puboperator.gif
C:\Program Files (x86)\EWSoftware\Sandcastle Help File Builder\PresentationStyles\VS2013\icons\pubproperty.gif -&gt; C:\Users\hallam\Work\scratch\standard\Output\MSHelpViewer\icons\pubproperty.gif
C:\Program Files (x86)\EWSoftware\Sandcastle Help File Builder\PresentationStyles\VS2013\icons\pubstructure.gif -&gt; C:\Users\hallam\Work\scratch\standard\Output\MSHelpViewer\icons\pubstructure.gif
C:\Program Files (x86)\EWSoftware\Sandcastle Help File Builder\PresentationStyles\VS2013\icons\SectionCollapsed.png -&gt; C:\Users\hallam\Work\scratch\standard\Output\MSHelpViewer\icons\SectionCollapsed.png
C:\Program Files (x86)\EWSoftware\Sandcastle Help File Builder\PresentationStyles\VS2013\icons\SectionExpanded.png -&gt; C:\Users\hallam\Work\scratch\standard\Output\MSHelpViewer\icons\SectionExpanded.png
C:\Program Files (x86)\EWSoftware\Sandcastle Help File Builder\PresentationStyles\VS2013\icons\slMobile.gif -&gt; C:\Users\hallam\Work\scratch\standard\Output\MSHelpViewer\icons\slMobile.gif
C:\Program Files (x86)\EWSoftware\Sandcastle Help File Builder\PresentationStyles\VS2013\icons\static.gif -&gt; C:\Users\hallam\Work\scratch\standard\Output\MSHelpViewer\icons\static.gif
C:\Program Files (x86)\EWSoftware\Sandcastle Help File Builder\PresentationStyles\VS2013\icons\xna.gif -&gt; C:\Users\hallam\Work\scratch\standard\Output\MSHelpViewer\icons\xna.gif
C:\Program Files (x86)\EWSoftware\Sandcastle Help File Builder\PresentationStyles\VS2013\scripts\branding.js -&gt; C:\Users\hallam\Work\scratch\standard\Output\MSHelpViewer\scripts\branding.js
C:\Program Files (x86)\EWSoftware\Sandcastle Help File Builder\PresentationStyles\VS2013\styles\branding-cs-CZ.css -&gt; C:\Users\hallam\Work\scratch\standard\Output\MSHelpViewer\styles\branding-cs-CZ.css
C:\Program Files (x86)\EWSoftware\Sandcastle Help File Builder\PresentationStyles\VS2013\styles\branding-de-DE.css -&gt; C:\Users\hallam\Work\scratch\standard\Output\MSHelpViewer\styles\branding-de-DE.css
C:\Program Files (x86)\EWSoftware\Sandcastle Help File Builder\PresentationStyles\VS2013\styles\branding-en-US.css -&gt; C:\Users\hallam\Work\scratch\standard\Output\MSHelpViewer\styles\branding-en-US.css
C:\Program Files (x86)\EWSoftware\Sandcastle Help File Builder\PresentationStyles\VS2013\styles\branding-es-ES.css -&gt; C:\Users\hallam\Work\scratch\standard\Output\MSHelpViewer\styles\branding-es-ES.css
C:\Program Files (x86)\EWSoftware\Sandcastle Help File Builder\PresentationStyles\VS2013\styles\branding-fr-FR.css -&gt; C:\Users\hallam\Work\scratch\standard\Output\MSHelpViewer\styles\branding-fr-FR.css
C:\Program Files (x86)\EWSoftware\Sandcastle Help File Builder\PresentationStyles\VS2013\styles\branding-Help1.css -&gt; C:\Users\hallam\Work\scratch\standard\Output\MSHelpViewer\styles\branding-Help1.css
C:\Program Files (x86)\EWSoftware\Sandcastle Help File Builder\PresentationStyles\VS2013\styles\branding-HelpViewer.css -&gt; C:\Users\hallam\Work\scratch\standard\Output\MSHelpViewer\styles\branding-HelpViewer.css
C:\Program Files (x86)\EWSoftware\Sandcastle Help File Builder\PresentationStyles\VS2013\styles\branding-it-IT.css -&gt; C:\Users\hallam\Work\scratch\standard\Output\MSHelpViewer\styles\branding-it-IT.css
C:\Program Files (x86)\EWSoftware\Sandcastle Help File Builder\PresentationStyles\VS2013\styles\branding-ja-JP.css -&gt; C:\Users\hallam\Work\scratch\standard\Output\MSHelpViewer\styles\branding-ja-JP.css
C:\Program Files (x86)\EWSoftware\Sandcastle Help File Builder\PresentationStyles\VS2013\styles\branding-ko-KR.css -&gt; C:\Users\hallam\Work\scratch\standard\Output\MSHelpViewer\styles\branding-ko-KR.css
C:\Program Files (x86)\EWSoftware\Sandcastle Help File Builder\PresentationStyles\VS2013\styles\branding-pl-PL.css -&gt; C:\Users\hallam\Work\scratch\standard\Output\MSHelpViewer\styles\branding-pl-PL.css
C:\Program Files (x86)\EWSoftware\Sandcastle Help File Builder\PresentationStyles\VS2013\styles\branding-pt-BR.css -&gt; C:\Users\hallam\Work\scratch\standard\Output\MSHelpViewer\styles\branding-pt-BR.css
C:\Program Files (x86)\EWSoftware\Sandcastle Help File Builder\PresentationStyles\VS2013\styles\branding-ru-RU.css -&gt; C:\Users\hallam\Work\scratch\standard\Output\MSHelpViewer\styles\branding-ru-RU.css
C:\Program Files (x86)\EWSoftware\Sandcastle Help File Builder\PresentationStyles\VS2013\styles\branding-tr-TR.css -&gt; C:\Users\hallam\Work\scratch\standard\Output\MSHelpViewer\styles\branding-tr-TR.css
C:\Program Files (x86)\EWSoftware\Sandcastle Help File Builder\PresentationStyles\VS2013\styles\branding-Website.css -&gt; C:\Users\hallam\Work\scratch\standard\Output\MSHelpViewer\styles\branding-Website.css
C:\Program Files (x86)\EWSoftware\Sandcastle Help File Builder\PresentationStyles\VS2013\styles\branding-zh-CN.css -&gt; C:\Users\hallam\Work\scratch\standard\Output\MSHelpViewer\styles\branding-zh-CN.css
C:\Program Files (x86)\EWSoftware\Sandcastle Help File Builder\PresentationStyles\VS2013\styles\branding-zh-TW.css -&gt; C:\Users\hallam\Work\scratch\standard\Output\MSHelpViewer\styles\branding-zh-TW.css
C:\Program Files (x86)\EWSoftware\Sandcastle Help File Builder\PresentationStyles\VS2013\styles\branding.css -&gt; C:\Users\hallam\Work\scratch\standard\Output\MSHelpViewer\styles\branding.css
C:\Program Files (x86)\EWSoftware\Sandcastle Help File Builder\PresentationStyles\VS2013\icons\AlertCaution.png -&gt; C:\Users\hallam\Work\scratch\standard\Output\Website\icons\AlertCaution.png
C:\Program Files (x86)\EWSoftware\Sandcastle Help File Builder\PresentationStyles\VS2013\icons\AlertNote.png -&gt; C:\Users\hallam\Work\scratch\standard\Output\Website\icons\AlertNote.png
C:\Program Files (x86)\EWSoftware\Sandcastle Help File Builder\PresentationStyles\VS2013\icons\AlertSecurity.png -&gt; C:\Users\hallam\Work\scratch\standard\Output\Website\icons\AlertSecurity.png
C:\Program Files (x86)\EWSoftware\Sandcastle Help File Builder\PresentationStyles\VS2013\icons\CFW.gif -&gt; C:\Users\hallam\Work\scratch\standard\Output\Website\icons\CFW.gif
C:\Program Files (x86)\EWSoftware\Sandcastle Help File Builder\PresentationStyles\VS2013\icons\CodeExample.png -&gt; C:\Users\hallam\Work\scratch\standard\Output\Website\icons\CodeExample.png
C:\Program Files (x86)\EWSoftware\Sandcastle Help File Builder\PresentationStyles\VS2013\icons\favicon.ico -&gt; C:\Users\hallam\Work\scratch\standard\Output\Website\icons\favicon.ico
C:\Program Files (x86)\EWSoftware\Sandcastle Help File Builder\PresentationStyles\VS2013\icons\privclass.gif -&gt; C:\Users\hallam\Work\scratch\standard\Output\Website\icons\privclass.gif
C:\Program Files (x86)\EWSoftware\Sandcastle Help File Builder\PresentationStyles\VS2013\icons\privdelegate.gif -&gt; C:\Users\hallam\Work\scratch\standard\Output\Website\icons\privdelegate.gif
C:\Program Files (x86)\EWSoftware\Sandcastle Help File Builder\PresentationStyles\VS2013\icons\privenumeration.gif -&gt; C:\Users\hallam\Work\scratch\standard\Output\Website\icons\privenumeration.gif
C:\Program Files (x86)\EWSoftware\Sandcastle Help File Builder\PresentationStyles\VS2013\icons\privevent.gif -&gt; C:\Users\hallam\Work\scratch\standard\Output\Website\icons\privevent.gif
C:\Program Files (x86)\EWSoftware\Sandcastle Help File Builder\PresentationStyles\VS2013\icons\privextension.gif -&gt; C:\Users\hallam\Work\scratch\standard\Output\Website\icons\privextension.gif
C:\Program Files (x86)\EWSoftware\Sandcastle Help File Builder\PresentationStyles\VS2013\icons\privfield.gif -&gt; C:\Users\hallam\Work\scratch\standard\Output\Website\icons\privfield.gif
C:\Program Files (x86)\EWSoftware\Sandcastle Help File Builder\PresentationStyles\VS2013\icons\privinterface.gif -&gt; C:\Users\hallam\Work\scratch\standard\Output\Website\icons\privinterface.gif
C:\Program Files (x86)\EWSoftware\Sandcastle Help File Builder\PresentationStyles\VS2013\icons\privmethod.gif -&gt; C:\Users\hallam\Work\scratch\standard\Output\Website\icons\privmethod.gif
C:\Program Files (x86)\EWSoftware\Sandcastle Help File Builder\PresentationStyles\VS2013\icons\privproperty.gif -&gt; C:\Users\hallam\Work\scratch\standard\Output\Website\icons\privproperty.gif
C:\Program Files (x86)\EWSoftware\Sandcastle Help File Builder\PresentationStyles\VS2013\icons\privstructure.gif -&gt; C:\Users\hallam\Work\scratch\standard\Output\Website\icons\privstructure.gif
C:\Program Files (x86)\EWSoftware\Sandcastle Help File Builder\PresentationStyles\VS2013\icons\protclass.gif -&gt; C:\Users\hallam\Work\scratch\standard\Output\Website\icons\protclass.gif
C:\Program Files (x86)\EWSoftware\Sandcastle Help File Builder\PresentationStyles\VS2013\icons\protdelegate.gif -&gt; C:\Users\hallam\Work\scratch\standard\Output\Website\icons\protdelegate.gif
C:\Program Files (x86)\EWSoftware\Sandcastle Help File Builder\PresentationStyles\VS2013\icons\protenumeration.gif -&gt; C:\Users\hallam\Work\scratch\standard\Output\Website\icons\protenumeration.gif
C:\Program Files (x86)\EWSoftware\Sandcastle Help File Builder\PresentationStyles\VS2013\icons\protevent.gif -&gt; C:\Users\hallam\Work\scratch\standard\Output\Website\icons\protevent.gif
C:\Program Files (x86)\EWSoftware\Sandcastle Help File Builder\PresentationStyles\VS2013\icons\protextension.gif -&gt; C:\Users\hallam\Work\scratch\standard\Output\Website\icons\protextension.gif
C:\Program Files (x86)\EWSoftware\Sandcastle Help File Builder\PresentationStyles\VS2013\icons\protfield.gif -&gt; C:\Users\hallam\Work\scratch\standard\Output\Website\icons\protfield.gif
C:\Program Files (x86)\EWSoftware\Sandcastle Help File Builder\PresentationStyles\VS2013\icons\protinterface.gif -&gt; C:\Users\hallam\Work\scratch\standard\Output\Website\icons\protinterface.gif
C:\Program Files (x86)\EWSoftware\Sandcastle Help File Builder\PresentationStyles\VS2013\icons\protmethod.gif -&gt; C:\Users\hallam\Work\scratch\standard\Output\Website\icons\protmethod.gif
C:\Program Files (x86)\EWSoftware\Sandcastle Help File Builder\PresentationStyles\VS2013\icons\protoperator.gif -&gt; C:\Users\hallam\Work\scratch\standard\Output\Website\icons\protoperator.gif
C:\Program Files (x86)\EWSoftware\Sandcastle Help File Builder\PresentationStyles\VS2013\icons\protproperty.gif -&gt; C:\Users\hallam\Work\scratch\standard\Output\Website\icons\protproperty.gif
C:\Program Files (x86)\EWSoftware\Sandcastle Help File Builder\PresentationStyles\VS2013\icons\protstructure.gif -&gt; C:\Users\hallam\Work\scratch\standard\Output\Website\icons\protstructure.gif
C:\Program Files (x86)\EWSoftware\Sandcastle Help File Builder\PresentationStyles\VS2013\icons\pubclass.gif -&gt; C:\Users\hallam\Work\scratch\standard\Output\Website\icons\pubclass.gif
C:\Program Files (x86)\EWSoftware\Sandcastle Help File Builder\PresentationStyles\VS2013\icons\pubdelegate.gif -&gt; C:\Users\hallam\Work\scratch\standard\Output\Website\icons\pubdelegate.gif
C:\Program Files (x86)\EWSoftware\Sandcastle Help File Builder\PresentationStyles\VS2013\icons\pubenumeration.gif -&gt; C:\Users\hallam\Work\scratch\standard\Output\Website\icons\pubenumeration.gif
C:\Program Files (x86)\EWSoftware\Sandcastle Help File Builder\PresentationStyles\VS2013\icons\pubevent.gif -&gt; C:\Users\hallam\Work\scratch\standard\Output\Website\icons\pubevent.gif
C:\Program Files (x86)\EWSoftware\Sandcastle Help File Builder\PresentationStyles\VS2013\icons\pubextension.gif -&gt; C:\Users\hallam\Work\scratch\standard\Output\Website\icons\pubextension.gif
C:\Program Files (x86)\EWSoftware\Sandcastle Help File Builder\PresentationStyles\VS2013\icons\pubfield.gif -&gt; C:\Users\hallam\Work\scratch\standard\Output\Website\icons\pubfield.gif
C:\Program Files (x86)\EWSoftware\Sandcastle Help File Builder\PresentationStyles\VS2013\icons\pubinterface.gif -&gt; C:\Users\hallam\Work\scratch\standard\Output\Website\icons\pubinterface.gif
C:\Program Files (x86)\EWSoftware\Sandcastle Help File Builder\PresentationStyles\VS2013\icons\pubmethod.gif -&gt; C:\Users\hallam\Work\scratch\standard\Output\Website\icons\pubmethod.gif
C:\Program Files (x86)\EWSoftware\Sandcastle Help File Builder\PresentationStyles\VS2013\icons\puboperator.gif -&gt; C:\Users\hallam\Work\scratch\standard\Output\Website\icons\puboperator.gif
C:\Program Files (x86)\EWSoftware\Sandcastle Help File Builder\PresentationStyles\VS2013\icons\pubproperty.gif -&gt; C:\Users\hallam\Work\scratch\standard\Output\Website\icons\pubproperty.gif
C:\Program Files (x86)\EWSoftware\Sandcastle Help File Builder\PresentationStyles\VS2013\icons\pubstructure.gif -&gt; C:\Users\hallam\Work\scratch\standard\Output\Website\icons\pubstructure.gif
C:\Program Files (x86)\EWSoftware\Sandcastle Help File Builder\PresentationStyles\VS2013\icons\SectionCollapsed.png -&gt; C:\Users\hallam\Work\scratch\standard\Output\Website\icons\SectionCollapsed.png
C:\Program Files (x86)\EWSoftware\Sandcastle Help File Builder\PresentationStyles\VS2013\icons\SectionExpanded.png -&gt; C:\Users\hallam\Work\scratch\standard\Output\Website\icons\SectionExpanded.png
C:\Program Files (x86)\EWSoftware\Sandcastle Help File Builder\PresentationStyles\VS2013\icons\slMobile.gif -&gt; C:\Users\hallam\Work\scratch\standard\Output\Website\icons\slMobile.gif
C:\Program Files (x86)\EWSoftware\Sandcastle Help File Builder\PresentationStyles\VS2013\icons\static.gif -&gt; C:\Users\hallam\Work\scratch\standard\Output\Website\icons\static.gif
C:\Program Files (x86)\EWSoftware\Sandcastle Help File Builder\PresentationStyles\VS2013\icons\xna.gif -&gt; C:\Users\hallam\Work\scratch\standard\Output\Website\icons\xna.gif
C:\Program Files (x86)\EWSoftware\Sandcastle Help File Builder\PresentationStyles\VS2013\scripts\branding.js -&gt; C:\Users\hallam\Work\scratch\standard\Output\Website\scripts\branding.js
C:\Program Files (x86)\EWSoftware\Sandcastle Help File Builder\PresentationStyles\VS2013\styles\branding-cs-CZ.css -&gt; C:\Users\hallam\Work\scratch\standard\Output\Website\styles\branding-cs-CZ.css
C:\Program Files (x86)\EWSoftware\Sandcastle Help File Builder\PresentationStyles\VS2013\styles\branding-de-DE.css -&gt; C:\Users\hallam\Work\scratch\standard\Output\Website\styles\branding-de-DE.css
C:\Program Files (x86)\EWSoftware\Sandcastle Help File Builder\PresentationStyles\VS2013\styles\branding-en-US.css -&gt; C:\Users\hallam\Work\scratch\standard\Output\Website\styles\branding-en-US.css
C:\Program Files (x86)\EWSoftware\Sandcastle Help File Builder\PresentationStyles\VS2013\styles\branding-es-ES.css -&gt; C:\Users\hallam\Work\scratch\standard\Output\Website\styles\branding-es-ES.css
C:\Program Files (x86)\EWSoftware\Sandcastle Help File Builder\PresentationStyles\VS2013\styles\branding-fr-FR.css -&gt; C:\Users\hallam\Work\scratch\standard\Output\Website\styles\branding-fr-FR.css
C:\Program Files (x86)\EWSoftware\Sandcastle Help File Builder\PresentationStyles\VS2013\styles\branding-Help1.css -&gt; C:\Users\hallam\Work\scratch\standard\Output\Website\styles\branding-Help1.css
C:\Program Files (x86)\EWSoftware\Sandcastle Help File Builder\PresentationStyles\VS2013\styles\branding-HelpViewer.css -&gt; C:\Users\hallam\Work\scratch\standard\Output\Website\styles\branding-HelpViewer.css
C:\Program Files (x86)\EWSoftware\Sandcastle Help File Builder\PresentationStyles\VS2013\styles\branding-it-IT.css -&gt; C:\Users\hallam\Work\scratch\standard\Output\Website\styles\branding-it-IT.css
C:\Program Files (x86)\EWSoftware\Sandcastle Help File Builder\PresentationStyles\VS2013\styles\branding-ja-JP.css -&gt; C:\Users\hallam\Work\scratch\standard\Output\Website\styles\branding-ja-JP.css
C:\Program Files (x86)\EWSoftware\Sandcastle Help File Builder\PresentationStyles\VS2013\styles\branding-ko-KR.css -&gt; C:\Users\hallam\Work\scratch\standard\Output\Website\styles\branding-ko-KR.css
C:\Program Files (x86)\EWSoftware\Sandcastle Help File Builder\PresentationStyles\VS2013\styles\branding-pl-PL.css -&gt; C:\Users\hallam\Work\scratch\standard\Output\Website\styles\branding-pl-PL.css
C:\Program Files (x86)\EWSoftware\Sandcastle Help File Builder\PresentationStyles\VS2013\styles\branding-pt-BR.css -&gt; C:\Users\hallam\Work\scratch\standard\Output\Website\styles\branding-pt-BR.css
C:\Program Files (x86)\EWSoftware\Sandcastle Help File Builder\PresentationStyles\VS2013\styles\branding-ru-RU.css -&gt; C:\Users\hallam\Work\scratch\standard\Output\Website\styles\branding-ru-RU.css
C:\Program Files (x86)\EWSoftware\Sandcastle Help File Builder\PresentationStyles\VS2013\styles\branding-tr-TR.css -&gt; C:\Users\hallam\Work\scratch\standard\Output\Website\styles\branding-tr-TR.css
C:\Program Files (x86)\EWSoftware\Sandcastle Help File Builder\PresentationStyles\VS2013\styles\branding-Website.css -&gt; C:\Users\hallam\Work\scratch\standard\Output\Website\styles\branding-Website.css
C:\Program Files (x86)\EWSoftware\Sandcastle Help File Builder\PresentationStyles\VS2013\styles\branding-zh-CN.css -&gt; C:\Users\hallam\Work\scratch\standard\Output\Website\styles\branding-zh-CN.css
C:\Program Files (x86)\EWSoftware\Sandcastle Help File Builder\PresentationStyles\VS2013\styles\branding-zh-TW.css -&gt; C:\Users\hallam\Work\scratch\standard\Output\Website\styles\branding-zh-TW.css
C:\Program Files (x86)\EWSoftware\Sandcastle Help File Builder\PresentationStyles\VS2013\styles\branding.css -&gt; C:\Users\hallam\Work\scratch\standard\Output\Website\styles\branding.css
C:\Program Files (x86)\EWSoftware\Sandcastle Help File Builder\PresentationStyles\VS2013\Web\index.html -&gt; C:\Users\hallam\Work\scratch\standard\Output\Website\index.html
C:\Program Files (x86)\EWSoftware\Sandcastle Help File Builder\PresentationStyles\VS2013\Web\search.html -&gt; C:\Users\hallam\Work\scratch\standard\Output\Website\search.html
C:\Program Files (x86)\EWSoftware\Sandcastle Help File Builder\PresentationStyles\VS2013\Web\SearchHelp.aspx -&gt; C:\Users\hallam\Work\scratch\standard\Output\Website\SearchHelp.aspx
C:\Program Files (x86)\EWSoftware\Sandcastle Help File Builder\PresentationStyles\VS2013\Web\SearchHelp.inc.php -&gt; C:\Users\hallam\Work\scratch\standard\Output\Website\SearchHelp.inc.php
C:\Program Files (x86)\EWSoftware\Sandcastle Help File Builder\PresentationStyles\VS2013\Web\SearchHelp.php -&gt; C:\Users\hallam\Work\scratch\standard\Output\Website\SearchHelp.php
C:\Program Files (x86)\EWSoftware\Sandcastle Help File Builder\PresentationStyles\VS2013\Web\Web.Config -&gt; C:\Users\hallam\Work\scratch\standard\Output\Website\Web.Config
C:\Program Files (x86)\EWSoftware\Sandcastle Help File Builder\PresentationStyles\VS2013\Web\html\GeneralError.htm -&gt; C:\Users\hallam\Work\scratch\standard\Output\Website\html\GeneralError.htm
C:\Program Files (x86)\EWSoftware\Sandcastle Help File Builder\PresentationStyles\VS2013\Web\html\PageNotFound.htm -&gt; C:\Users\hallam\Work\scratch\standard\Output\Website\html\PageNotFound.htm
C:\Program Files (x86)\EWSoftware\Sandcastle Help File Builder\PresentationStyles\VS2013\Web\icons\Search.png -&gt; C:\Users\hallam\Work\scratch\standard\Output\Website\icons\Search.png
C:\Program Files (x86)\EWSoftware\Sandcastle Help File Builder\PresentationStyles\VS2013\Web\icons\TocClose.gif -&gt; C:\Users\hallam\Work\scratch\standard\Output\Website\icons\TocClose.gif
C:\Program Files (x86)\EWSoftware\Sandcastle Help File Builder\PresentationStyles\VS2013\Web\icons\TocCollapsed.gif -&gt; C:\Users\hallam\Work\scratch\standard\Output\Website\icons\TocCollapsed.gif
C:\Program Files (x86)\EWSoftware\Sandcastle Help File Builder\PresentationStyles\VS2013\Web\icons\TocExpanded.gif -&gt; C:\Users\hallam\Work\scratch\standard\Output\Website\icons\TocExpanded.gif
C:\Program Files (x86)\EWSoftware\Sandcastle Help File Builder\PresentationStyles\VS2013\Web\icons\TocOpen.gif -&gt; C:\Users\hallam\Work\scratch\standard\Output\Website\icons\TocOpen.gif
C:\Program Files (x86)\EWSoftware\Sandcastle Help File Builder\PresentationStyles\VS2013\Web\scripts\branding-Website.js -&gt; C:\Users\hallam\Work\scratch\standard\Output\Website\scripts\branding-Website.js
C:\Program Files (x86)\EWSoftware\Sandcastle Help File Builder\PresentationStyles\VS2013\Web\scripts\clipboard.min.js -&gt; C:\Users\hallam\Work\scratch\standard\Output\Website\scripts\clipboard.min.js
C:\Program Files (x86)\EWSoftware\Sandcastle Help File Builder\PresentationStyles\VS2013\Web\scripts\jquery-1.11.0.min.js -&gt; C:\Users\hallam\Work\scratch\standard\Output\Website\scripts\jquery-1.11.0.min.js
    Last step completed in 00:00:01.0651
</buildStep>
<buildStep step="GenerateHelpFormatTableOfContents">
Generating HTML Help 1 table of contents file...
    Last step completed in 00:00:00.0000
</buildStep>
<buildStep step="GenerateHelpFileIndex">
Generating HTML Help 1 index file...
    Last step completed in 00:00:00.0000
</buildStep>
<buildStep step="GenerateHelpProject">
Generating HTML Help 1 project file...
    Last step completed in 00:00:00.0490
</buildStep>
<buildStep step="CompilingHelpFile">
Compiling HTML Help 1 file...
[C:\Program Files (x86)\Microsoft Visual Studio\2017\Community\MSBuild\15.0\Bin\MSBuild.exe - Build1xHelpFile.proj]
  Microsoft HTML Help Compiler 4.74.8702
  
  
  
  Compiling c:\Users\hallam\Work\scratch\standard\Output\HtmlHelp1\GoedelPortable.chm
  
  
  
  
  
  Compile time: 0 minutes, 25 seconds
  
  6,035	Topics
  
  75,688	Local links
  
  20,427	Internet links
  
  0	Graphics
  
  
  
  
  
  Created c:\Users\hallam\Work\scratch\standard\Output\HtmlHelp1\GoedelPortable.chm, 8,270,446 bytes
  
  Compression decreased file by 49,600,942 bytes.
  
    Last step completed in 00:00:25.8612
</buildStep>
<buildStep step="GenerateHelpFormatTableOfContents">
Executing informational Generate Table of Contents build step for plug-ins (not used for MS Help Viewer)
    Last step completed in 00:00:00.0010
</buildStep>
<buildStep step="GenerateHelpProject">
Executing informational Generate Help Project build step for plug-ins (not used for MS Help Viewer)
    Last step completed in 00:00:00.0010
</buildStep>
<buildStep step="CompilingHelpFile">
Generating MS Help Viewer file...
[C:\Program Files (x86)\Microsoft Visual Studio\2017\Community\MSBuild\15.0\Bin\MSBuild.exe - BuildHelpViewerFile.proj]
  Compressing help content files...
  500 items added
  1000 items added
  1500 items added
  2000 items added
  2500 items added
  3000 items added
  3500 items added
  4000 items added
  4500 items added
  5000 items added
  5500 items added
  6000 items added
  Compression finished.  6104 items added
  Saving C:\Users\hallam\Work\WebPublish\PrismProof\code\standard\GoedelPortable.mshc...
  Saved 500 of 6104 items
  Saved 1000 of 6104 items
  Saved 1500 of 6104 items
  Saved 2000 of 6104 items
  Saved 2500 of 6104 items
  Saved 3000 of 6104 items
  Saved 3500 of 6104 items
  Saved 4000 of 6104 items
  Saved 4500 of 6104 items
  Saved 5000 of 6104 items
  Saved 5500 of 6104 items
  Saved 6000 of 6104 items
  Finished saving C:\Users\hallam\Work\WebPublish\PrismProof\code\standard\GoedelPortable.mshc
  Compressed 5 folders, 6099 files.  Reduced size by 44,797,339 bytes (76%).
    Last step completed in 00:00:04.1710
</buildStep>
<buildStep step="GenerateHelpFormatTableOfContents">
Generating website table of contents file...
    Last step completed in 00:00:00.0005
</buildStep>
<buildStep step="GenerateFullTextIndex">
Generating full-text index for the website...

<plugIn name="Lightweight Website Style" behavior="After" priority="1000">
Adding lightweight search and TOC elements to each topic...
</plugIn>    Last step completed in 00:00:06.1173
</buildStep>
<buildStep step="CopyingWebsiteFiles">
Copying website files to output folder...

Copied 500 files
Copied 1000 files
Copied 1500 files
Copied 2000 files
Copied 2500 files
Copied 3000 files
Copied 3500 files
Copied 4000 files
Copied 4500 files
Copied 5000 files
Copied 5500 files
Copied 6000 files
Copied 6500 files
Copied 7000 files
Copied 7500 files
Copied 7760 files for the website content
    Last step completed in 00:00:13.9947
</buildStep>
<buildStep step="CleanIntermediates">
Removing intermediate files...
    Last step completed in 00:00:08.3934
</buildStep>
<buildStep step="Completed">

Build completed successfully at 10/23/2017 11:36:43 PM.  Total time: 00:02:53.3313

</buildStep>
</shfbBuild>
